Running CFS experiments...
Output Directory: /tmp/ghost_data/2023-11-11 02:00:19
{"throughputs": [10000, 20000, 30000, 40000, 50000, 51000, 52000, 53000, 54000, 55000, 56000, 57000, 58000, 59000, 60000, 61000, 62000, 63000, 64000, 65000, 66000, 67000, 68000, 69000, 70000, 71000, 72000, 73000, 74000, 75000, 76000, 77000, 78000, 79000, 80000], "output_prefix": "/tmp/ghost_data/2023-11-11 02:00:19", "binaries": {"rocksdb": "/dev/shm/rocksdb", "antagonist": "/dev/shm/antagonist", "ghost": "/dev/shm/agent_shinjuku"}, "rocksdb": {"print_format": "pretty", "print_distribution": false, "print_ns": false, "print_get": true, "print_range": true, "rocksdb_db_path": "/dev/shm/orch_db", "throughput": 20000, "range_query_ratio": 0.02, "load_generator_cpus": 10, "cfs_dispatcher_cpus": 11, "num_workers": 6, "worker_cpus": [12, 13, 14, 15, 16, 17], "cfs_wait_type": "spin", "ghost_wait_type": "prio_table", "get_duration": "10us", "range_duration": "5000us", "get_exponential_mean": "0us", "batch": 1, "experiment_duration": "15s", "discard_duration": "2s", "scheduler": "cfs", "ghost_qos": 2}, "antagonist": null, "ghost": null}
Running experiment for throughput = 10000 req/s:
['/dev/shm/rocksdb', '--print_format', 'pretty', '--noprint_distribution', '', '--noprint_ns', '', '--print_get', '', '--print_range', '', '--rocksdb_db_path', '/dev/shm/orch_db', '--throughput', '20000', '--range_query_ratio', '0.02', '--load_generator_cpus', '10', '--cfs_dispatcher_cpus', '11', '--num_workers', '6', '--worker_cpus', '12,13,14,15,16,17', '--cfs_wait_type', 'spin', '--ghost_wait_type', 'prio_table', '--get_duration', '10us', '--range_duration', '5000us', '--get_exponential_mean', '0us', '--batch', '1', '--experiment_duration', '15s', '--discard_duration', '2s', '--scheduler', 'cfs', '--ghost_qos', '2', '--throughput', '10000']
RocksDB Stats:
Get:
Stage                        Total Requests     Throughput (req/s)     Min (us)     50% (us)     99% (us)     99.5% (us)   99.9% (us)   Max (us)
----------------------------------------------------------------------------------------------------------------------------------------------------
Ingress Queue Time           127700             9825                   0            0            11467        13005        15968        18772
Repeatable Handle Time       127700             9825                   0            0            318          449          5167         17979
Worker Queue Time            127700             9825                   0            0            1            12           384          18378
Worker Handle Time           127700             9825                   10           11           16           27           59           801
Total                        127700             9825                   11           12           11709        13195        16146        21536
Range:
Stage                        Total Requests     Throughput (req/s)     Min (us)     50% (us)     99% (us)     99.5% (us)   99.9% (us)   Max (us)
----------------------------------------------------------------------------------------------------------------------------------------------------
Ingress Queue Time           2542               195                    0            0            10863        11856        14307        16901
Repeatable Handle Time       2542               195                    0            0            298          356          486          1130
Worker Queue Time            2542               195                    0            0            1            11           58           306
Worker Handle Time           2542               195                    5001         5001         5468         5708         10584        31445
Total                        2542               195                    5001         5002         16281        17763        19959        31445
All:
Stage                        Total Requests     Throughput (req/s)     Min (us)     50% (us)     99% (us)     99.5% (us)   99.9% (us)   Max (us)
----------------------------------------------------------------------------------------------------------------------------------------------------
Ingress Queue Time           130242             10020                  0            0            11451        12997        15922        18772
Repeatable Handle Time       130242             10020                  0            0            317          446          5161         17979
Worker Queue Time            130242             10020                  0            0            1            12           379          18378
Worker Handle Time           130242             10020                  10           11           5001         5001         5020         31445
Total                        130242             10020                  11           12           11802        13277        16466        31445
Running experiment for throughput = 20000 req/s:
['/dev/shm/rocksdb', '--print_format', 'pretty', '--noprint_distribution', '', '--noprint_ns', '', '--print_get', '', '--print_range', '', '--rocksdb_db_path', '/dev/shm/orch_db', '--throughput', '20000', '--range_query_ratio', '0.02', '--load_generator_cpus', '10', '--cfs_dispatcher_cpus', '11', '--num_workers', '6', '--worker_cpus', '12,13,14,15,16,17', '--cfs_wait_type', 'spin', '--ghost_wait_type', 'prio_table', '--get_duration', '10us', '--range_duration', '5000us', '--get_exponential_mean', '0us', '--batch', '1', '--experiment_duration', '15s', '--discard_duration', '2s', '--scheduler', 'cfs', '--ghost_qos', '2', '--throughput', '20000']
RocksDB Stats:
Get:
Stage                        Total Requests     Throughput (req/s)     Min (us)     50% (us)     99% (us)     99.5% (us)   99.9% (us)   Max (us)
----------------------------------------------------------------------------------------------------------------------------------------------------
Ingress Queue Time           254474             19578                  0            0            10093        12267        15412        18019
Repeatable Handle Time       254474             19578                  0            0            3979         5341         9023         18027
Worker Queue Time            254474             19578                  0            0            1            7            526          2885
Worker Handle Time           254474             19578                  10           11           15           22           56           11837
Total                        254474             19578                  11           12           10997        12867        16092        18656
Range:
Stage                        Total Requests     Throughput (req/s)     Min (us)     50% (us)     99% (us)     99.5% (us)   99.9% (us)   Max (us)
----------------------------------------------------------------------------------------------------------------------------------------------------
Ingress Queue Time           5136               395                    0            0            10164        12354        15289        17998
Repeatable Handle Time       5136               395                    0            0            3896         5363         6384         13067
Worker Queue Time            5136               395                    0            0            1            4            518          744
Worker Handle Time           5136               395                    5001         5001         5085         5423         5771         20950
Total                        5136               395                    5001         5002         16522        18301        21164        23041
All:
Stage                        Total Requests     Throughput (req/s)     Min (us)     50% (us)     99% (us)     99.5% (us)   99.9% (us)   Max (us)
----------------------------------------------------------------------------------------------------------------------------------------------------
Ingress Queue Time           259610             19974                  0            0            10094        12282        15412        18019
Repeatable Handle Time       259610             19974                  0            0            3978         5342         9023         18027
Worker Queue Time            259610             19974                  0            0            1            7            527          2885
Worker Handle Time           259610             19974                  10           11           5001         5001         5002         20950
Total                        259610             19974                  11           12           11144        13017        16536        23041
Running experiment for throughput = 30000 req/s:
['/dev/shm/rocksdb', '--print_format', 'pretty', '--noprint_distribution', '', '--noprint_ns', '', '--print_get', '', '--print_range', '', '--rocksdb_db_path', '/dev/shm/orch_db', '--throughput', '20000', '--range_query_ratio', '0.02', '--load_generator_cpus', '10', '--cfs_dispatcher_cpus', '11', '--num_workers', '6', '--worker_cpus', '12,13,14,15,16,17', '--cfs_wait_type', 'spin', '--ghost_wait_type', 'prio_table', '--get_duration', '10us', '--range_duration', '5000us', '--get_exponential_mean', '0us', '--batch', '1', '--experiment_duration', '15s', '--discard_duration', '2s', '--scheduler', 'cfs', '--ghost_qos', '2', '--throughput', '30000']
RocksDB Stats:
Get:
Stage                        Total Requests     Throughput (req/s)     Min (us)     50% (us)     99% (us)     99.5% (us)   99.9% (us)   Max (us)
----------------------------------------------------------------------------------------------------------------------------------------------------
Ingress Queue Time           382613             29437                  0            0            11440        13319        16687        18026
Repeatable Handle Time       382613             29437                  0            0            8014         10621        16348        22567
Worker Queue Time            382613             29437                  0            0            0            1            50           10171
Worker Handle Time           382613             29437                  10           11           13           18           42           3436
Total                        382613             29437                  11           12           13808        16435        22073        29697
Range:
Stage                        Total Requests     Throughput (req/s)     Min (us)     50% (us)     99% (us)     99.5% (us)   99.9% (us)   Max (us)
----------------------------------------------------------------------------------------------------------------------------------------------------
Ingress Queue Time           7866               605                    0            0            11759        13559        16778        17735
Repeatable Handle Time       7866               605                    0            0            7808         10123        16607        21767
Worker Queue Time            7866               605                    0            0            0            0            67           1264
Worker Handle Time           7866               605                    5001         5001         5720         5863         11068        27171
Total                        7866               605                    5001         5005         18964        21463        27568        30928
All:
Stage                        Total Requests     Throughput (req/s)     Min (us)     50% (us)     99% (us)     99.5% (us)   99.9% (us)   Max (us)
----------------------------------------------------------------------------------------------------------------------------------------------------
Ingress Queue Time           390479             30042                  0            0            11447        13322        16694        18026
Repeatable Handle Time       390479             30042                  0            0            8011         10613        16361        22567
Worker Queue Time            390479             30042                  0            0            0            1            50           10171
Worker Handle Time           390479             30042                  10           11           5001         5063         5355         27171
Total                        390479             30042                  11           12           13964        16611        22300        30928
Running experiment for throughput = 40000 req/s:
['/dev/shm/rocksdb', '--print_format', 'pretty', '--noprint_distribution', '', '--noprint_ns', '', '--print_get', '', '--print_range', '', '--rocksdb_db_path', '/dev/shm/orch_db', '--throughput', '20000', '--range_query_ratio', '0.02', '--load_generator_cpus', '10', '--cfs_dispatcher_cpus', '11', '--num_workers', '6', '--worker_cpus', '12,13,14,15,16,17', '--cfs_wait_type', 'spin', '--ghost_wait_type', 'prio_table', '--get_duration', '10us', '--range_duration', '5000us', '--get_exponential_mean', '0us', '--batch', '1', '--experiment_duration', '15s', '--discard_duration', '2s', '--scheduler', 'cfs', '--ghost_qos', '2', '--throughput', '40000']
RocksDB Stats:
Get:
Stage                        Total Requests     Throughput (req/s)     Min (us)     50% (us)     99% (us)     99.5% (us)   99.9% (us)   Max (us)
----------------------------------------------------------------------------------------------------------------------------------------------------
Ingress Queue Time           509176             39175                  0            0            9103         12683        18874        30000
Repeatable Handle Time       509176             39175                  0            19           13908        17189        20364        30156
Worker Queue Time            509176             39175                  0            0            0            0            26           9077
Worker Handle Time           509176             39175                  10           11           13           20           54           14102
Total                        509176             39175                  11           37           17179        19175        22767        30667
Range:
Stage                        Total Requests     Throughput (req/s)     Min (us)     50% (us)     99% (us)     99.5% (us)   99.9% (us)   Max (us)
----------------------------------------------------------------------------------------------------------------------------------------------------
Ingress Queue Time           10408              800                    0            0            9022         12378        16628        26465
Repeatable Handle Time       10408              800                    0            21           14167        17349        20125        21674
Worker Queue Time            10408              800                    0            0            0            0            33           1084
Worker Handle Time           10408              800                    5001         5001         5172         5521         7191         19754
Total                        10408              800                    5001         5053         21778        23711        26034        33221
All:
Stage                        Total Requests     Throughput (req/s)     Min (us)     50% (us)     99% (us)     99.5% (us)   99.9% (us)   Max (us)
----------------------------------------------------------------------------------------------------------------------------------------------------
Ingress Queue Time           519584             39976                  0            0            9099         12673        18847        30000
Repeatable Handle Time       519584             39976                  0            19           13912        17198        20363        30156
Worker Queue Time            519584             39976                  0            0            0            0            26           9077
Worker Handle Time           519584             39976                  10           11           5001         5001         5002         19754
Total                        519584             39976                  11           65           17320        19310        22998        33221
Running experiment for throughput = 50000 req/s:
