Running ghOSt experiments...
Output Directory: /tmp/ghost_data/2023-11-12 23:00:04
{"throughputs": [10000, 20000, 30000, 40000, 50000, 60000, 70000, 80000, 90000, 100000, 110000, 120000, 130000, 140000, 141000, 142000, 143000, 144000, 145000, 146000, 147000, 148000, 149000, 150000], "output_prefix": "/tmp/ghost_data/2023-11-12 23:00:04", "binaries": {"rocksdb": "/dev/shm/rocksdb", "antagonist": "/dev/shm/antagonist", "ghost": "/dev/shm/agent_shinjuku"}, "rocksdb": {"print_format": "pretty", "print_distribution": false, "print_ns": false, "print_get": true, "print_range": true, "rocksdb_db_path": "/dev/shm/orch_db", "throughput": 20000, "range_query_ratio": 0.1, "load_generator_cpus": 10, "cfs_dispatcher_cpus": 11, "num_workers": 200, "worker_cpus": [], "cfs_wait_type": "spin", "ghost_wait_type": "prio_table", "get_duration": "10us", "range_duration": "5000us", "get_exponential_mean": "0us", "batch": 1, "experiment_duration": "15s", "discard_duration": "2s", "scheduler": "ghost", "ghost_qos": 2}, "antagonist": null, "ghost": {"firstcpu": 11, "globalcpu": 11, "ncpus": 7, "preemption_time_slice": "30us"}}
Running experiment for throughput = 10000 req/s:
['/dev/shm/agent_shinjuku', '--firstcpu', '11', '--globalcpu', '11', '--ncpus', '7', '--preemption_time_slice', '30us']
['/dev/shm/rocksdb', '--print_format', 'pretty', '--noprint_distribution', '', '--noprint_ns', '', '--print_get', '', '--print_range', '', '--rocksdb_db_path', '/dev/shm/orch_db', '--throughput', '20000', '--range_query_ratio', '0.1', '--load_generator_cpus', '10', '--cfs_dispatcher_cpus', '11', '--num_workers', '200', '--worker_cpus', '', '--cfs_wait_type', 'spin', '--ghost_wait_type', 'prio_table', '--get_duration', '10us', '--range_duration', '5000us', '--get_exponential_mean', '0us', '--batch', '1', '--experiment_duration', '15s', '--discard_duration', '2s', '--scheduler', 'ghost', '--ghost_qos', '2', '--throughput', '10000']
RocksDB Stats:
Get:
Stage                        Total Requests     Throughput (req/s)     Min (us)     50% (us)     99% (us)     99.5% (us)   99.9% (us)   Max (us)
----------------------------------------------------------------------------------------------------------------------------------------------------
Ingress Queue Time           110566             8495                   46907        275256       653469       656976       660177       662860
Repeatable Handle Time       110566             8495                   0            0            2            2            3            22
Worker Queue Time            110566             8495                   0            0            215431       427449       1238768      5181646
Worker Handle Time           110566             8495                   11           12           105          455          2224         640853
Total                        110566             8495                   46920        290616       761717       847180       1510801      5549486
Range:
Stage                        Total Requests     Throughput (req/s)     Min (us)     50% (us)     99% (us)     99.5% (us)   99.9% (us)   Max (us)
----------------------------------------------------------------------------------------------------------------------------------------------------
Ingress Queue Time           12351              948                    46816        278296       651950       655889       659690       661823
Repeatable Handle Time       12351              948                    0            0            2            2            3            15
Worker Queue Time            12351              948                    0            0            213892       426481       1238943      5181124
Worker Handle Time           12351              948                    5001         10491        230273       650914       2155416      7668604
Total                        12351              948                    55788        310494       1034063      1538073      3748698      8337996
All:
Stage                        Total Requests     Throughput (req/s)     Min (us)     50% (us)     99% (us)     99.5% (us)   99.9% (us)   Max (us)
----------------------------------------------------------------------------------------------------------------------------------------------------
Ingress Queue Time           122917             9444                   46816        275467       653241       656887       660150       662860
Repeatable Handle Time       122917             9444                   0            0            2            2            3            22
Worker Queue Time            122917             9444                   0            0            214996       427323       1238943      5181646
Worker Handle Time           122917             9444                   11           12           18205        30161        231984       7668604
Total                        122917             9444                   46920        292211       776574       857733       1815653      8337996
Running experiment for throughput = 20000 req/s:
['/dev/shm/agent_shinjuku', '--firstcpu', '11', '--globalcpu', '11', '--ncpus', '7', '--preemption_time_slice', '30us']
['/dev/shm/rocksdb', '--print_format', 'pretty', '--noprint_distribution', '', '--noprint_ns', '', '--print_get', '', '--print_range', '', '--rocksdb_db_path', '/dev/shm/orch_db', '--throughput', '20000', '--range_query_ratio', '0.1', '--load_generator_cpus', '10', '--cfs_dispatcher_cpus', '11', '--num_workers', '200', '--worker_cpus', '', '--cfs_wait_type', 'spin', '--ghost_wait_type', 'prio_table', '--get_duration', '10us', '--range_duration', '5000us', '--get_exponential_mean', '0us', '--batch', '1', '--experiment_duration', '15s', '--discard_duration', '2s', '--scheduler', 'ghost', '--ghost_qos', '2', '--throughput', '20000']
RocksDB Stats:
Get:
Stage                        Total Requests     Throughput (req/s)     Min (us)     50% (us)     99% (us)     99.5% (us)   99.9% (us)   Max (us)
----------------------------------------------------------------------------------------------------------------------------------------------------
Ingress Queue Time           121519             9257                   1503637      3967423      6329763      6350918      6366245      6370261
Repeatable Handle Time       121519             9257                   0            0            2            2            3            826
Worker Queue Time            121519             9257                   0            0            210999       423152       1050019      5703596
Worker Handle Time           121519             9257                   11           12           114          385          2033         3629525
Total                        121519             9257                   1503661      3977777      6333759      6357468      6433010      9648821
Range:
Stage                        Total Requests     Throughput (req/s)     Min (us)     50% (us)     99% (us)     99.5% (us)   99.9% (us)   Max (us)
----------------------------------------------------------------------------------------------------------------------------------------------------
Ingress Queue Time           13438              1023                   1503625      3964487      6323884      6347722      6364737      6369189
Repeatable Handle Time       13438              1023                   0            0            2            2            3            8
Worker Queue Time            13438              1023                   0            0            210550       422275       1027234      5703568
Worker Handle Time           13438              1023                   5810         8400         216741       434657       1263168      5877284
Total                        13438              1023                   1511704      4000470      6350511      6373395      6836043      11943274
All:
Stage                        Total Requests     Throughput (req/s)     Min (us)     50% (us)     99% (us)     99.5% (us)   99.9% (us)   Max (us)
----------------------------------------------------------------------------------------------------------------------------------------------------
Ingress Queue Time           134957             10281                  1503625      3967315      6329574      6350844      6366222      6370261
Repeatable Handle Time       134957             10281                  0            0            2            2            3            826
Worker Queue Time            134957             10281                  0            0            210969       423125       1049733      5703596
Worker Handle Time           134957             10281                  11           12           14694        26560        217176       5877284
Total                        134957             10281                  1503661      3981732      6334354      6358081      6436226      11943274
Running experiment for throughput = 30000 req/s:
['/dev/shm/agent_shinjuku', '--firstcpu', '11', '--globalcpu', '11', '--ncpus', '7', '--preemption_time_slice', '30us']
['/dev/shm/rocksdb', '--print_format', 'pretty', '--noprint_distribution', '', '--noprint_ns', '', '--print_get', '', '--print_range', '', '--rocksdb_db_path', '/dev/shm/orch_db', '--throughput', '20000', '--range_query_ratio', '0.1', '--load_generator_cpus', '10', '--cfs_dispatcher_cpus', '11', '--num_workers', '200', '--worker_cpus', '', '--cfs_wait_type', 'spin', '--ghost_wait_type', 'prio_table', '--get_duration', '10us', '--range_duration', '5000us', '--get_exponential_mean', '0us', '--batch', '1', '--experiment_duration', '15s', '--discard_duration', '2s', '--scheduler', 'ghost', '--ghost_qos', '2', '--throughput', '30000']
RocksDB Stats:
Get:
Stage                        Total Requests     Throughput (req/s)     Min (us)     50% (us)     99% (us)     99.5% (us)   99.9% (us)   Max (us)
----------------------------------------------------------------------------------------------------------------------------------------------------
Ingress Queue Time           72802              5510                   4373638      7477819      10443155     10471874     10493037     10504893
Repeatable Handle Time       72802              5510                   0            0            2            2            3            67
Worker Queue Time            72802              5510                   0            0            210932       215074       855112       2765773
Worker Handle Time           72802              5510                   11           12           98           325          2094         422592
Total                        72802              5510                   4373650      7499023      10458572     10481468     10553603     10804321
Range:
Stage                        Total Requests     Throughput (req/s)     Min (us)     50% (us)     99% (us)     99.5% (us)   99.9% (us)   Max (us)
----------------------------------------------------------------------------------------------------------------------------------------------------
Ingress Queue Time           8400               635                    4373691      7455420      10444515     10474099     10499728     10504843
Repeatable Handle Time       8400               635                    0            0            2            2            3            11558
Worker Queue Time            8400               635                    0            0            211139       215639       2127958      2154699
Worker Handle Time           8400               635                    5426         10524        430445       1044736      2372781      7871224
Total                        8400               635                    4386519      7492019      10483170     10514007     11077460     13132650
All:
Stage                        Total Requests     Throughput (req/s)     Min (us)     50% (us)     99% (us)     99.5% (us)   99.9% (us)   Max (us)
----------------------------------------------------------------------------------------------------------------------------------------------------
Ingress Queue Time           81202              6146                   4373638      7475153      10443162     10471941     10496097     10504893
Repeatable Handle Time       81202              6146                   0            0            2            2            3            11558
Worker Queue Time            81202              6146                   0            0            210958       215168       855358       2765773
Worker Handle Time           81202              6146                   11           12           18921        38550        430754       7871224
Total                        81202              6146                   4373650      7497710      10462817     10482270     10557600     13132650
Running experiment for throughput = 40000 req/s:
['/dev/shm/agent_shinjuku', '--firstcpu', '11', '--globalcpu', '11', '--ncpus', '7', '--preemption_time_slice', '30us']
['/dev/shm/rocksdb', '--print_format', 'pretty', '--noprint_distribution', '', '--noprint_ns', '', '--print_get', '', '--print_range', '', '--rocksdb_db_path', '/dev/shm/orch_db', '--throughput', '20000', '--range_query_ratio', '0.1', '--load_generator_cpus', '10', '--cfs_dispatcher_cpus', '11', '--num_workers', '200', '--worker_cpus', '', '--cfs_wait_type', 'spin', '--ghost_wait_type', 'prio_table', '--get_duration', '10us', '--range_duration', '5000us', '--get_exponential_mean', '0us', '--batch', '1', '--experiment_duration', '15s', '--discard_duration', '2s', '--scheduler', 'ghost', '--ghost_qos', '2', '--throughput', '40000']
RocksDB Stats:
Get:
Stage                        Total Requests     Throughput (req/s)     Min (us)     50% (us)     99% (us)     99.5% (us)   99.9% (us)   Max (us)
----------------------------------------------------------------------------------------------------------------------------------------------------
Ingress Queue Time           87893              6646                   4863967      7862722      10726245     10754288     10780465     10781064
Repeatable Handle Time       87893              6646                   0            0            2            2            3            70
Worker Queue Time            87893              6646                   0            0            211972       421757       1042350      2574401
Worker Handle Time           87893              6646                   11           12           116          431          2285         215439
Total                        87893              6646                   4863979      7876372      10726263     10754305     10780495     10781084
Range:
Stage                        Total Requests     Throughput (req/s)     Min (us)     50% (us)     99% (us)     99.5% (us)   99.9% (us)   Max (us)
----------------------------------------------------------------------------------------------------------------------------------------------------
Ingress Queue Time           9690               732                    4864093      7828775      10723864     10754048     10777804     10781001
Repeatable Handle Time       9690               732                    0            0            2            2            3            15
Worker Queue Time            9690               732                    0            0            212000       327982       1041758      2574317
Worker Handle Time           9690               732                    6693         8243         217466       434421       1048716      3625358
Total                        9690               732                    4872156      7867978      10745659     10772474     11029720     11154622
All:
Stage                        Total Requests     Throughput (req/s)     Min (us)     50% (us)     99% (us)     99.5% (us)   99.9% (us)   Max (us)
----------------------------------------------------------------------------------------------------------------------------------------------------
Ingress Queue Time           97583              7379                   4863967      7860773      10726215     10754288     10780463     10781064
Repeatable Handle Time       97583              7379                   0            0            2            2            3            70
Worker Queue Time            97583              7379                   0            0            212000       421682       1041797      2574401
Worker Handle Time           97583              7379                   11           12           14449        23251        217466       3625358
Total                        97583              7379                   4863979      7876129      10728539     10756853     10780619     11154622
Running experiment for throughput = 50000 req/s:
['/dev/shm/agent_shinjuku', '--firstcpu', '11', '--globalcpu', '11', '--ncpus', '7', '--preemption_time_slice', '30us']
['/dev/shm/rocksdb', '--print_format', 'pretty', '--noprint_distribution', '', '--noprint_ns', '', '--print_get', '', '--print_range', '', '--rocksdb_db_path', '/dev/shm/orch_db', '--throughput', '20000', '--range_query_ratio', '0.1', '--load_generator_cpus', '10', '--cfs_dispatcher_cpus', '11', '--num_workers', '200', '--worker_cpus', '', '--cfs_wait_type', 'spin', '--ghost_wait_type', 'prio_table', '--get_duration', '10us', '--range_duration', '5000us', '--get_exponential_mean', '0us', '--batch', '1', '--experiment_duration', '15s', '--discard_duration', '2s', '--scheduler', 'ghost', '--ghost_qos', '2', '--throughput', '50000']
RocksDB Stats:
Get:
Stage                        Total Requests     Throughput (req/s)     Min (us)     50% (us)     99% (us)     99.5% (us)   99.9% (us)   Max (us)
----------------------------------------------------------------------------------------------------------------------------------------------------
Ingress Queue Time           41069              3112                   8302116      10235533     12237361     12257844     12281045     12281319
Repeatable Handle Time       41069              3112                   0            0            2            2            3            16
Worker Queue Time            41069              3112                   0            0            211678       214811       647112       1698963
Worker Handle Time           41069              3112                   11           12           113          443          3230         211097
Total                        41069              3112                   8302143      10240116     12242656     12269410     12303355     12312112
Range:
Stage                        Total Requests     Throughput (req/s)     Min (us)     50% (us)     99% (us)     99.5% (us)   99.9% (us)   Max (us)
----------------------------------------------------------------------------------------------------------------------------------------------------
Ingress Queue Time           4643               351                    8302298      10289069     12237329     12257016     12279155     12281057
Repeatable Handle Time       4643               351                    0            0            2            3            3            15
Worker Queue Time            4643               351                    0            0            211693       215127       859139       1696422
Worker Handle Time           4643               351                    5017         10680        223515       437249       2806598      3679661
Total                        4643               351                    8311731      10321547     12271755     12311193     12964543     13020207
All:
Stage                        Total Requests     Throughput (req/s)     Min (us)     50% (us)     99% (us)     99.5% (us)   99.9% (us)   Max (us)
----------------------------------------------------------------------------------------------------------------------------------------------------
Ingress Queue Time           45712              3464                   8302116      10239025     12237353     12257842     12280980     12281319
Repeatable Handle Time       45712              3464                   0            0            2            2            3            16
Worker Queue Time            45712              3464                   0            0            211678       214846       647200       1698963
Worker Handle Time           45712              3464                   11           12           18251        25888        223515       3679661
Total                        45712              3464                   8302143      10249740     12243923     12271289     12306650     13020207
Running experiment for throughput = 60000 req/s:
['/dev/shm/agent_shinjuku', '--firstcpu', '11', '--globalcpu', '11', '--ncpus', '7', '--preemption_time_slice', '30us']
['/dev/shm/rocksdb', '--print_format', 'pretty', '--noprint_distribution', '', '--noprint_ns', '', '--print_get', '', '--print_range', '', '--rocksdb_db_path', '/dev/shm/orch_db', '--throughput', '20000', '--range_query_ratio', '0.1', '--load_generator_cpus', '10', '--cfs_dispatcher_cpus', '11', '--num_workers', '200', '--worker_cpus', '', '--cfs_wait_type', 'spin', '--ghost_wait_type', 'prio_table', '--get_duration', '10us', '--range_duration', '5000us', '--get_exponential_mean', '0us', '--batch', '1', '--experiment_duration', '15s', '--discard_duration', '2s', '--scheduler', 'ghost', '--ghost_qos', '2', '--throughput', '60000']
RocksDB Stats:
Get:
Stage                        Total Requests     Throughput (req/s)     Min (us)     50% (us)     99% (us)     99.5% (us)   99.9% (us)   Max (us)
----------------------------------------------------------------------------------------------------------------------------------------------------
Ingress Queue Time           49361              3779                   8362486      10221052     12099395     12124654     12144345     12147026
Repeatable Handle Time       49361              3779                   0            0            2            2            3            12
Worker Queue Time            49361              3779                   0            0            301140       599033       1502432      2788566
Worker Handle Time           49361              3779                   11           12           121          387          2258         1229471
Total                        49361              3779                   8362519      10231202     12109141     12137485     12181247     12411777
Range:
Stage                        Total Requests     Throughput (req/s)     Min (us)     50% (us)     99% (us)     99.5% (us)   99.9% (us)   Max (us)
----------------------------------------------------------------------------------------------------------------------------------------------------
Ingress Queue Time           5422               415                    8362523      10244333     12103946     12125861     12144155     12147030
Repeatable Handle Time       5422               415                    0            0            2            2            3            15
Worker Queue Time            5422               415                    0            0            302901       819540       1445988      2787002
Worker Handle Time           5422               415                    5001         8144         220029       443575       1343038      3178098
Total                        5422               415                    8370477      10272872     12134537     12187910     12412790     13095892
All:
Stage                        Total Requests     Throughput (req/s)     Min (us)     50% (us)     99% (us)     99.5% (us)   99.9% (us)   Max (us)
----------------------------------------------------------------------------------------------------------------------------------------------------
Ingress Queue Time           54783              4194                   8362486      10223958     12099402     12124702     12144345     12147030
Repeatable Handle Time       54783              4194                   0            0            2            2            3            15
Worker Queue Time            54783              4194                   0            0            301357       633171       1502432      2788566
Worker Handle Time           54783              4194                   11           12           15459        26459        221098       3178098
Total                        54783              4194                   8362519      10233637     12112065     12138130     12182746     13095892
Running experiment for throughput = 70000 req/s:
['/dev/shm/agent_shinjuku', '--firstcpu', '11', '--globalcpu', '11', '--ncpus', '7', '--preemption_time_slice', '30us']
['/dev/shm/rocksdb', '--print_format', 'pretty', '--noprint_distribution', '', '--noprint_ns', '', '--print_get', '', '--print_range', '', '--rocksdb_db_path', '/dev/shm/orch_db', '--throughput', '20000', '--range_query_ratio', '0.1', '--load_generator_cpus', '10', '--cfs_dispatcher_cpus', '11', '--num_workers', '200', '--worker_cpus', '', '--cfs_wait_type', 'spin', '--ghost_wait_type', 'prio_table', '--get_duration', '10us', '--range_duration', '5000us', '--get_exponential_mean', '0us', '--batch', '1', '--experiment_duration', '15s', '--discard_duration', '2s', '--scheduler', 'ghost', '--ghost_qos', '2', '--throughput', '70000']
RocksDB Stats:
Get:
Stage                        Total Requests     Throughput (req/s)     Min (us)     50% (us)     99% (us)     99.5% (us)   99.9% (us)   Max (us)
----------------------------------------------------------------------------------------------------------------------------------------------------
Ingress Queue Time           343                26                     13112646     13132847     13161339     13161575     13161583     13161583
Repeatable Handle Time       343                26                     0            0            2            3            3            3
Worker Queue Time            343                26                     0            0            20           47           71           71
Worker Handle Time           343                26                     11           12           289          1823         2277         2277
Total                        343                26                     13112663     13132862     13161579     13161601     13163619     13163619
Range:
Stage                        Total Requests     Throughput (req/s)     Min (us)     50% (us)     99% (us)     99.5% (us)   99.9% (us)   Max (us)
----------------------------------------------------------------------------------------------------------------------------------------------------
Ingress Queue Time           55                 4                      13112801     13139369     13161600     13161600     13161600     13161600
Repeatable Handle Time       55                 4                      0            0            2            2            2            2
Worker Queue Time            55                 4                      0            0            0            0            0            0
Worker Handle Time           55                 4                      7270         10174        27964        27964        27964        27964
Total                        55                 4                      13123173     13150360     13175430     13175430     13175430     13175430
All:
Stage                        Total Requests     Throughput (req/s)     Min (us)     50% (us)     99% (us)     99.5% (us)   99.9% (us)   Max (us)
----------------------------------------------------------------------------------------------------------------------------------------------------
Ingress Queue Time           398                30                     13112646     13133085     13161541     13161575     13161583     13161600
Repeatable Handle Time       398                30                     0            0            2            3            3            3
Worker Queue Time            398                30                     0            0            19           24           47           71
Worker Handle Time           398                30                     11           12           20719        23838        24934        27964
Total                        398                30                     13112663     13138010     13171765     13173097     13174862     13175430
Running experiment for throughput = 80000 req/s:
['/dev/shm/agent_shinjuku', '--firstcpu', '11', '--globalcpu', '11', '--ncpus', '7', '--preemption_time_slice', '30us']
['/dev/shm/rocksdb', '--print_format', 'pretty', '--noprint_distribution', '', '--noprint_ns', '', '--print_get', '', '--print_range', '', '--rocksdb_db_path', '/dev/shm/orch_db', '--throughput', '20000', '--range_query_ratio', '0.1', '--load_generator_cpus', '10', '--cfs_dispatcher_cpus', '11', '--num_workers', '200', '--worker_cpus', '', '--cfs_wait_type', 'spin', '--ghost_wait_type', 'prio_table', '--get_duration', '10us', '--range_duration', '5000us', '--get_exponential_mean', '0us', '--batch', '1', '--experiment_duration', '15s', '--discard_duration', '2s', '--scheduler', 'ghost', '--ghost_qos', '2', '--throughput', '80000']
RocksDB Stats:
Get:
Stage                        Total Requests     Throughput (req/s)     Min (us)     50% (us)     99% (us)     99.5% (us)   99.9% (us)   Max (us)
----------------------------------------------------------------------------------------------------------------------------------------------------
Ingress Queue Time           14597              1104                   11785715     12355338     13000571     13004273     13010181     13011748
Repeatable Handle Time       14597              1104                   0            0            2            2            3            10
Worker Queue Time            14597              1104                   0            0            208463       210513       216788       217910
Worker Handle Time           14597              1104                   11           12           101          209          1753         19240
Total                        14597              1104                   11785727     12372063     13000588     13004298     13010204     13011805
Range:
Stage                        Total Requests     Throughput (req/s)     Min (us)     50% (us)     99% (us)     99.5% (us)   99.9% (us)   Max (us)
----------------------------------------------------------------------------------------------------------------------------------------------------
Ingress Queue Time           1657               125                    11785714     12392907     13000635     13007881     13010969     13011802
Repeatable Handle Time       1657               125                    0            0            2            2            3            3
Worker Queue Time            1657               125                    0            0            209114       210800       216886       217778
Worker Handle Time           1657               125                    6768         8234         196489       216331       644352       645313
Total                        1657               125                    11793639     12415241     13024887     13078889     13110703     13112424
All:
Stage                        Total Requests     Throughput (req/s)     Min (us)     50% (us)     99% (us)     99.5% (us)   99.9% (us)   Max (us)
----------------------------------------------------------------------------------------------------------------------------------------------------
Ingress Queue Time           16254              1229                   11785714     12365470     13000571     13004286     13010181     13011802
Repeatable Handle Time       16254              1229                   0            0            2            2            3            10
Worker Queue Time            16254              1229                   0            0            208475       210587       216637       217910
Worker Handle Time           16254              1229                   11           12           14499        25310        192602       645313
Total                        16254              1229                   11785727     12375978     13000841     13008196     13024809     13112424
Running experiment for throughput = 90000 req/s:
['/dev/shm/agent_shinjuku', '--firstcpu', '11', '--globalcpu', '11', '--ncpus', '7', '--preemption_time_slice', '30us']
['/dev/shm/rocksdb', '--print_format', 'pretty', '--noprint_distribution', '', '--noprint_ns', '', '--print_get', '', '--print_range', '', '--rocksdb_db_path', '/dev/shm/orch_db', '--throughput', '20000', '--range_query_ratio', '0.1', '--load_generator_cpus', '10', '--cfs_dispatcher_cpus', '11', '--num_workers', '200', '--worker_cpus', '', '--cfs_wait_type', 'spin', '--ghost_wait_type', 'prio_table', '--get_duration', '10us', '--range_duration', '5000us', '--get_exponential_mean', '0us', '--batch', '1', '--experiment_duration', '15s', '--discard_duration', '2s', '--scheduler', 'ghost', '--ghost_qos', '2', '--throughput', '90000']
RocksDB Stats:
Get:
Stage                        Total Requests     Throughput (req/s)     Min (us)     50% (us)     99% (us)     99.5% (us)   99.9% (us)   Max (us)
----------------------------------------------------------------------------------------------------------------------------------------------------
Ingress Queue Time           -                  -                      -            -            -            -            -            -
Repeatable Handle Time       -                  -                      -            -            -            -            -            -
Worker Queue Time            -                  -                      -            -            -            -            -            -
Worker Handle Time           -                  -                      -            -            -            -            -            -
Total                        -                  -                      -            -            -            -            -            -
Range:
Stage                        Total Requests     Throughput (req/s)     Min (us)     50% (us)     99% (us)     99.5% (us)   99.9% (us)   Max (us)
----------------------------------------------------------------------------------------------------------------------------------------------------
Ingress Queue Time           -                  -                      -            -            -            -            -            -
Repeatable Handle Time       -                  -                      -            -            -            -            -            -
Worker Queue Time            -                  -                      -            -            -            -            -            -
Worker Handle Time           -                  -                      -            -            -            -            -            -
Total                        -                  -                      -            -            -            -            -            -
All:
Stage                        Total Requests     Throughput (req/s)     Min (us)     50% (us)     99% (us)     99.5% (us)   99.9% (us)   Max (us)
----------------------------------------------------------------------------------------------------------------------------------------------------
Ingress Queue Time           -                  -                      -            -            -            -            -            -
Repeatable Handle Time       -                  -                      -            -            -            -            -            -
Worker Queue Time            -                  -                      -            -            -            -            -            -
Worker Handle Time           -                  -                      -            -            -            -            -            -
Total                        -                  -                      -            -            -            -            -            -
Running experiment for throughput = 100000 req/s:
['/dev/shm/agent_shinjuku', '--firstcpu', '11', '--globalcpu', '11', '--ncpus', '7', '--preemption_time_slice', '30us']
['/dev/shm/rocksdb', '--print_format', 'pretty', '--noprint_distribution', '', '--noprint_ns', '', '--print_get', '', '--print_range', '', '--rocksdb_db_path', '/dev/shm/orch_db', '--throughput', '20000', '--range_query_ratio', '0.1', '--load_generator_cpus', '10', '--cfs_dispatcher_cpus', '11', '--num_workers', '200', '--worker_cpus', '', '--cfs_wait_type', 'spin', '--ghost_wait_type', 'prio_table', '--get_duration', '10us', '--range_duration', '5000us', '--get_exponential_mean', '0us', '--batch', '1', '--experiment_duration', '15s', '--discard_duration', '2s', '--scheduler', 'ghost', '--ghost_qos', '2', '--throughput', '100000']
RocksDB Stats:
Get:
Stage                        Total Requests     Throughput (req/s)     Min (us)     50% (us)     99% (us)     99.5% (us)   99.9% (us)   Max (us)
----------------------------------------------------------------------------------------------------------------------------------------------------
Ingress Queue Time           -                  -                      -            -            -            -            -            -
Repeatable Handle Time       -                  -                      -            -            -            -            -            -
Worker Queue Time            -                  -                      -            -            -            -            -            -
Worker Handle Time           -                  -                      -            -            -            -            -            -
Total                        -                  -                      -            -            -            -            -            -
Range:
Stage                        Total Requests     Throughput (req/s)     Min (us)     50% (us)     99% (us)     99.5% (us)   99.9% (us)   Max (us)
----------------------------------------------------------------------------------------------------------------------------------------------------
Ingress Queue Time           -                  -                      -            -            -            -            -            -
Repeatable Handle Time       -                  -                      -            -            -            -            -            -
Worker Queue Time            -                  -                      -            -            -            -            -            -
Worker Handle Time           -                  -                      -            -            -            -            -            -
Total                        -                  -                      -            -            -            -            -            -
All:
Stage                        Total Requests     Throughput (req/s)     Min (us)     50% (us)     99% (us)     99.5% (us)   99.9% (us)   Max (us)
----------------------------------------------------------------------------------------------------------------------------------------------------
Ingress Queue Time           -                  -                      -            -            -            -            -            -
Repeatable Handle Time       -                  -                      -            -            -            -            -            -
Worker Queue Time            -                  -                      -            -            -            -            -            -
Worker Handle Time           -                  -                      -            -            -            -            -            -
Total                        -                  -                      -            -            -            -            -            -
Running experiment for throughput = 110000 req/s:
['/dev/shm/agent_shinjuku', '--firstcpu', '11', '--globalcpu', '11', '--ncpus', '7', '--preemption_time_slice', '30us']
['/dev/shm/rocksdb', '--print_format', 'pretty', '--noprint_distribution', '', '--noprint_ns', '', '--print_get', '', '--print_range', '', '--rocksdb_db_path', '/dev/shm/orch_db', '--throughput', '20000', '--range_query_ratio', '0.1', '--load_generator_cpus', '10', '--cfs_dispatcher_cpus', '11', '--num_workers', '200', '--worker_cpus', '', '--cfs_wait_type', 'spin', '--ghost_wait_type', 'prio_table', '--get_duration', '10us', '--range_duration', '5000us', '--get_exponential_mean', '0us', '--batch', '1', '--experiment_duration', '15s', '--discard_duration', '2s', '--scheduler', 'ghost', '--ghost_qos', '2', '--throughput', '110000']
RocksDB Stats:
Get:
Stage                        Total Requests     Throughput (req/s)     Min (us)     50% (us)     99% (us)     99.5% (us)   99.9% (us)   Max (us)
----------------------------------------------------------------------------------------------------------------------------------------------------
Ingress Queue Time           -                  -                      -            -            -            -            -            -
Repeatable Handle Time       -                  -                      -            -            -            -            -            -
Worker Queue Time            -                  -                      -            -            -            -            -            -
Worker Handle Time           -                  -                      -            -            -            -            -            -
Total                        -                  -                      -            -            -            -            -            -
Range:
Stage                        Total Requests     Throughput (req/s)     Min (us)     50% (us)     99% (us)     99.5% (us)   99.9% (us)   Max (us)
----------------------------------------------------------------------------------------------------------------------------------------------------
Ingress Queue Time           -                  -                      -            -            -            -            -            -
Repeatable Handle Time       -                  -                      -            -            -            -            -            -
Worker Queue Time            -                  -                      -            -            -            -            -            -
Worker Handle Time           -                  -                      -            -            -            -            -            -
Total                        -                  -                      -            -            -            -            -            -
All:
Stage                        Total Requests     Throughput (req/s)     Min (us)     50% (us)     99% (us)     99.5% (us)   99.9% (us)   Max (us)
----------------------------------------------------------------------------------------------------------------------------------------------------
Ingress Queue Time           -                  -                      -            -            -            -            -            -
Repeatable Handle Time       -                  -                      -            -            -            -            -            -
Worker Queue Time            -                  -                      -            -            -            -            -            -
Worker Handle Time           -                  -                      -            -            -            -            -            -
Total                        -                  -                      -            -            -            -            -            -
Running experiment for throughput = 120000 req/s:
['/dev/shm/agent_shinjuku', '--firstcpu', '11', '--globalcpu', '11', '--ncpus', '7', '--preemption_time_slice', '30us']
['/dev/shm/rocksdb', '--print_format', 'pretty', '--noprint_distribution', '', '--noprint_ns', '', '--print_get', '', '--print_range', '', '--rocksdb_db_path', '/dev/shm/orch_db', '--throughput', '20000', '--range_query_ratio', '0.1', '--load_generator_cpus', '10', '--cfs_dispatcher_cpus', '11', '--num_workers', '200', '--worker_cpus', '', '--cfs_wait_type', 'spin', '--ghost_wait_type', 'prio_table', '--get_duration', '10us', '--range_duration', '5000us', '--get_exponential_mean', '0us', '--batch', '1', '--experiment_duration', '15s', '--discard_duration', '2s', '--scheduler', 'ghost', '--ghost_qos', '2', '--throughput', '120000']
RocksDB Stats:
Get:
Stage                        Total Requests     Throughput (req/s)     Min (us)     50% (us)     99% (us)     99.5% (us)   99.9% (us)   Max (us)
----------------------------------------------------------------------------------------------------------------------------------------------------
Ingress Queue Time           -                  -                      -            -            -            -            -            -
Repeatable Handle Time       -                  -                      -            -            -            -            -            -
Worker Queue Time            -                  -                      -            -            -            -            -            -
Worker Handle Time           -                  -                      -            -            -            -            -            -
Total                        -                  -                      -            -            -            -            -            -
Range:
Stage                        Total Requests     Throughput (req/s)     Min (us)     50% (us)     99% (us)     99.5% (us)   99.9% (us)   Max (us)
----------------------------------------------------------------------------------------------------------------------------------------------------
Ingress Queue Time           -                  -                      -            -            -            -            -            -
Repeatable Handle Time       -                  -                      -            -            -            -            -            -
Worker Queue Time            -                  -                      -            -            -            -            -            -
Worker Handle Time           -                  -                      -            -            -            -            -            -
Total                        -                  -                      -            -            -            -            -            -
All:
Stage                        Total Requests     Throughput (req/s)     Min (us)     50% (us)     99% (us)     99.5% (us)   99.9% (us)   Max (us)
----------------------------------------------------------------------------------------------------------------------------------------------------
Ingress Queue Time           -                  -                      -            -            -            -            -            -
Repeatable Handle Time       -                  -                      -            -            -            -            -            -
Worker Queue Time            -                  -                      -            -            -            -            -            -
Worker Handle Time           -                  -                      -            -            -            -            -            -
Total                        -                  -                      -            -            -            -            -            -
Running experiment for throughput = 130000 req/s:
['/dev/shm/agent_shinjuku', '--firstcpu', '11', '--globalcpu', '11', '--ncpus', '7', '--preemption_time_slice', '30us']
['/dev/shm/rocksdb', '--print_format', 'pretty', '--noprint_distribution', '', '--noprint_ns', '', '--print_get', '', '--print_range', '', '--rocksdb_db_path', '/dev/shm/orch_db', '--throughput', '20000', '--range_query_ratio', '0.1', '--load_generator_cpus', '10', '--cfs_dispatcher_cpus', '11', '--num_workers', '200', '--worker_cpus', '', '--cfs_wait_type', 'spin', '--ghost_wait_type', 'prio_table', '--get_duration', '10us', '--range_duration', '5000us', '--get_exponential_mean', '0us', '--batch', '1', '--experiment_duration', '15s', '--discard_duration', '2s', '--scheduler', 'ghost', '--ghost_qos', '2', '--throughput', '130000']
RocksDB Stats:
Get:
Stage                        Total Requests     Throughput (req/s)     Min (us)     50% (us)     99% (us)     99.5% (us)   99.9% (us)   Max (us)
----------------------------------------------------------------------------------------------------------------------------------------------------
Ingress Queue Time           -                  -                      -            -            -            -            -            -
Repeatable Handle Time       -                  -                      -            -            -            -            -            -
Worker Queue Time            -                  -                      -            -            -            -            -            -
Worker Handle Time           -                  -                      -            -            -            -            -            -
Total                        -                  -                      -            -            -            -            -            -
Range:
Stage                        Total Requests     Throughput (req/s)     Min (us)     50% (us)     99% (us)     99.5% (us)   99.9% (us)   Max (us)
----------------------------------------------------------------------------------------------------------------------------------------------------
Ingress Queue Time           -                  -                      -            -            -            -            -            -
Repeatable Handle Time       -                  -                      -            -            -            -            -            -
Worker Queue Time            -                  -                      -            -            -            -            -            -
Worker Handle Time           -                  -                      -            -            -            -            -            -
Total                        -                  -                      -            -            -            -            -            -
All:
Stage                        Total Requests     Throughput (req/s)     Min (us)     50% (us)     99% (us)     99.5% (us)   99.9% (us)   Max (us)
----------------------------------------------------------------------------------------------------------------------------------------------------
Ingress Queue Time           -                  -                      -            -            -            -            -            -
Repeatable Handle Time       -                  -                      -            -            -            -            -            -
Worker Queue Time            -                  -                      -            -            -            -            -            -
Worker Handle Time           -                  -                      -            -            -            -            -            -
Total                        -                  -                      -            -            -            -            -            -
Running experiment for throughput = 140000 req/s:
['/dev/shm/agent_shinjuku', '--firstcpu', '11', '--globalcpu', '11', '--ncpus', '7', '--preemption_time_slice', '30us']
['/dev/shm/rocksdb', '--print_format', 'pretty', '--noprint_distribution', '', '--noprint_ns', '', '--print_get', '', '--print_range', '', '--rocksdb_db_path', '/dev/shm/orch_db', '--throughput', '20000', '--range_query_ratio', '0.1', '--load_generator_cpus', '10', '--cfs_dispatcher_cpus', '11', '--num_workers', '200', '--worker_cpus', '', '--cfs_wait_type', 'spin', '--ghost_wait_type', 'prio_table', '--get_duration', '10us', '--range_duration', '5000us', '--get_exponential_mean', '0us', '--batch', '1', '--experiment_duration', '15s', '--discard_duration', '2s', '--scheduler', 'ghost', '--ghost_qos', '2', '--throughput', '140000']
RocksDB Stats:
Get:
Stage                        Total Requests     Throughput (req/s)     Min (us)     50% (us)     99% (us)     99.5% (us)   99.9% (us)   Max (us)
----------------------------------------------------------------------------------------------------------------------------------------------------
Ingress Queue Time           -                  -                      -            -            -            -            -            -
Repeatable Handle Time       -                  -                      -            -            -            -            -            -
Worker Queue Time            -                  -                      -            -            -            -            -            -
Worker Handle Time           -                  -                      -            -            -            -            -            -
Total                        -                  -                      -            -            -            -            -            -
Range:
Stage                        Total Requests     Throughput (req/s)     Min (us)     50% (us)     99% (us)     99.5% (us)   99.9% (us)   Max (us)
----------------------------------------------------------------------------------------------------------------------------------------------------
Ingress Queue Time           -                  -                      -            -            -            -            -            -
Repeatable Handle Time       -                  -                      -            -            -            -            -            -
Worker Queue Time            -                  -                      -            -            -            -            -            -
Worker Handle Time           -                  -                      -            -            -            -            -            -
Total                        -                  -                      -            -            -            -            -            -
All:
Stage                        Total Requests     Throughput (req/s)     Min (us)     50% (us)     99% (us)     99.5% (us)   99.9% (us)   Max (us)
----------------------------------------------------------------------------------------------------------------------------------------------------
Ingress Queue Time           -                  -                      -            -            -            -            -            -
Repeatable Handle Time       -                  -                      -            -            -            -            -            -
Worker Queue Time            -                  -                      -            -            -            -            -            -
Worker Handle Time           -                  -                      -            -            -            -            -            -
Total                        -                  -                      -            -            -            -            -            -
Running experiment for throughput = 141000 req/s:
['/dev/shm/agent_shinjuku', '--firstcpu', '11', '--globalcpu', '11', '--ncpus', '7', '--preemption_time_slice', '30us']
['/dev/shm/rocksdb', '--print_format', 'pretty', '--noprint_distribution', '', '--noprint_ns', '', '--print_get', '', '--print_range', '', '--rocksdb_db_path', '/dev/shm/orch_db', '--throughput', '20000', '--range_query_ratio', '0.1', '--load_generator_cpus', '10', '--cfs_dispatcher_cpus', '11', '--num_workers', '200', '--worker_cpus', '', '--cfs_wait_type', 'spin', '--ghost_wait_type', 'prio_table', '--get_duration', '10us', '--range_duration', '5000us', '--get_exponential_mean', '0us', '--batch', '1', '--experiment_duration', '15s', '--discard_duration', '2s', '--scheduler', 'ghost', '--ghost_qos', '2', '--throughput', '141000']
RocksDB Stats:
Get:
Stage                        Total Requests     Throughput (req/s)     Min (us)     50% (us)     99% (us)     99.5% (us)   99.9% (us)   Max (us)
----------------------------------------------------------------------------------------------------------------------------------------------------
Ingress Queue Time           -                  -                      -            -            -            -            -            -
Repeatable Handle Time       -                  -                      -            -            -            -            -            -
Worker Queue Time            -                  -                      -            -            -            -            -            -
Worker Handle Time           -                  -                      -            -            -            -            -            -
Total                        -                  -                      -            -            -            -            -            -
Range:
Stage                        Total Requests     Throughput (req/s)     Min (us)     50% (us)     99% (us)     99.5% (us)   99.9% (us)   Max (us)
----------------------------------------------------------------------------------------------------------------------------------------------------
Ingress Queue Time           -                  -                      -            -            -            -            -            -
Repeatable Handle Time       -                  -                      -            -            -            -            -            -
Worker Queue Time            -                  -                      -            -            -            -            -            -
Worker Handle Time           -                  -                      -            -            -            -            -            -
Total                        -                  -                      -            -            -            -            -            -
All:
Stage                        Total Requests     Throughput (req/s)     Min (us)     50% (us)     99% (us)     99.5% (us)   99.9% (us)   Max (us)
----------------------------------------------------------------------------------------------------------------------------------------------------
Ingress Queue Time           -                  -                      -            -            -            -            -            -
Repeatable Handle Time       -                  -                      -            -            -            -            -            -
Worker Queue Time            -                  -                      -            -            -            -            -            -
Worker Handle Time           -                  -                      -            -            -            -            -            -
Total                        -                  -                      -            -            -            -            -            -
Running experiment for throughput = 142000 req/s:
['/dev/shm/agent_shinjuku', '--firstcpu', '11', '--globalcpu', '11', '--ncpus', '7', '--preemption_time_slice', '30us']
['/dev/shm/rocksdb', '--print_format', 'pretty', '--noprint_distribution', '', '--noprint_ns', '', '--print_get', '', '--print_range', '', '--rocksdb_db_path', '/dev/shm/orch_db', '--throughput', '20000', '--range_query_ratio', '0.1', '--load_generator_cpus', '10', '--cfs_dispatcher_cpus', '11', '--num_workers', '200', '--worker_cpus', '', '--cfs_wait_type', 'spin', '--ghost_wait_type', 'prio_table', '--get_duration', '10us', '--range_duration', '5000us', '--get_exponential_mean', '0us', '--batch', '1', '--experiment_duration', '15s', '--discard_duration', '2s', '--scheduler', 'ghost', '--ghost_qos', '2', '--throughput', '142000']
RocksDB Stats:
Get:
Stage                        Total Requests     Throughput (req/s)     Min (us)     50% (us)     99% (us)     99.5% (us)   99.9% (us)   Max (us)
----------------------------------------------------------------------------------------------------------------------------------------------------
Ingress Queue Time           -                  -                      -            -            -            -            -            -
Repeatable Handle Time       -                  -                      -            -            -            -            -            -
Worker Queue Time            -                  -                      -            -            -            -            -            -
Worker Handle Time           -                  -                      -            -            -            -            -            -
Total                        -                  -                      -            -            -            -            -            -
Range:
Stage                        Total Requests     Throughput (req/s)     Min (us)     50% (us)     99% (us)     99.5% (us)   99.9% (us)   Max (us)
----------------------------------------------------------------------------------------------------------------------------------------------------
Ingress Queue Time           -                  -                      -            -            -            -            -            -
Repeatable Handle Time       -                  -                      -            -            -            -            -            -
Worker Queue Time            -                  -                      -            -            -            -            -            -
Worker Handle Time           -                  -                      -            -            -            -            -            -
Total                        -                  -                      -            -            -            -            -            -
All:
Stage                        Total Requests     Throughput (req/s)     Min (us)     50% (us)     99% (us)     99.5% (us)   99.9% (us)   Max (us)
----------------------------------------------------------------------------------------------------------------------------------------------------
Ingress Queue Time           -                  -                      -            -            -            -            -            -
Repeatable Handle Time       -                  -                      -            -            -            -            -            -
Worker Queue Time            -                  -                      -            -            -            -            -            -
Worker Handle Time           -                  -                      -            -            -            -            -            -
Total                        -                  -                      -            -            -            -            -            -
Running experiment for throughput = 143000 req/s:
['/dev/shm/agent_shinjuku', '--firstcpu', '11', '--globalcpu', '11', '--ncpus', '7', '--preemption_time_slice', '30us']
['/dev/shm/rocksdb', '--print_format', 'pretty', '--noprint_distribution', '', '--noprint_ns', '', '--print_get', '', '--print_range', '', '--rocksdb_db_path', '/dev/shm/orch_db', '--throughput', '20000', '--range_query_ratio', '0.1', '--load_generator_cpus', '10', '--cfs_dispatcher_cpus', '11', '--num_workers', '200', '--worker_cpus', '', '--cfs_wait_type', 'spin', '--ghost_wait_type', 'prio_table', '--get_duration', '10us', '--range_duration', '5000us', '--get_exponential_mean', '0us', '--batch', '1', '--experiment_duration', '15s', '--discard_duration', '2s', '--scheduler', 'ghost', '--ghost_qos', '2', '--throughput', '143000']
RocksDB Stats:
Get:
Stage                        Total Requests     Throughput (req/s)     Min (us)     50% (us)     99% (us)     99.5% (us)   99.9% (us)   Max (us)
----------------------------------------------------------------------------------------------------------------------------------------------------
Ingress Queue Time           -                  -                      -            -            -            -            -            -
Repeatable Handle Time       -                  -                      -            -            -            -            -            -
Worker Queue Time            -                  -                      -            -            -            -            -            -
Worker Handle Time           -                  -                      -            -            -            -            -            -
Total                        -                  -                      -            -            -            -            -            -
Range:
Stage                        Total Requests     Throughput (req/s)     Min (us)     50% (us)     99% (us)     99.5% (us)   99.9% (us)   Max (us)
----------------------------------------------------------------------------------------------------------------------------------------------------
Ingress Queue Time           -                  -                      -            -            -            -            -            -
Repeatable Handle Time       -                  -                      -            -            -            -            -            -
Worker Queue Time            -                  -                      -            -            -            -            -            -
Worker Handle Time           -                  -                      -            -            -            -            -            -
Total                        -                  -                      -            -            -            -            -            -
All:
Stage                        Total Requests     Throughput (req/s)     Min (us)     50% (us)     99% (us)     99.5% (us)   99.9% (us)   Max (us)
----------------------------------------------------------------------------------------------------------------------------------------------------
Ingress Queue Time           -                  -                      -            -            -            -            -            -
Repeatable Handle Time       -                  -                      -            -            -            -            -            -
Worker Queue Time            -                  -                      -            -            -            -            -            -
Worker Handle Time           -                  -                      -            -            -            -            -            -
Total                        -                  -                      -            -            -            -            -            -
Running experiment for throughput = 144000 req/s:
['/dev/shm/agent_shinjuku', '--firstcpu', '11', '--globalcpu', '11', '--ncpus', '7', '--preemption_time_slice', '30us']
['/dev/shm/rocksdb', '--print_format', 'pretty', '--noprint_distribution', '', '--noprint_ns', '', '--print_get', '', '--print_range', '', '--rocksdb_db_path', '/dev/shm/orch_db', '--throughput', '20000', '--range_query_ratio', '0.1', '--load_generator_cpus', '10', '--cfs_dispatcher_cpus', '11', '--num_workers', '200', '--worker_cpus', '', '--cfs_wait_type', 'spin', '--ghost_wait_type', 'prio_table', '--get_duration', '10us', '--range_duration', '5000us', '--get_exponential_mean', '0us', '--batch', '1', '--experiment_duration', '15s', '--discard_duration', '2s', '--scheduler', 'ghost', '--ghost_qos', '2', '--throughput', '144000']
RocksDB Stats:
Get:
Stage                        Total Requests     Throughput (req/s)     Min (us)     50% (us)     99% (us)     99.5% (us)   99.9% (us)   Max (us)
----------------------------------------------------------------------------------------------------------------------------------------------------
Ingress Queue Time           -                  -                      -            -            -            -            -            -
Repeatable Handle Time       -                  -                      -            -            -            -            -            -
Worker Queue Time            -                  -                      -            -            -            -            -            -
Worker Handle Time           -                  -                      -            -            -            -            -            -
Total                        -                  -                      -            -            -            -            -            -
Range:
Stage                        Total Requests     Throughput (req/s)     Min (us)     50% (us)     99% (us)     99.5% (us)   99.9% (us)   Max (us)
----------------------------------------------------------------------------------------------------------------------------------------------------
Ingress Queue Time           -                  -                      -            -            -            -            -            -
Repeatable Handle Time       -                  -                      -            -            -            -            -            -
Worker Queue Time            -                  -                      -            -            -            -            -            -
Worker Handle Time           -                  -                      -            -            -            -            -            -
Total                        -                  -                      -            -            -            -            -            -
All:
Stage                        Total Requests     Throughput (req/s)     Min (us)     50% (us)     99% (us)     99.5% (us)   99.9% (us)   Max (us)
----------------------------------------------------------------------------------------------------------------------------------------------------
Ingress Queue Time           -                  -                      -            -            -            -            -            -
Repeatable Handle Time       -                  -                      -            -            -            -            -            -
Worker Queue Time            -                  -                      -            -            -            -            -            -
Worker Handle Time           -                  -                      -            -            -            -            -            -
Total                        -                  -                      -            -            -            -            -            -
Running experiment for throughput = 145000 req/s:
['/dev/shm/agent_shinjuku', '--firstcpu', '11', '--globalcpu', '11', '--ncpus', '7', '--preemption_time_slice', '30us']
['/dev/shm/rocksdb', '--print_format', 'pretty', '--noprint_distribution', '', '--noprint_ns', '', '--print_get', '', '--print_range', '', '--rocksdb_db_path', '/dev/shm/orch_db', '--throughput', '20000', '--range_query_ratio', '0.1', '--load_generator_cpus', '10', '--cfs_dispatcher_cpus', '11', '--num_workers', '200', '--worker_cpus', '', '--cfs_wait_type', 'spin', '--ghost_wait_type', 'prio_table', '--get_duration', '10us', '--range_duration', '5000us', '--get_exponential_mean', '0us', '--batch', '1', '--experiment_duration', '15s', '--discard_duration', '2s', '--scheduler', 'ghost', '--ghost_qos', '2', '--throughput', '145000']
RocksDB Stats:
Get:
Stage                        Total Requests     Throughput (req/s)     Min (us)     50% (us)     99% (us)     99.5% (us)   99.9% (us)   Max (us)
----------------------------------------------------------------------------------------------------------------------------------------------------
Ingress Queue Time           -                  -                      -            -            -            -            -            -
Repeatable Handle Time       -                  -                      -            -            -            -            -            -
Worker Queue Time            -                  -                      -            -            -            -            -            -
Worker Handle Time           -                  -                      -            -            -            -            -            -
Total                        -                  -                      -            -            -            -            -            -
Range:
Stage                        Total Requests     Throughput (req/s)     Min (us)     50% (us)     99% (us)     99.5% (us)   99.9% (us)   Max (us)
----------------------------------------------------------------------------------------------------------------------------------------------------
Ingress Queue Time           -                  -                      -            -            -            -            -            -
Repeatable Handle Time       -                  -                      -            -            -            -            -            -
Worker Queue Time            -                  -                      -            -            -            -            -            -
Worker Handle Time           -                  -                      -            -            -            -            -            -
Total                        -                  -                      -            -            -            -            -            -
All:
Stage                        Total Requests     Throughput (req/s)     Min (us)     50% (us)     99% (us)     99.5% (us)   99.9% (us)   Max (us)
----------------------------------------------------------------------------------------------------------------------------------------------------
Ingress Queue Time           -                  -                      -            -            -            -            -            -
Repeatable Handle Time       -                  -                      -            -            -            -            -            -
Worker Queue Time            -                  -                      -            -            -            -            -            -
Worker Handle Time           -                  -                      -            -            -            -            -            -
Total                        -                  -                      -            -            -            -            -            -
Running experiment for throughput = 146000 req/s:
['/dev/shm/agent_shinjuku', '--firstcpu', '11', '--globalcpu', '11', '--ncpus', '7', '--preemption_time_slice', '30us']
['/dev/shm/rocksdb', '--print_format', 'pretty', '--noprint_distribution', '', '--noprint_ns', '', '--print_get', '', '--print_range', '', '--rocksdb_db_path', '/dev/shm/orch_db', '--throughput', '20000', '--range_query_ratio', '0.1', '--load_generator_cpus', '10', '--cfs_dispatcher_cpus', '11', '--num_workers', '200', '--worker_cpus', '', '--cfs_wait_type', 'spin', '--ghost_wait_type', 'prio_table', '--get_duration', '10us', '--range_duration', '5000us', '--get_exponential_mean', '0us', '--batch', '1', '--experiment_duration', '15s', '--discard_duration', '2s', '--scheduler', 'ghost', '--ghost_qos', '2', '--throughput', '146000']
RocksDB Stats:
Get:
Stage                        Total Requests     Throughput (req/s)     Min (us)     50% (us)     99% (us)     99.5% (us)   99.9% (us)   Max (us)
----------------------------------------------------------------------------------------------------------------------------------------------------
Ingress Queue Time           -                  -                      -            -            -            -            -            -
Repeatable Handle Time       -                  -                      -            -            -            -            -            -
Worker Queue Time            -                  -                      -            -            -            -            -            -
Worker Handle Time           -                  -                      -            -            -            -            -            -
Total                        -                  -                      -            -            -            -            -            -
Range:
Stage                        Total Requests     Throughput (req/s)     Min (us)     50% (us)     99% (us)     99.5% (us)   99.9% (us)   Max (us)
----------------------------------------------------------------------------------------------------------------------------------------------------
Ingress Queue Time           -                  -                      -            -            -            -            -            -
Repeatable Handle Time       -                  -                      -            -            -            -            -            -
Worker Queue Time            -                  -                      -            -            -            -            -            -
Worker Handle Time           -                  -                      -            -            -            -            -            -
Total                        -                  -                      -            -            -            -            -            -
All:
Stage                        Total Requests     Throughput (req/s)     Min (us)     50% (us)     99% (us)     99.5% (us)   99.9% (us)   Max (us)
----------------------------------------------------------------------------------------------------------------------------------------------------
Ingress Queue Time           -                  -                      -            -            -            -            -            -
Repeatable Handle Time       -                  -                      -            -            -            -            -            -
Worker Queue Time            -                  -                      -            -            -            -            -            -
Worker Handle Time           -                  -                      -            -            -            -            -            -
Total                        -                  -                      -            -            -            -            -            -
Running experiment for throughput = 147000 req/s:
['/dev/shm/agent_shinjuku', '--firstcpu', '11', '--globalcpu', '11', '--ncpus', '7', '--preemption_time_slice', '30us']
['/dev/shm/rocksdb', '--print_format', 'pretty', '--noprint_distribution', '', '--noprint_ns', '', '--print_get', '', '--print_range', '', '--rocksdb_db_path', '/dev/shm/orch_db', '--throughput', '20000', '--range_query_ratio', '0.1', '--load_generator_cpus', '10', '--cfs_dispatcher_cpus', '11', '--num_workers', '200', '--worker_cpus', '', '--cfs_wait_type', 'spin', '--ghost_wait_type', 'prio_table', '--get_duration', '10us', '--range_duration', '5000us', '--get_exponential_mean', '0us', '--batch', '1', '--experiment_duration', '15s', '--discard_duration', '2s', '--scheduler', 'ghost', '--ghost_qos', '2', '--throughput', '147000']
RocksDB Stats:
Get:
Stage                        Total Requests     Throughput (req/s)     Min (us)     50% (us)     99% (us)     99.5% (us)   99.9% (us)   Max (us)
----------------------------------------------------------------------------------------------------------------------------------------------------
Ingress Queue Time           -                  -                      -            -            -            -            -            -
Repeatable Handle Time       -                  -                      -            -            -            -            -            -
Worker Queue Time            -                  -                      -            -            -            -            -            -
Worker Handle Time           -                  -                      -            -            -            -            -            -
Total                        -                  -                      -            -            -            -            -            -
Range:
Stage                        Total Requests     Throughput (req/s)     Min (us)     50% (us)     99% (us)     99.5% (us)   99.9% (us)   Max (us)
----------------------------------------------------------------------------------------------------------------------------------------------------
Ingress Queue Time           -                  -                      -            -            -            -            -            -
Repeatable Handle Time       -                  -                      -            -            -            -            -            -
Worker Queue Time            -                  -                      -            -            -            -            -            -
Worker Handle Time           -                  -                      -            -            -            -            -            -
Total                        -                  -                      -            -            -            -            -            -
All:
Stage                        Total Requests     Throughput (req/s)     Min (us)     50% (us)     99% (us)     99.5% (us)   99.9% (us)   Max (us)
----------------------------------------------------------------------------------------------------------------------------------------------------
Ingress Queue Time           -                  -                      -            -            -            -            -            -
Repeatable Handle Time       -                  -                      -            -            -            -            -            -
Worker Queue Time            -                  -                      -            -            -            -            -            -
Worker Handle Time           -                  -                      -            -            -            -            -            -
Total                        -                  -                      -            -            -            -            -            -
Running experiment for throughput = 148000 req/s:
['/dev/shm/agent_shinjuku', '--firstcpu', '11', '--globalcpu', '11', '--ncpus', '7', '--preemption_time_slice', '30us']
['/dev/shm/rocksdb', '--print_format', 'pretty', '--noprint_distribution', '', '--noprint_ns', '', '--print_get', '', '--print_range', '', '--rocksdb_db_path', '/dev/shm/orch_db', '--throughput', '20000', '--range_query_ratio', '0.1', '--load_generator_cpus', '10', '--cfs_dispatcher_cpus', '11', '--num_workers', '200', '--worker_cpus', '', '--cfs_wait_type', 'spin', '--ghost_wait_type', 'prio_table', '--get_duration', '10us', '--range_duration', '5000us', '--get_exponential_mean', '0us', '--batch', '1', '--experiment_duration', '15s', '--discard_duration', '2s', '--scheduler', 'ghost', '--ghost_qos', '2', '--throughput', '148000']
RocksDB Stats:
Get:
Stage                        Total Requests     Throughput (req/s)     Min (us)     50% (us)     99% (us)     99.5% (us)   99.9% (us)   Max (us)
----------------------------------------------------------------------------------------------------------------------------------------------------
Ingress Queue Time           -                  -                      -            -            -            -            -            -
Repeatable Handle Time       -                  -                      -            -            -            -            -            -
Worker Queue Time            -                  -                      -            -            -            -            -            -
Worker Handle Time           -                  -                      -            -            -            -            -            -
Total                        -                  -                      -            -            -            -            -            -
Range:
Stage                        Total Requests     Throughput (req/s)     Min (us)     50% (us)     99% (us)     99.5% (us)   99.9% (us)   Max (us)
----------------------------------------------------------------------------------------------------------------------------------------------------
Ingress Queue Time           -                  -                      -            -            -            -            -            -
Repeatable Handle Time       -                  -                      -            -            -            -            -            -
Worker Queue Time            -                  -                      -            -            -            -            -            -
Worker Handle Time           -                  -                      -            -            -            -            -            -
Total                        -                  -                      -            -            -            -            -            -
All:
Stage                        Total Requests     Throughput (req/s)     Min (us)     50% (us)     99% (us)     99.5% (us)   99.9% (us)   Max (us)
----------------------------------------------------------------------------------------------------------------------------------------------------
Ingress Queue Time           -                  -                      -            -            -            -            -            -
Repeatable Handle Time       -                  -                      -            -            -            -            -            -
Worker Queue Time            -                  -                      -            -            -            -            -            -
Worker Handle Time           -                  -                      -            -            -            -            -            -
Total                        -                  -                      -            -            -            -            -            -
Running experiment for throughput = 149000 req/s:
['/dev/shm/agent_shinjuku', '--firstcpu', '11', '--globalcpu', '11', '--ncpus', '7', '--preemption_time_slice', '30us']
['/dev/shm/rocksdb', '--print_format', 'pretty', '--noprint_distribution', '', '--noprint_ns', '', '--print_get', '', '--print_range', '', '--rocksdb_db_path', '/dev/shm/orch_db', '--throughput', '20000', '--range_query_ratio', '0.1', '--load_generator_cpus', '10', '--cfs_dispatcher_cpus', '11', '--num_workers', '200', '--worker_cpus', '', '--cfs_wait_type', 'spin', '--ghost_wait_type', 'prio_table', '--get_duration', '10us', '--range_duration', '5000us', '--get_exponential_mean', '0us', '--batch', '1', '--experiment_duration', '15s', '--discard_duration', '2s', '--scheduler', 'ghost', '--ghost_qos', '2', '--throughput', '149000']
RocksDB Stats:
Get:
Stage                        Total Requests     Throughput (req/s)     Min (us)     50% (us)     99% (us)     99.5% (us)   99.9% (us)   Max (us)
----------------------------------------------------------------------------------------------------------------------------------------------------
Ingress Queue Time           -                  -                      -            -            -            -            -            -
Repeatable Handle Time       -                  -                      -            -            -            -            -            -
Worker Queue Time            -                  -                      -            -            -            -            -            -
Worker Handle Time           -                  -                      -            -            -            -            -            -
Total                        -                  -                      -            -            -            -            -            -
Range:
Stage                        Total Requests     Throughput (req/s)     Min (us)     50% (us)     99% (us)     99.5% (us)   99.9% (us)   Max (us)
----------------------------------------------------------------------------------------------------------------------------------------------------
Ingress Queue Time           -                  -                      -            -            -            -            -            -
Repeatable Handle Time       -                  -                      -            -            -            -            -            -
Worker Queue Time            -                  -                      -            -            -            -            -            -
Worker Handle Time           -                  -                      -            -            -            -            -            -
Total                        -                  -                      -            -            -            -            -            -
All:
Stage                        Total Requests     Throughput (req/s)     Min (us)     50% (us)     99% (us)     99.5% (us)   99.9% (us)   Max (us)
----------------------------------------------------------------------------------------------------------------------------------------------------
Ingress Queue Time           -                  -                      -            -            -            -            -            -
Repeatable Handle Time       -                  -                      -            -            -            -            -            -
Worker Queue Time            -                  -                      -            -            -            -            -            -
Worker Handle Time           -                  -                      -            -            -            -            -            -
Total                        -                  -                      -            -            -            -            -            -
Running experiment for throughput = 150000 req/s:
['/dev/shm/agent_shinjuku', '--firstcpu', '11', '--globalcpu', '11', '--ncpus', '7', '--preemption_time_slice', '30us']
['/dev/shm/rocksdb', '--print_format', 'pretty', '--noprint_distribution', '', '--noprint_ns', '', '--print_get', '', '--print_range', '', '--rocksdb_db_path', '/dev/shm/orch_db', '--throughput', '20000', '--range_query_ratio', '0.1', '--load_generator_cpus', '10', '--cfs_dispatcher_cpus', '11', '--num_workers', '200', '--worker_cpus', '', '--cfs_wait_type', 'spin', '--ghost_wait_type', 'prio_table', '--get_duration', '10us', '--range_duration', '5000us', '--get_exponential_mean', '0us', '--batch', '1', '--experiment_duration', '15s', '--discard_duration', '2s', '--scheduler', 'ghost', '--ghost_qos', '2', '--throughput', '150000']
RocksDB Stats:
Get:
Stage                        Total Requests     Throughput (req/s)     Min (us)     50% (us)     99% (us)     99.5% (us)   99.9% (us)   Max (us)
----------------------------------------------------------------------------------------------------------------------------------------------------
Ingress Queue Time           -                  -                      -            -            -            -            -            -
Repeatable Handle Time       -                  -                      -            -            -            -            -            -
Worker Queue Time            -                  -                      -            -            -            -            -            -
Worker Handle Time           -                  -                      -            -            -            -            -            -
Total                        -                  -                      -            -            -            -            -            -
Range:
Stage                        Total Requests     Throughput (req/s)     Min (us)     50% (us)     99% (us)     99.5% (us)   99.9% (us)   Max (us)
----------------------------------------------------------------------------------------------------------------------------------------------------
Ingress Queue Time           -                  -                      -            -            -            -            -            -
Repeatable Handle Time       -                  -                      -            -            -            -            -            -
Worker Queue Time            -                  -                      -            -            -            -            -            -
Worker Handle Time           -                  -                      -            -            -            -            -            -
Total                        -                  -                      -            -            -            -            -            -
All:
Stage                        Total Requests     Throughput (req/s)     Min (us)     50% (us)     99% (us)     99.5% (us)   99.9% (us)   Max (us)
----------------------------------------------------------------------------------------------------------------------------------------------------
Ingress Queue Time           -                  -                      -            -            -            -            -            -
Repeatable Handle Time       -                  -                      -            -            -            -            -            -
Worker Queue Time            -                  -                      -            -            -            -            -            -
Worker Handle Time           -                  -                      -            -            -            -            -            -
Total                        -                  -                      -            -            -            -            -            -
