Running ghOSt experiments...
Output Directory: /tmp/ghost_data/2023-11-14 22:43:23
{"throughputs": [10000, 20000, 30000, 40000, 50000, 60000, 70000, 80000, 90000, 100000, 110000, 120000, 130000, 140000, 141000, 142000, 143000, 144000, 145000, 146000, 147000, 148000, 149000, 150000], "output_prefix": "/tmp/ghost_data/2023-11-14 22:43:23", "binaries": {"rocksdb": "/dev/shm/rocksdb", "antagonist": "/dev/shm/antagonist", "ghost": "/dev/shm/agent_shinjuku"}, "rocksdb": {"print_format": "pretty", "print_distribution": false, "print_ns": false, "print_get": true, "print_range": true, "rocksdb_db_path": "/dev/shm/orch_db", "throughput": 20000, "range_query_ratio": 0.09, "load_generator_cpus": 10, "cfs_dispatcher_cpus": 11, "num_workers": 200, "worker_cpus": [], "cfs_wait_type": "spin", "ghost_wait_type": "prio_table", "get_duration": "10us", "range_duration": "5000us", "get_exponential_mean": "0us", "batch": 1, "experiment_duration": "15s", "discard_duration": "2s", "scheduler": "ghost", "ghost_qos": 2}, "antagonist": null, "ghost": {"firstcpu": 11, "globalcpu": 11, "ncpus": 7, "preemption_time_slice": "65us"}}
Running experiment for throughput = 10000 req/s:
['/dev/shm/agent_shinjuku', '--firstcpu', '11', '--globalcpu', '11', '--ncpus', '7', '--preemption_time_slice', '65us']
['/dev/shm/rocksdb', '--print_format', 'pretty', '--noprint_distribution', '', '--noprint_ns', '', '--print_get', '', '--print_range', '', '--rocksdb_db_path', '/dev/shm/orch_db', '--throughput', '20000', '--range_query_ratio', '0.09', '--load_generator_cpus', '10', '--cfs_dispatcher_cpus', '11', '--num_workers', '200', '--worker_cpus', '', '--cfs_wait_type', 'spin', '--ghost_wait_type', 'prio_table', '--get_duration', '10us', '--range_duration', '5000us', '--get_exponential_mean', '0us', '--batch', '1', '--experiment_duration', '15s', '--discard_duration', '2s', '--scheduler', 'ghost', '--ghost_qos', '2', '--throughput', '10000']
RocksDB Stats:
Get:
Stage                        Total Requests     Throughput (req/s)     Min (us)     50% (us)     99% (us)     99.5% (us)   99.9% (us)   Max (us)
----------------------------------------------------------------------------------------------------------------------------------------------------
Ingress Queue Time           118502             9115                   0            0            4            9            137          8309
Repeatable Handle Time       118502             9115                   0            0            2            2            3            17
Worker Queue Time            118502             9115                   0            17           672          1416         14940        552908
Worker Handle Time           118502             9115                   11           11           43           79           216          340850
Total                        118502             9115                   11           30           737          1669         15521        552922
Range:
Stage                        Total Requests     Throughput (req/s)     Min (us)     50% (us)     99% (us)     99.5% (us)   99.9% (us)   Max (us)
----------------------------------------------------------------------------------------------------------------------------------------------------
Ingress Queue Time           11835              910                    0            0            4            7            20           5582
Repeatable Handle Time       11835              910                    0            0            2            2            3            17
Worker Queue Time            11835              910                    0            17           706          1931         20347        548469
Worker Handle Time           11835              910                    5001         8208         181247       384968       521303       566117
Total                        11835              910                    5008         8257         183266       395566       526934       566129
All:
Stage                        Total Requests     Throughput (req/s)     Min (us)     50% (us)     99% (us)     99.5% (us)   99.9% (us)   Max (us)
----------------------------------------------------------------------------------------------------------------------------------------------------
Ingress Queue Time           130337             10025                  0            0            4            8            134          8309
Repeatable Handle Time       130337             10025                  0            0            2            2            3            17
Worker Queue Time            130337             10025                  0            17           674          1438         15121        552908
Worker Handle Time           130337             10025                  11           12           17535        33922        165965       566117
Total                        130337             10025                  11           31           18758        37116        190597       566129
Running experiment for throughput = 20000 req/s:
['/dev/shm/agent_shinjuku', '--firstcpu', '11', '--globalcpu', '11', '--ncpus', '7', '--preemption_time_slice', '65us']
['/dev/shm/rocksdb', '--print_format', 'pretty', '--noprint_distribution', '', '--noprint_ns', '', '--print_get', '', '--print_range', '', '--rocksdb_db_path', '/dev/shm/orch_db', '--throughput', '20000', '--range_query_ratio', '0.09', '--load_generator_cpus', '10', '--cfs_dispatcher_cpus', '11', '--num_workers', '200', '--worker_cpus', '', '--cfs_wait_type', 'spin', '--ghost_wait_type', 'prio_table', '--get_duration', '10us', '--range_duration', '5000us', '--get_exponential_mean', '0us', '--batch', '1', '--experiment_duration', '15s', '--discard_duration', '2s', '--scheduler', 'ghost', '--ghost_qos', '2', '--throughput', '20000']
RocksDB Stats:
Get:
Stage                        Total Requests     Throughput (req/s)     Min (us)     50% (us)     99% (us)     99.5% (us)   99.9% (us)   Max (us)
----------------------------------------------------------------------------------------------------------------------------------------------------
Ingress Queue Time           138025             10617                  1134859      3314262      5359434      5385511      5407037      5410975
Repeatable Handle Time       138025             10617                  0            0            2            2            2            14
Worker Queue Time            138025             10617                  0            0            0            21           67           1170244
Worker Handle Time           138025             10617                  11           12           249          800          4478         90302
Total                        138025             10617                  1134962      3314298      5359484      5385537      5407056      5411468
Range:
Stage                        Total Requests     Throughput (req/s)     Min (us)     50% (us)     99% (us)     99.5% (us)   99.9% (us)   Max (us)
----------------------------------------------------------------------------------------------------------------------------------------------------
Ingress Queue Time           13710              1054                   1134863      3285616      5362430      5385481      5406266      5410901
Repeatable Handle Time       13710              1054                   0            0            2            2            3            11
Worker Queue Time            13710              1054                   0            0            15           22           77           8764
Worker Handle Time           13710              1054                   5001         7107         66133        107251       338011       7820235
Total                        13710              1054                   1142054      3296507      5376253      5401632      5419512      10433857
All:
Stage                        Total Requests     Throughput (req/s)     Min (us)     50% (us)     99% (us)     99.5% (us)   99.9% (us)   Max (us)
----------------------------------------------------------------------------------------------------------------------------------------------------
Ingress Queue Time           151735             11671                  1134859      3309364      5359496      5385518      5406975      5410975
Repeatable Handle Time       151735             11671                  0            0            2            2            2            14
Worker Queue Time            151735             11671                  0            0            0            21           69           1170244
Worker Handle Time           151735             11671                  11           24           14350        23900        62440        7820235
Total                        151735             11671                  1134962      3313205      5360145      5386796      5407643      10433857
Running experiment for throughput = 30000 req/s:
['/dev/shm/agent_shinjuku', '--firstcpu', '11', '--globalcpu', '11', '--ncpus', '7', '--preemption_time_slice', '65us']
['/dev/shm/rocksdb', '--print_format', 'pretty', '--noprint_distribution', '', '--noprint_ns', '', '--print_get', '', '--print_range', '', '--rocksdb_db_path', '/dev/shm/orch_db', '--throughput', '20000', '--range_query_ratio', '0.09', '--load_generator_cpus', '10', '--cfs_dispatcher_cpus', '11', '--num_workers', '200', '--worker_cpus', '', '--cfs_wait_type', 'spin', '--ghost_wait_type', 'prio_table', '--get_duration', '10us', '--range_duration', '5000us', '--get_exponential_mean', '0us', '--batch', '1', '--experiment_duration', '15s', '--discard_duration', '2s', '--scheduler', 'ghost', '--ghost_qos', '2', '--throughput', '30000']
RocksDB Stats:
Get:
Stage                        Total Requests     Throughput (req/s)     Min (us)     50% (us)     99% (us)     99.5% (us)   99.9% (us)   Max (us)
----------------------------------------------------------------------------------------------------------------------------------------------------
Ingress Queue Time           105531             8117                   3063862      6205349      9070955      9101236      9123398      9127608
Repeatable Handle Time       105531             8117                   0            0            2            2            2            358
Worker Queue Time            105531             8117                   0            0            16           24           69           30088
Worker Handle Time           105531             8117                   11           12           173          669          4280         375412
Total                        105531             8117                   3063892      6205434      9071005      9101271      9123421      9129701
Range:
Stage                        Total Requests     Throughput (req/s)     Min (us)     50% (us)     99% (us)     99.5% (us)   99.9% (us)   Max (us)
----------------------------------------------------------------------------------------------------------------------------------------------------
Ingress Queue Time           10422              801                    3064506      6134337      9067769      9099381      9122558      9127540
Repeatable Handle Time       10422              801                    0            0            2            2            3            7
Worker Queue Time            10422              801                    0            0            6            21           55           388
Worker Handle Time           10422              801                    6003         7784         67476        100733       282341       2443653
Total                        10422              801                    3071609      6145912      9080884      9110296      9134147      9562982
All:
Stage                        Total Requests     Throughput (req/s)     Min (us)     50% (us)     99% (us)     99.5% (us)   99.9% (us)   Max (us)
----------------------------------------------------------------------------------------------------------------------------------------------------
Ingress Queue Time           115953             8919                   3063862      6200441      9070914      9101194      9123393      9127608
Repeatable Handle Time       115953             8919                   0            0            2            2            2            358
Worker Queue Time            115953             8919                   0            0            16           23           68           30088
Worker Handle Time           115953             8919                   11           25           13247        24323        67299        2443653
Total                        115953             8919                   3063892      6202336      9072325      9102468      9123548      9562982
Running experiment for throughput = 40000 req/s:
['/dev/shm/agent_shinjuku', '--firstcpu', '11', '--globalcpu', '11', '--ncpus', '7', '--preemption_time_slice', '65us']
['/dev/shm/rocksdb', '--print_format', 'pretty', '--noprint_distribution', '', '--noprint_ns', '', '--print_get', '', '--print_range', '', '--rocksdb_db_path', '/dev/shm/orch_db', '--throughput', '20000', '--range_query_ratio', '0.09', '--load_generator_cpus', '10', '--cfs_dispatcher_cpus', '11', '--num_workers', '200', '--worker_cpus', '', '--cfs_wait_type', 'spin', '--ghost_wait_type', 'prio_table', '--get_duration', '10us', '--range_duration', '5000us', '--get_exponential_mean', '0us', '--batch', '1', '--experiment_duration', '15s', '--discard_duration', '2s', '--scheduler', 'ghost', '--ghost_qos', '2', '--throughput', '40000']
RocksDB Stats:
Get:
Stage                        Total Requests     Throughput (req/s)     Min (us)     50% (us)     99% (us)     99.5% (us)   99.9% (us)   Max (us)
----------------------------------------------------------------------------------------------------------------------------------------------------
Ingress Queue Time           104336             8025                   4149745      7091443      10071395     10092344     10126106     10130926
Repeatable Handle Time       104336             8025                   0            0            2            2            2            247
Worker Queue Time            104336             8025                   0            0            16           28           113          289719
Worker Handle Time           104336             8025                   11           12           177          699          3747         2590447
Total                        104336             8025                   4149757      7091456      10071423     10092359     10126126     10133289
Range:
Stage                        Total Requests     Throughput (req/s)     Min (us)     50% (us)     99% (us)     99.5% (us)   99.9% (us)   Max (us)
----------------------------------------------------------------------------------------------------------------------------------------------------
Ingress Queue Time           10188              783                    4149852      7127220      10070744     10096899     10124671     10130886
Repeatable Handle Time       10188              783                    0            0            2            2            2            10
Worker Queue Time            10188              783                    0            0            20           33           288          6965
Worker Handle Time           10188              783                    5638         7137         67133        126033       369774       4422785
Total                        10188              783                    4156713      7140853      10084280     10109060     10137654     10877411
All:
Stage                        Total Requests     Throughput (req/s)     Min (us)     50% (us)     99% (us)     99.5% (us)   99.9% (us)   Max (us)
----------------------------------------------------------------------------------------------------------------------------------------------------
Ingress Queue Time           114524             8809                   4149745      7093424      10071386     10094651     10126105     10130926
Repeatable Handle Time       114524             8809                   0            0            2            2            2            247
Worker Queue Time            114524             8809                   0            0            17           29           120          289719
Worker Handle Time           114524             8809                   11           12           14660        23383        65506        4422785
Total                        114524             8809                   4149757      7096020      10071487     10095913     10129021     10877411
Running experiment for throughput = 50000 req/s:
['/dev/shm/agent_shinjuku', '--firstcpu', '11', '--globalcpu', '11', '--ncpus', '7', '--preemption_time_slice', '65us']
['/dev/shm/rocksdb', '--print_format', 'pretty', '--noprint_distribution', '', '--noprint_ns', '', '--print_get', '', '--print_range', '', '--rocksdb_db_path', '/dev/shm/orch_db', '--throughput', '20000', '--range_query_ratio', '0.09', '--load_generator_cpus', '10', '--cfs_dispatcher_cpus', '11', '--num_workers', '200', '--worker_cpus', '', '--cfs_wait_type', 'spin', '--ghost_wait_type', 'prio_table', '--get_duration', '10us', '--range_duration', '5000us', '--get_exponential_mean', '0us', '--batch', '1', '--experiment_duration', '15s', '--discard_duration', '2s', '--scheduler', 'ghost', '--ghost_qos', '2', '--throughput', '50000']
RocksDB Stats:
Get:
Stage                        Total Requests     Throughput (req/s)     Min (us)     50% (us)     99% (us)     99.5% (us)   99.9% (us)   Max (us)
----------------------------------------------------------------------------------------------------------------------------------------------------
Ingress Queue Time           65437              5033                   6684274      9086282      11515214     11550466     11568382     11571537
Repeatable Handle Time       65437              5033                   0            0            2            2            3            12
Worker Queue Time            65437              5033                   0            0            0            21           62           29488
Worker Handle Time           65437              5033                   11           12           154          549          4434         520662
Total                        65437              5033                   6684289      9086314      11515242     11550496     11568444     11669045
Range:
Stage                        Total Requests     Throughput (req/s)     Min (us)     50% (us)     99% (us)     99.5% (us)   99.9% (us)   Max (us)
----------------------------------------------------------------------------------------------------------------------------------------------------
Ingress Queue Time           6536               502                    6684247      9119390      11523031     11547735     11567614     11571525
Repeatable Handle Time       6536               502                    0            0            2            2            3            6
Worker Queue Time            6536               502                    0            0            0            21           59           5964
Worker Handle Time           6536               502                    6862         8041         67347        98733        399720       3527284
Total                        6536               502                    6692392      9134207      11535604     11561688     11583586     12371840
All:
Stage                        Total Requests     Throughput (req/s)     Min (us)     50% (us)     99% (us)     99.5% (us)   99.9% (us)   Max (us)
----------------------------------------------------------------------------------------------------------------------------------------------------
Ingress Queue Time           71973              5536                   6684247      9088238      11515268     11550459     11568374     11571537
Repeatable Handle Time       71973              5536                   0            0            2            2            3            12
Worker Queue Time            71973              5536                   0            0            0            21           62           29488
Worker Handle Time           71973              5536                   11           12           15997        27819        67347        3527284
Total                        71973              5536                   6684289      9090044      11515893     11550632     11571264     12371840
Running experiment for throughput = 60000 req/s:
['/dev/shm/agent_shinjuku', '--firstcpu', '11', '--globalcpu', '11', '--ncpus', '7', '--preemption_time_slice', '65us']
['/dev/shm/rocksdb', '--print_format', 'pretty', '--noprint_distribution', '', '--noprint_ns', '', '--print_get', '', '--print_range', '', '--rocksdb_db_path', '/dev/shm/orch_db', '--throughput', '20000', '--range_query_ratio', '0.09', '--load_generator_cpus', '10', '--cfs_dispatcher_cpus', '11', '--num_workers', '200', '--worker_cpus', '', '--cfs_wait_type', 'spin', '--ghost_wait_type', 'prio_table', '--get_duration', '10us', '--range_duration', '5000us', '--get_exponential_mean', '0us', '--batch', '1', '--experiment_duration', '15s', '--discard_duration', '2s', '--scheduler', 'ghost', '--ghost_qos', '2', '--throughput', '60000']
RocksDB Stats:
Get:
Stage                        Total Requests     Throughput (req/s)     Min (us)     50% (us)     99% (us)     99.5% (us)   99.9% (us)   Max (us)
----------------------------------------------------------------------------------------------------------------------------------------------------
Ingress Queue Time           64402              4954                   7398522      9633648      11780812     11801571     11816047     11816859
Repeatable Handle Time       64402              4954                   0            0            2            2            3            1284
Worker Queue Time            64402              4954                   0            0            18           30           139          29624
Worker Handle Time           64402              4954                   10           12           240          961          4089         61065
Total                        64402              4954                   7398612      9633665      11780830     11801596     11816091     11818900
Range:
Stage                        Total Requests     Throughput (req/s)     Min (us)     50% (us)     99% (us)     99.5% (us)   99.9% (us)   Max (us)
----------------------------------------------------------------------------------------------------------------------------------------------------
Ingress Queue Time           6453               496                    7398677      9615188      11775059     11794675     11814807     11816855
Repeatable Handle Time       6453               496                    0            0            2            2            3            3
Worker Queue Time            6453               496                    0            0            16           24           77           125584
Worker Handle Time           6453               496                    6148         7083         61630        96719        502285       1641550
Total                        6453               496                    7405188      9627097      11785364     11808270     11842308     12107901
All:
Stage                        Total Requests     Throughput (req/s)     Min (us)     50% (us)     99% (us)     99.5% (us)   99.9% (us)   Max (us)
----------------------------------------------------------------------------------------------------------------------------------------------------
Ingress Queue Time           70855              5450                   7398522      9632135      11780796     11801528     11816046     11816859
Repeatable Handle Time       70855              5450                   0            0            2            2            3            1284
Worker Queue Time            70855              5450                   0            0            18           30           135          125584
Worker Handle Time           70855              5450                   10           25           13629        25126        59931        1641550
Total                        70855              5450                   7398612      9633597      11781389     11801615     11816180     12107901
Running experiment for throughput = 70000 req/s:
['/dev/shm/agent_shinjuku', '--firstcpu', '11', '--globalcpu', '11', '--ncpus', '7', '--preemption_time_slice', '65us']
['/dev/shm/rocksdb', '--print_format', 'pretty', '--noprint_distribution', '', '--noprint_ns', '', '--print_get', '', '--print_range', '', '--rocksdb_db_path', '/dev/shm/orch_db', '--throughput', '20000', '--range_query_ratio', '0.09', '--load_generator_cpus', '10', '--cfs_dispatcher_cpus', '11', '--num_workers', '200', '--worker_cpus', '', '--cfs_wait_type', 'spin', '--ghost_wait_type', 'prio_table', '--get_duration', '10us', '--range_duration', '5000us', '--get_exponential_mean', '0us', '--batch', '1', '--experiment_duration', '15s', '--discard_duration', '2s', '--scheduler', 'ghost', '--ghost_qos', '2', '--throughput', '70000']
RocksDB Stats:
Get:
Stage                        Total Requests     Throughput (req/s)     Min (us)     50% (us)     99% (us)     99.5% (us)   99.9% (us)   Max (us)
----------------------------------------------------------------------------------------------------------------------------------------------------
Ingress Queue Time           31375              2413                   10043406     11220518     12490110     12501480     12505702     12511895
Repeatable Handle Time       31375              2413                   0            0            2            2            3            15
Worker Queue Time            31375              2413                   0            0            18           28           75           3044
Worker Handle Time           31375              2413                   11           12           182          672          4978         252294
Total                        31375              2413                   10043418     11220556     12490150     12501514     12505733     12514716
Range:
Stage                        Total Requests     Throughput (req/s)     Min (us)     50% (us)     99% (us)     99.5% (us)   99.9% (us)   Max (us)
----------------------------------------------------------------------------------------------------------------------------------------------------
Ingress Queue Time           3039               233                    10043644     11277353     12489608     12499285     12510414     12510708
Repeatable Handle Time       3039               233                    0            0            2            2            3            8
Worker Queue Time            3039               233                    0            0            19           24           92           166
Worker Handle Time           3039               233                    6988         8390         57423        106743       227287       1299381
Total                        3039               233                    10051809     11289517     12499978     12511186     12522898     12570513
All:
Stage                        Total Requests     Throughput (req/s)     Min (us)     50% (us)     99% (us)     99.5% (us)   99.9% (us)   Max (us)
----------------------------------------------------------------------------------------------------------------------------------------------------
Ingress Queue Time           34414              2647                   10043406     11229993     12490024     12500653     12505715     12511895
Repeatable Handle Time       34414              2647                   0            0            2            2            3            15
Worker Queue Time            34414              2647                   0            0            18           27           75           3044
Worker Handle Time           34414              2647                   11           24           18016        25186        46935        1299381
Total                        34414              2647                   10043418     11230914     12490439     12501780     12510326     12570513
Running experiment for throughput = 80000 req/s:
['/dev/shm/agent_shinjuku', '--firstcpu', '11', '--globalcpu', '11', '--ncpus', '7', '--preemption_time_slice', '65us']
['/dev/shm/rocksdb', '--print_format', 'pretty', '--noprint_distribution', '', '--noprint_ns', '', '--print_get', '', '--print_range', '', '--rocksdb_db_path', '/dev/shm/orch_db', '--throughput', '20000', '--range_query_ratio', '0.09', '--load_generator_cpus', '10', '--cfs_dispatcher_cpus', '11', '--num_workers', '200', '--worker_cpus', '', '--cfs_wait_type', 'spin', '--ghost_wait_type', 'prio_table', '--get_duration', '10us', '--range_duration', '5000us', '--get_exponential_mean', '0us', '--batch', '1', '--experiment_duration', '15s', '--discard_duration', '2s', '--scheduler', 'ghost', '--ghost_qos', '2', '--throughput', '80000']
RocksDB Stats:
Get:
Stage                        Total Requests     Throughput (req/s)     Min (us)     50% (us)     99% (us)     99.5% (us)   99.9% (us)   Max (us)
----------------------------------------------------------------------------------------------------------------------------------------------------
Ingress Queue Time           31665              2435                   10363629     11480276     12544186     12549494     12561396     12565227
Repeatable Handle Time       31665              2435                   0            0            2            2            3            207
Worker Queue Time            31665              2435                   0            0            1            21           74           11576
Worker Handle Time           31665              2435                   11           12           205          697          3476         33749
Total                        31665              2435                   10363654     11480294     12544199     12549509     12561408     12565289
Range:
Stage                        Total Requests     Throughput (req/s)     Min (us)     50% (us)     99% (us)     99.5% (us)   99.9% (us)   Max (us)
----------------------------------------------------------------------------------------------------------------------------------------------------
Ingress Queue Time           3050               234                    10363691     11463644     12543351     12554992     12563200     12565284
Repeatable Handle Time       3050               234                    0            0            2            2            2            3
Worker Queue Time            3050               234                    0            0            0            20           55           245
Worker Handle Time           3050               234                    6217         7032         57571        71724        306612       1117256
Total                        3050               234                    10370276     11476981     12553493     12564258     12578262     12594437
All:
Stage                        Total Requests     Throughput (req/s)     Min (us)     50% (us)     99% (us)     99.5% (us)   99.9% (us)   Max (us)
----------------------------------------------------------------------------------------------------------------------------------------------------
Ingress Queue Time           34715              2670                   10363629     11479496     12544186     12549542     12561803     12565284
Repeatable Handle Time       34715              2670                   0            0            2            2            3            207
Worker Queue Time            34715              2670                   0            0            1            21           71           11576
Worker Handle Time           34715              2670                   11           25           12900        22900        53550        1117256
Total                        34715              2670                   10363654     11480053     12544504     12549616     12563320     12594437
Running experiment for throughput = 90000 req/s:
['/dev/shm/agent_shinjuku', '--firstcpu', '11', '--globalcpu', '11', '--ncpus', '7', '--preemption_time_slice', '65us']
['/dev/shm/rocksdb', '--print_format', 'pretty', '--noprint_distribution', '', '--noprint_ns', '', '--print_get', '', '--print_range', '', '--rocksdb_db_path', '/dev/shm/orch_db', '--throughput', '20000', '--range_query_ratio', '0.09', '--load_generator_cpus', '10', '--cfs_dispatcher_cpus', '11', '--num_workers', '200', '--worker_cpus', '', '--cfs_wait_type', 'spin', '--ghost_wait_type', 'prio_table', '--get_duration', '10us', '--range_duration', '5000us', '--get_exponential_mean', '0us', '--batch', '1', '--experiment_duration', '15s', '--discard_duration', '2s', '--scheduler', 'ghost', '--ghost_qos', '2', '--throughput', '90000']
RocksDB Stats:
Get:
Stage                        Total Requests     Throughput (req/s)     Min (us)     50% (us)     99% (us)     99.5% (us)   99.9% (us)   Max (us)
----------------------------------------------------------------------------------------------------------------------------------------------------
Ingress Queue Time           -                  -                      -            -            -            -            -            -
Repeatable Handle Time       -                  -                      -            -            -            -            -            -
Worker Queue Time            -                  -                      -            -            -            -            -            -
Worker Handle Time           -                  -                      -            -            -            -            -            -
Total                        -                  -                      -            -            -            -            -            -
Range:
Stage                        Total Requests     Throughput (req/s)     Min (us)     50% (us)     99% (us)     99.5% (us)   99.9% (us)   Max (us)
----------------------------------------------------------------------------------------------------------------------------------------------------
Ingress Queue Time           -                  -                      -            -            -            -            -            -
Repeatable Handle Time       -                  -                      -            -            -            -            -            -
Worker Queue Time            -                  -                      -            -            -            -            -            -
Worker Handle Time           -                  -                      -            -            -            -            -            -
Total                        -                  -                      -            -            -            -            -            -
All:
Stage                        Total Requests     Throughput (req/s)     Min (us)     50% (us)     99% (us)     99.5% (us)   99.9% (us)   Max (us)
----------------------------------------------------------------------------------------------------------------------------------------------------
Ingress Queue Time           -                  -                      -            -            -            -            -            -
Repeatable Handle Time       -                  -                      -            -            -            -            -            -
Worker Queue Time            -                  -                      -            -            -            -            -            -
Worker Handle Time           -                  -                      -            -            -            -            -            -
Total                        -                  -                      -            -            -            -            -            -
Running experiment for throughput = 100000 req/s:
['/dev/shm/agent_shinjuku', '--firstcpu', '11', '--globalcpu', '11', '--ncpus', '7', '--preemption_time_slice', '65us']
['/dev/shm/rocksdb', '--print_format', 'pretty', '--noprint_distribution', '', '--noprint_ns', '', '--print_get', '', '--print_range', '', '--rocksdb_db_path', '/dev/shm/orch_db', '--throughput', '20000', '--range_query_ratio', '0.09', '--load_generator_cpus', '10', '--cfs_dispatcher_cpus', '11', '--num_workers', '200', '--worker_cpus', '', '--cfs_wait_type', 'spin', '--ghost_wait_type', 'prio_table', '--get_duration', '10us', '--range_duration', '5000us', '--get_exponential_mean', '0us', '--batch', '1', '--experiment_duration', '15s', '--discard_duration', '2s', '--scheduler', 'ghost', '--ghost_qos', '2', '--throughput', '100000']
RocksDB Stats:
Get:
Stage                        Total Requests     Throughput (req/s)     Min (us)     50% (us)     99% (us)     99.5% (us)   99.9% (us)   Max (us)
----------------------------------------------------------------------------------------------------------------------------------------------------
Ingress Queue Time           -                  -                      -            -            -            -            -            -
Repeatable Handle Time       -                  -                      -            -            -            -            -            -
Worker Queue Time            -                  -                      -            -            -            -            -            -
Worker Handle Time           -                  -                      -            -            -            -            -            -
Total                        -                  -                      -            -            -            -            -            -
Range:
Stage                        Total Requests     Throughput (req/s)     Min (us)     50% (us)     99% (us)     99.5% (us)   99.9% (us)   Max (us)
----------------------------------------------------------------------------------------------------------------------------------------------------
Ingress Queue Time           -                  -                      -            -            -            -            -            -
Repeatable Handle Time       -                  -                      -            -            -            -            -            -
Worker Queue Time            -                  -                      -            -            -            -            -            -
Worker Handle Time           -                  -                      -            -            -            -            -            -
Total                        -                  -                      -            -            -            -            -            -
All:
Stage                        Total Requests     Throughput (req/s)     Min (us)     50% (us)     99% (us)     99.5% (us)   99.9% (us)   Max (us)
----------------------------------------------------------------------------------------------------------------------------------------------------
Ingress Queue Time           -                  -                      -            -            -            -            -            -
Repeatable Handle Time       -                  -                      -            -            -            -            -            -
Worker Queue Time            -                  -                      -            -            -            -            -            -
Worker Handle Time           -                  -                      -            -            -            -            -            -
Total                        -                  -                      -            -            -            -            -            -
Running experiment for throughput = 110000 req/s:
['/dev/shm/agent_shinjuku', '--firstcpu', '11', '--globalcpu', '11', '--ncpus', '7', '--preemption_time_slice', '65us']
['/dev/shm/rocksdb', '--print_format', 'pretty', '--noprint_distribution', '', '--noprint_ns', '', '--print_get', '', '--print_range', '', '--rocksdb_db_path', '/dev/shm/orch_db', '--throughput', '20000', '--range_query_ratio', '0.09', '--load_generator_cpus', '10', '--cfs_dispatcher_cpus', '11', '--num_workers', '200', '--worker_cpus', '', '--cfs_wait_type', 'spin', '--ghost_wait_type', 'prio_table', '--get_duration', '10us', '--range_duration', '5000us', '--get_exponential_mean', '0us', '--batch', '1', '--experiment_duration', '15s', '--discard_duration', '2s', '--scheduler', 'ghost', '--ghost_qos', '2', '--throughput', '110000']
RocksDB Stats:
Get:
Stage                        Total Requests     Throughput (req/s)     Min (us)     50% (us)     99% (us)     99.5% (us)   99.9% (us)   Max (us)
----------------------------------------------------------------------------------------------------------------------------------------------------
Ingress Queue Time           -                  -                      -            -            -            -            -            -
Repeatable Handle Time       -                  -                      -            -            -            -            -            -
Worker Queue Time            -                  -                      -            -            -            -            -            -
Worker Handle Time           -                  -                      -            -            -            -            -            -
Total                        -                  -                      -            -            -            -            -            -
Range:
Stage                        Total Requests     Throughput (req/s)     Min (us)     50% (us)     99% (us)     99.5% (us)   99.9% (us)   Max (us)
----------------------------------------------------------------------------------------------------------------------------------------------------
Ingress Queue Time           -                  -                      -            -            -            -            -            -
Repeatable Handle Time       -                  -                      -            -            -            -            -            -
Worker Queue Time            -                  -                      -            -            -            -            -            -
Worker Handle Time           -                  -                      -            -            -            -            -            -
Total                        -                  -                      -            -            -            -            -            -
All:
Stage                        Total Requests     Throughput (req/s)     Min (us)     50% (us)     99% (us)     99.5% (us)   99.9% (us)   Max (us)
----------------------------------------------------------------------------------------------------------------------------------------------------
Ingress Queue Time           -                  -                      -            -            -            -            -            -
Repeatable Handle Time       -                  -                      -            -            -            -            -            -
Worker Queue Time            -                  -                      -            -            -            -            -            -
Worker Handle Time           -                  -                      -            -            -            -            -            -
Total                        -                  -                      -            -            -            -            -            -
Running experiment for throughput = 120000 req/s:
['/dev/shm/agent_shinjuku', '--firstcpu', '11', '--globalcpu', '11', '--ncpus', '7', '--preemption_time_slice', '65us']
['/dev/shm/rocksdb', '--print_format', 'pretty', '--noprint_distribution', '', '--noprint_ns', '', '--print_get', '', '--print_range', '', '--rocksdb_db_path', '/dev/shm/orch_db', '--throughput', '20000', '--range_query_ratio', '0.09', '--load_generator_cpus', '10', '--cfs_dispatcher_cpus', '11', '--num_workers', '200', '--worker_cpus', '', '--cfs_wait_type', 'spin', '--ghost_wait_type', 'prio_table', '--get_duration', '10us', '--range_duration', '5000us', '--get_exponential_mean', '0us', '--batch', '1', '--experiment_duration', '15s', '--discard_duration', '2s', '--scheduler', 'ghost', '--ghost_qos', '2', '--throughput', '120000']
RocksDB Stats:
Get:
Stage                        Total Requests     Throughput (req/s)     Min (us)     50% (us)     99% (us)     99.5% (us)   99.9% (us)   Max (us)
----------------------------------------------------------------------------------------------------------------------------------------------------
Ingress Queue Time           -                  -                      -            -            -            -            -            -
Repeatable Handle Time       -                  -                      -            -            -            -            -            -
Worker Queue Time            -                  -                      -            -            -            -            -            -
Worker Handle Time           -                  -                      -            -            -            -            -            -
Total                        -                  -                      -            -            -            -            -            -
Range:
Stage                        Total Requests     Throughput (req/s)     Min (us)     50% (us)     99% (us)     99.5% (us)   99.9% (us)   Max (us)
----------------------------------------------------------------------------------------------------------------------------------------------------
Ingress Queue Time           -                  -                      -            -            -            -            -            -
Repeatable Handle Time       -                  -                      -            -            -            -            -            -
Worker Queue Time            -                  -                      -            -            -            -            -            -
Worker Handle Time           -                  -                      -            -            -            -            -            -
Total                        -                  -                      -            -            -            -            -            -
All:
Stage                        Total Requests     Throughput (req/s)     Min (us)     50% (us)     99% (us)     99.5% (us)   99.9% (us)   Max (us)
----------------------------------------------------------------------------------------------------------------------------------------------------
Ingress Queue Time           -                  -                      -            -            -            -            -            -
Repeatable Handle Time       -                  -                      -            -            -            -            -            -
Worker Queue Time            -                  -                      -            -            -            -            -            -
Worker Handle Time           -                  -                      -            -            -            -            -            -
Total                        -                  -                      -            -            -            -            -            -
Running experiment for throughput = 130000 req/s:
['/dev/shm/agent_shinjuku', '--firstcpu', '11', '--globalcpu', '11', '--ncpus', '7', '--preemption_time_slice', '65us']
['/dev/shm/rocksdb', '--print_format', 'pretty', '--noprint_distribution', '', '--noprint_ns', '', '--print_get', '', '--print_range', '', '--rocksdb_db_path', '/dev/shm/orch_db', '--throughput', '20000', '--range_query_ratio', '0.09', '--load_generator_cpus', '10', '--cfs_dispatcher_cpus', '11', '--num_workers', '200', '--worker_cpus', '', '--cfs_wait_type', 'spin', '--ghost_wait_type', 'prio_table', '--get_duration', '10us', '--range_duration', '5000us', '--get_exponential_mean', '0us', '--batch', '1', '--experiment_duration', '15s', '--discard_duration', '2s', '--scheduler', 'ghost', '--ghost_qos', '2', '--throughput', '130000']
RocksDB Stats:
Get:
Stage                        Total Requests     Throughput (req/s)     Min (us)     50% (us)     99% (us)     99.5% (us)   99.9% (us)   Max (us)
----------------------------------------------------------------------------------------------------------------------------------------------------
Ingress Queue Time           -                  -                      -            -            -            -            -            -
Repeatable Handle Time       -                  -                      -            -            -            -            -            -
Worker Queue Time            -                  -                      -            -            -            -            -            -
Worker Handle Time           -                  -                      -            -            -            -            -            -
Total                        -                  -                      -            -            -            -            -            -
Range:
Stage                        Total Requests     Throughput (req/s)     Min (us)     50% (us)     99% (us)     99.5% (us)   99.9% (us)   Max (us)
----------------------------------------------------------------------------------------------------------------------------------------------------
Ingress Queue Time           -                  -                      -            -            -            -            -            -
Repeatable Handle Time       -                  -                      -            -            -            -            -            -
Worker Queue Time            -                  -                      -            -            -            -            -            -
Worker Handle Time           -                  -                      -            -            -            -            -            -
Total                        -                  -                      -            -            -            -            -            -
All:
Stage                        Total Requests     Throughput (req/s)     Min (us)     50% (us)     99% (us)     99.5% (us)   99.9% (us)   Max (us)
----------------------------------------------------------------------------------------------------------------------------------------------------
Ingress Queue Time           -                  -                      -            -            -            -            -            -
Repeatable Handle Time       -                  -                      -            -            -            -            -            -
Worker Queue Time            -                  -                      -            -            -            -            -            -
Worker Handle Time           -                  -                      -            -            -            -            -            -
Total                        -                  -                      -            -            -            -            -            -
Running experiment for throughput = 140000 req/s:
['/dev/shm/agent_shinjuku', '--firstcpu', '11', '--globalcpu', '11', '--ncpus', '7', '--preemption_time_slice', '65us']
['/dev/shm/rocksdb', '--print_format', 'pretty', '--noprint_distribution', '', '--noprint_ns', '', '--print_get', '', '--print_range', '', '--rocksdb_db_path', '/dev/shm/orch_db', '--throughput', '20000', '--range_query_ratio', '0.09', '--load_generator_cpus', '10', '--cfs_dispatcher_cpus', '11', '--num_workers', '200', '--worker_cpus', '', '--cfs_wait_type', 'spin', '--ghost_wait_type', 'prio_table', '--get_duration', '10us', '--range_duration', '5000us', '--get_exponential_mean', '0us', '--batch', '1', '--experiment_duration', '15s', '--discard_duration', '2s', '--scheduler', 'ghost', '--ghost_qos', '2', '--throughput', '140000']
RocksDB Stats:
Get:
Stage                        Total Requests     Throughput (req/s)     Min (us)     50% (us)     99% (us)     99.5% (us)   99.9% (us)   Max (us)
----------------------------------------------------------------------------------------------------------------------------------------------------
Ingress Queue Time           -                  -                      -            -            -            -            -            -
Repeatable Handle Time       -                  -                      -            -            -            -            -            -
Worker Queue Time            -                  -                      -            -            -            -            -            -
Worker Handle Time           -                  -                      -            -            -            -            -            -
Total                        -                  -                      -            -            -            -            -            -
Range:
Stage                        Total Requests     Throughput (req/s)     Min (us)     50% (us)     99% (us)     99.5% (us)   99.9% (us)   Max (us)
----------------------------------------------------------------------------------------------------------------------------------------------------
Ingress Queue Time           -                  -                      -            -            -            -            -            -
Repeatable Handle Time       -                  -                      -            -            -            -            -            -
Worker Queue Time            -                  -                      -            -            -            -            -            -
Worker Handle Time           -                  -                      -            -            -            -            -            -
Total                        -                  -                      -            -            -            -            -            -
All:
Stage                        Total Requests     Throughput (req/s)     Min (us)     50% (us)     99% (us)     99.5% (us)   99.9% (us)   Max (us)
----------------------------------------------------------------------------------------------------------------------------------------------------
Ingress Queue Time           -                  -                      -            -            -            -            -            -
Repeatable Handle Time       -                  -                      -            -            -            -            -            -
Worker Queue Time            -                  -                      -            -            -            -            -            -
Worker Handle Time           -                  -                      -            -            -            -            -            -
Total                        -                  -                      -            -            -            -            -            -
Running experiment for throughput = 141000 req/s:
['/dev/shm/agent_shinjuku', '--firstcpu', '11', '--globalcpu', '11', '--ncpus', '7', '--preemption_time_slice', '65us']
['/dev/shm/rocksdb', '--print_format', 'pretty', '--noprint_distribution', '', '--noprint_ns', '', '--print_get', '', '--print_range', '', '--rocksdb_db_path', '/dev/shm/orch_db', '--throughput', '20000', '--range_query_ratio', '0.09', '--load_generator_cpus', '10', '--cfs_dispatcher_cpus', '11', '--num_workers', '200', '--worker_cpus', '', '--cfs_wait_type', 'spin', '--ghost_wait_type', 'prio_table', '--get_duration', '10us', '--range_duration', '5000us', '--get_exponential_mean', '0us', '--batch', '1', '--experiment_duration', '15s', '--discard_duration', '2s', '--scheduler', 'ghost', '--ghost_qos', '2', '--throughput', '141000']
RocksDB Stats:
Get:
Stage                        Total Requests     Throughput (req/s)     Min (us)     50% (us)     99% (us)     99.5% (us)   99.9% (us)   Max (us)
----------------------------------------------------------------------------------------------------------------------------------------------------
Ingress Queue Time           -                  -                      -            -            -            -            -            -
Repeatable Handle Time       -                  -                      -            -            -            -            -            -
Worker Queue Time            -                  -                      -            -            -            -            -            -
Worker Handle Time           -                  -                      -            -            -            -            -            -
Total                        -                  -                      -            -            -            -            -            -
Range:
Stage                        Total Requests     Throughput (req/s)     Min (us)     50% (us)     99% (us)     99.5% (us)   99.9% (us)   Max (us)
----------------------------------------------------------------------------------------------------------------------------------------------------
Ingress Queue Time           -                  -                      -            -            -            -            -            -
Repeatable Handle Time       -                  -                      -            -            -            -            -            -
Worker Queue Time            -                  -                      -            -            -            -            -            -
Worker Handle Time           -                  -                      -            -            -            -            -            -
Total                        -                  -                      -            -            -            -            -            -
All:
Stage                        Total Requests     Throughput (req/s)     Min (us)     50% (us)     99% (us)     99.5% (us)   99.9% (us)   Max (us)
----------------------------------------------------------------------------------------------------------------------------------------------------
Ingress Queue Time           -                  -                      -            -            -            -            -            -
Repeatable Handle Time       -                  -                      -            -            -            -            -            -
Worker Queue Time            -                  -                      -            -            -            -            -            -
Worker Handle Time           -                  -                      -            -            -            -            -            -
Total                        -                  -                      -            -            -            -            -            -
Running experiment for throughput = 142000 req/s:
['/dev/shm/agent_shinjuku', '--firstcpu', '11', '--globalcpu', '11', '--ncpus', '7', '--preemption_time_slice', '65us']
['/dev/shm/rocksdb', '--print_format', 'pretty', '--noprint_distribution', '', '--noprint_ns', '', '--print_get', '', '--print_range', '', '--rocksdb_db_path', '/dev/shm/orch_db', '--throughput', '20000', '--range_query_ratio', '0.09', '--load_generator_cpus', '10', '--cfs_dispatcher_cpus', '11', '--num_workers', '200', '--worker_cpus', '', '--cfs_wait_type', 'spin', '--ghost_wait_type', 'prio_table', '--get_duration', '10us', '--range_duration', '5000us', '--get_exponential_mean', '0us', '--batch', '1', '--experiment_duration', '15s', '--discard_duration', '2s', '--scheduler', 'ghost', '--ghost_qos', '2', '--throughput', '142000']
RocksDB Stats:
Get:
Stage                        Total Requests     Throughput (req/s)     Min (us)     50% (us)     99% (us)     99.5% (us)   99.9% (us)   Max (us)
----------------------------------------------------------------------------------------------------------------------------------------------------
Ingress Queue Time           -                  -                      -            -            -            -            -            -
Repeatable Handle Time       -                  -                      -            -            -            -            -            -
Worker Queue Time            -                  -                      -            -            -            -            -            -
Worker Handle Time           -                  -                      -            -            -            -            -            -
Total                        -                  -                      -            -            -            -            -            -
Range:
Stage                        Total Requests     Throughput (req/s)     Min (us)     50% (us)     99% (us)     99.5% (us)   99.9% (us)   Max (us)
----------------------------------------------------------------------------------------------------------------------------------------------------
Ingress Queue Time           -                  -                      -            -            -            -            -            -
Repeatable Handle Time       -                  -                      -            -            -            -            -            -
Worker Queue Time            -                  -                      -            -            -            -            -            -
Worker Handle Time           -                  -                      -            -            -            -            -            -
Total                        -                  -                      -            -            -            -            -            -
All:
Stage                        Total Requests     Throughput (req/s)     Min (us)     50% (us)     99% (us)     99.5% (us)   99.9% (us)   Max (us)
----------------------------------------------------------------------------------------------------------------------------------------------------
Ingress Queue Time           -                  -                      -            -            -            -            -            -
Repeatable Handle Time       -                  -                      -            -            -            -            -            -
Worker Queue Time            -                  -                      -            -            -            -            -            -
Worker Handle Time           -                  -                      -            -            -            -            -            -
Total                        -                  -                      -            -            -            -            -            -
Running experiment for throughput = 143000 req/s:
['/dev/shm/agent_shinjuku', '--firstcpu', '11', '--globalcpu', '11', '--ncpus', '7', '--preemption_time_slice', '65us']
['/dev/shm/rocksdb', '--print_format', 'pretty', '--noprint_distribution', '', '--noprint_ns', '', '--print_get', '', '--print_range', '', '--rocksdb_db_path', '/dev/shm/orch_db', '--throughput', '20000', '--range_query_ratio', '0.09', '--load_generator_cpus', '10', '--cfs_dispatcher_cpus', '11', '--num_workers', '200', '--worker_cpus', '', '--cfs_wait_type', 'spin', '--ghost_wait_type', 'prio_table', '--get_duration', '10us', '--range_duration', '5000us', '--get_exponential_mean', '0us', '--batch', '1', '--experiment_duration', '15s', '--discard_duration', '2s', '--scheduler', 'ghost', '--ghost_qos', '2', '--throughput', '143000']
RocksDB Stats:
Get:
Stage                        Total Requests     Throughput (req/s)     Min (us)     50% (us)     99% (us)     99.5% (us)   99.9% (us)   Max (us)
----------------------------------------------------------------------------------------------------------------------------------------------------
Ingress Queue Time           -                  -                      -            -            -            -            -            -
Repeatable Handle Time       -                  -                      -            -            -            -            -            -
Worker Queue Time            -                  -                      -            -            -            -            -            -
Worker Handle Time           -                  -                      -            -            -            -            -            -
Total                        -                  -                      -            -            -            -            -            -
Range:
Stage                        Total Requests     Throughput (req/s)     Min (us)     50% (us)     99% (us)     99.5% (us)   99.9% (us)   Max (us)
----------------------------------------------------------------------------------------------------------------------------------------------------
Ingress Queue Time           -                  -                      -            -            -            -            -            -
Repeatable Handle Time       -                  -                      -            -            -            -            -            -
Worker Queue Time            -                  -                      -            -            -            -            -            -
Worker Handle Time           -                  -                      -            -            -            -            -            -
Total                        -                  -                      -            -            -            -            -            -
All:
Stage                        Total Requests     Throughput (req/s)     Min (us)     50% (us)     99% (us)     99.5% (us)   99.9% (us)   Max (us)
----------------------------------------------------------------------------------------------------------------------------------------------------
Ingress Queue Time           -                  -                      -            -            -            -            -            -
Repeatable Handle Time       -                  -                      -            -            -            -            -            -
Worker Queue Time            -                  -                      -            -            -            -            -            -
Worker Handle Time           -                  -                      -            -            -            -            -            -
Total                        -                  -                      -            -            -            -            -            -
Running experiment for throughput = 144000 req/s:
['/dev/shm/agent_shinjuku', '--firstcpu', '11', '--globalcpu', '11', '--ncpus', '7', '--preemption_time_slice', '65us']
['/dev/shm/rocksdb', '--print_format', 'pretty', '--noprint_distribution', '', '--noprint_ns', '', '--print_get', '', '--print_range', '', '--rocksdb_db_path', '/dev/shm/orch_db', '--throughput', '20000', '--range_query_ratio', '0.09', '--load_generator_cpus', '10', '--cfs_dispatcher_cpus', '11', '--num_workers', '200', '--worker_cpus', '', '--cfs_wait_type', 'spin', '--ghost_wait_type', 'prio_table', '--get_duration', '10us', '--range_duration', '5000us', '--get_exponential_mean', '0us', '--batch', '1', '--experiment_duration', '15s', '--discard_duration', '2s', '--scheduler', 'ghost', '--ghost_qos', '2', '--throughput', '144000']
RocksDB Stats:
Get:
Stage                        Total Requests     Throughput (req/s)     Min (us)     50% (us)     99% (us)     99.5% (us)   99.9% (us)   Max (us)
----------------------------------------------------------------------------------------------------------------------------------------------------
Ingress Queue Time           -                  -                      -            -            -            -            -            -
Repeatable Handle Time       -                  -                      -            -            -            -            -            -
Worker Queue Time            -                  -                      -            -            -            -            -            -
Worker Handle Time           -                  -                      -            -            -            -            -            -
Total                        -                  -                      -            -            -            -            -            -
Range:
Stage                        Total Requests     Throughput (req/s)     Min (us)     50% (us)     99% (us)     99.5% (us)   99.9% (us)   Max (us)
----------------------------------------------------------------------------------------------------------------------------------------------------
Ingress Queue Time           -                  -                      -            -            -            -            -            -
Repeatable Handle Time       -                  -                      -            -            -            -            -            -
Worker Queue Time            -                  -                      -            -            -            -            -            -
Worker Handle Time           -                  -                      -            -            -            -            -            -
Total                        -                  -                      -            -            -            -            -            -
All:
Stage                        Total Requests     Throughput (req/s)     Min (us)     50% (us)     99% (us)     99.5% (us)   99.9% (us)   Max (us)
----------------------------------------------------------------------------------------------------------------------------------------------------
Ingress Queue Time           -                  -                      -            -            -            -            -            -
Repeatable Handle Time       -                  -                      -            -            -            -            -            -
Worker Queue Time            -                  -                      -            -            -            -            -            -
Worker Handle Time           -                  -                      -            -            -            -            -            -
Total                        -                  -                      -            -            -            -            -            -
Running experiment for throughput = 145000 req/s:
['/dev/shm/agent_shinjuku', '--firstcpu', '11', '--globalcpu', '11', '--ncpus', '7', '--preemption_time_slice', '65us']
['/dev/shm/rocksdb', '--print_format', 'pretty', '--noprint_distribution', '', '--noprint_ns', '', '--print_get', '', '--print_range', '', '--rocksdb_db_path', '/dev/shm/orch_db', '--throughput', '20000', '--range_query_ratio', '0.09', '--load_generator_cpus', '10', '--cfs_dispatcher_cpus', '11', '--num_workers', '200', '--worker_cpus', '', '--cfs_wait_type', 'spin', '--ghost_wait_type', 'prio_table', '--get_duration', '10us', '--range_duration', '5000us', '--get_exponential_mean', '0us', '--batch', '1', '--experiment_duration', '15s', '--discard_duration', '2s', '--scheduler', 'ghost', '--ghost_qos', '2', '--throughput', '145000']
RocksDB Stats:
Get:
Stage                        Total Requests     Throughput (req/s)     Min (us)     50% (us)     99% (us)     99.5% (us)   99.9% (us)   Max (us)
----------------------------------------------------------------------------------------------------------------------------------------------------
Ingress Queue Time           -                  -                      -            -            -            -            -            -
Repeatable Handle Time       -                  -                      -            -            -            -            -            -
Worker Queue Time            -                  -                      -            -            -            -            -            -
Worker Handle Time           -                  -                      -            -            -            -            -            -
Total                        -                  -                      -            -            -            -            -            -
Range:
Stage                        Total Requests     Throughput (req/s)     Min (us)     50% (us)     99% (us)     99.5% (us)   99.9% (us)   Max (us)
----------------------------------------------------------------------------------------------------------------------------------------------------
Ingress Queue Time           -                  -                      -            -            -            -            -            -
Repeatable Handle Time       -                  -                      -            -            -            -            -            -
Worker Queue Time            -                  -                      -            -            -            -            -            -
Worker Handle Time           -                  -                      -            -            -            -            -            -
Total                        -                  -                      -            -            -            -            -            -
All:
Stage                        Total Requests     Throughput (req/s)     Min (us)     50% (us)     99% (us)     99.5% (us)   99.9% (us)   Max (us)
----------------------------------------------------------------------------------------------------------------------------------------------------
Ingress Queue Time           -                  -                      -            -            -            -            -            -
Repeatable Handle Time       -                  -                      -            -            -            -            -            -
Worker Queue Time            -                  -                      -            -            -            -            -            -
Worker Handle Time           -                  -                      -            -            -            -            -            -
Total                        -                  -                      -            -            -            -            -            -
Running experiment for throughput = 146000 req/s:
['/dev/shm/agent_shinjuku', '--firstcpu', '11', '--globalcpu', '11', '--ncpus', '7', '--preemption_time_slice', '65us']
['/dev/shm/rocksdb', '--print_format', 'pretty', '--noprint_distribution', '', '--noprint_ns', '', '--print_get', '', '--print_range', '', '--rocksdb_db_path', '/dev/shm/orch_db', '--throughput', '20000', '--range_query_ratio', '0.09', '--load_generator_cpus', '10', '--cfs_dispatcher_cpus', '11', '--num_workers', '200', '--worker_cpus', '', '--cfs_wait_type', 'spin', '--ghost_wait_type', 'prio_table', '--get_duration', '10us', '--range_duration', '5000us', '--get_exponential_mean', '0us', '--batch', '1', '--experiment_duration', '15s', '--discard_duration', '2s', '--scheduler', 'ghost', '--ghost_qos', '2', '--throughput', '146000']
RocksDB Stats:
Get:
Stage                        Total Requests     Throughput (req/s)     Min (us)     50% (us)     99% (us)     99.5% (us)   99.9% (us)   Max (us)
----------------------------------------------------------------------------------------------------------------------------------------------------
Ingress Queue Time           -                  -                      -            -            -            -            -            -
Repeatable Handle Time       -                  -                      -            -            -            -            -            -
Worker Queue Time            -                  -                      -            -            -            -            -            -
Worker Handle Time           -                  -                      -            -            -            -            -            -
Total                        -                  -                      -            -            -            -            -            -
Range:
Stage                        Total Requests     Throughput (req/s)     Min (us)     50% (us)     99% (us)     99.5% (us)   99.9% (us)   Max (us)
----------------------------------------------------------------------------------------------------------------------------------------------------
Ingress Queue Time           -                  -                      -            -            -            -            -            -
Repeatable Handle Time       -                  -                      -            -            -            -            -            -
Worker Queue Time            -                  -                      -            -            -            -            -            -
Worker Handle Time           -                  -                      -            -            -            -            -            -
Total                        -                  -                      -            -            -            -            -            -
All:
Stage                        Total Requests     Throughput (req/s)     Min (us)     50% (us)     99% (us)     99.5% (us)   99.9% (us)   Max (us)
----------------------------------------------------------------------------------------------------------------------------------------------------
Ingress Queue Time           -                  -                      -            -            -            -            -            -
Repeatable Handle Time       -                  -                      -            -            -            -            -            -
Worker Queue Time            -                  -                      -            -            -            -            -            -
Worker Handle Time           -                  -                      -            -            -            -            -            -
Total                        -                  -                      -            -            -            -            -            -
Running experiment for throughput = 147000 req/s:
['/dev/shm/agent_shinjuku', '--firstcpu', '11', '--globalcpu', '11', '--ncpus', '7', '--preemption_time_slice', '65us']
['/dev/shm/rocksdb', '--print_format', 'pretty', '--noprint_distribution', '', '--noprint_ns', '', '--print_get', '', '--print_range', '', '--rocksdb_db_path', '/dev/shm/orch_db', '--throughput', '20000', '--range_query_ratio', '0.09', '--load_generator_cpus', '10', '--cfs_dispatcher_cpus', '11', '--num_workers', '200', '--worker_cpus', '', '--cfs_wait_type', 'spin', '--ghost_wait_type', 'prio_table', '--get_duration', '10us', '--range_duration', '5000us', '--get_exponential_mean', '0us', '--batch', '1', '--experiment_duration', '15s', '--discard_duration', '2s', '--scheduler', 'ghost', '--ghost_qos', '2', '--throughput', '147000']
RocksDB Stats:
Get:
Stage                        Total Requests     Throughput (req/s)     Min (us)     50% (us)     99% (us)     99.5% (us)   99.9% (us)   Max (us)
----------------------------------------------------------------------------------------------------------------------------------------------------
Ingress Queue Time           -                  -                      -            -            -            -            -            -
Repeatable Handle Time       -                  -                      -            -            -            -            -            -
Worker Queue Time            -                  -                      -            -            -            -            -            -
Worker Handle Time           -                  -                      -            -            -            -            -            -
Total                        -                  -                      -            -            -            -            -            -
Range:
Stage                        Total Requests     Throughput (req/s)     Min (us)     50% (us)     99% (us)     99.5% (us)   99.9% (us)   Max (us)
----------------------------------------------------------------------------------------------------------------------------------------------------
Ingress Queue Time           -                  -                      -            -            -            -            -            -
Repeatable Handle Time       -                  -                      -            -            -            -            -            -
Worker Queue Time            -                  -                      -            -            -            -            -            -
Worker Handle Time           -                  -                      -            -            -            -            -            -
Total                        -                  -                      -            -            -            -            -            -
All:
Stage                        Total Requests     Throughput (req/s)     Min (us)     50% (us)     99% (us)     99.5% (us)   99.9% (us)   Max (us)
----------------------------------------------------------------------------------------------------------------------------------------------------
Ingress Queue Time           -                  -                      -            -            -            -            -            -
Repeatable Handle Time       -                  -                      -            -            -            -            -            -
Worker Queue Time            -                  -                      -            -            -            -            -            -
Worker Handle Time           -                  -                      -            -            -            -            -            -
Total                        -                  -                      -            -            -            -            -            -
Running experiment for throughput = 148000 req/s:
['/dev/shm/agent_shinjuku', '--firstcpu', '11', '--globalcpu', '11', '--ncpus', '7', '--preemption_time_slice', '65us']
['/dev/shm/rocksdb', '--print_format', 'pretty', '--noprint_distribution', '', '--noprint_ns', '', '--print_get', '', '--print_range', '', '--rocksdb_db_path', '/dev/shm/orch_db', '--throughput', '20000', '--range_query_ratio', '0.09', '--load_generator_cpus', '10', '--cfs_dispatcher_cpus', '11', '--num_workers', '200', '--worker_cpus', '', '--cfs_wait_type', 'spin', '--ghost_wait_type', 'prio_table', '--get_duration', '10us', '--range_duration', '5000us', '--get_exponential_mean', '0us', '--batch', '1', '--experiment_duration', '15s', '--discard_duration', '2s', '--scheduler', 'ghost', '--ghost_qos', '2', '--throughput', '148000']
RocksDB Stats:
Get:
Stage                        Total Requests     Throughput (req/s)     Min (us)     50% (us)     99% (us)     99.5% (us)   99.9% (us)   Max (us)
----------------------------------------------------------------------------------------------------------------------------------------------------
Ingress Queue Time           -                  -                      -            -            -            -            -            -
Repeatable Handle Time       -                  -                      -            -            -            -            -            -
Worker Queue Time            -                  -                      -            -            -            -            -            -
Worker Handle Time           -                  -                      -            -            -            -            -            -
Total                        -                  -                      -            -            -            -            -            -
Range:
Stage                        Total Requests     Throughput (req/s)     Min (us)     50% (us)     99% (us)     99.5% (us)   99.9% (us)   Max (us)
----------------------------------------------------------------------------------------------------------------------------------------------------
Ingress Queue Time           -                  -                      -            -            -            -            -            -
Repeatable Handle Time       -                  -                      -            -            -            -            -            -
Worker Queue Time            -                  -                      -            -            -            -            -            -
Worker Handle Time           -                  -                      -            -            -            -            -            -
Total                        -                  -                      -            -            -            -            -            -
All:
Stage                        Total Requests     Throughput (req/s)     Min (us)     50% (us)     99% (us)     99.5% (us)   99.9% (us)   Max (us)
----------------------------------------------------------------------------------------------------------------------------------------------------
Ingress Queue Time           -                  -                      -            -            -            -            -            -
Repeatable Handle Time       -                  -                      -            -            -            -            -            -
Worker Queue Time            -                  -                      -            -            -            -            -            -
Worker Handle Time           -                  -                      -            -            -            -            -            -
Total                        -                  -                      -            -            -            -            -            -
Running experiment for throughput = 149000 req/s:
['/dev/shm/agent_shinjuku', '--firstcpu', '11', '--globalcpu', '11', '--ncpus', '7', '--preemption_time_slice', '65us']
['/dev/shm/rocksdb', '--print_format', 'pretty', '--noprint_distribution', '', '--noprint_ns', '', '--print_get', '', '--print_range', '', '--rocksdb_db_path', '/dev/shm/orch_db', '--throughput', '20000', '--range_query_ratio', '0.09', '--load_generator_cpus', '10', '--cfs_dispatcher_cpus', '11', '--num_workers', '200', '--worker_cpus', '', '--cfs_wait_type', 'spin', '--ghost_wait_type', 'prio_table', '--get_duration', '10us', '--range_duration', '5000us', '--get_exponential_mean', '0us', '--batch', '1', '--experiment_duration', '15s', '--discard_duration', '2s', '--scheduler', 'ghost', '--ghost_qos', '2', '--throughput', '149000']
RocksDB Stats:
Get:
Stage                        Total Requests     Throughput (req/s)     Min (us)     50% (us)     99% (us)     99.5% (us)   99.9% (us)   Max (us)
----------------------------------------------------------------------------------------------------------------------------------------------------
Ingress Queue Time           -                  -                      -            -            -            -            -            -
Repeatable Handle Time       -                  -                      -            -            -            -            -            -
Worker Queue Time            -                  -                      -            -            -            -            -            -
Worker Handle Time           -                  -                      -            -            -            -            -            -
Total                        -                  -                      -            -            -            -            -            -
Range:
Stage                        Total Requests     Throughput (req/s)     Min (us)     50% (us)     99% (us)     99.5% (us)   99.9% (us)   Max (us)
----------------------------------------------------------------------------------------------------------------------------------------------------
Ingress Queue Time           -                  -                      -            -            -            -            -            -
Repeatable Handle Time       -                  -                      -            -            -            -            -            -
Worker Queue Time            -                  -                      -            -            -            -            -            -
Worker Handle Time           -                  -                      -            -            -            -            -            -
Total                        -                  -                      -            -            -            -            -            -
All:
Stage                        Total Requests     Throughput (req/s)     Min (us)     50% (us)     99% (us)     99.5% (us)   99.9% (us)   Max (us)
----------------------------------------------------------------------------------------------------------------------------------------------------
Ingress Queue Time           -                  -                      -            -            -            -            -            -
Repeatable Handle Time       -                  -                      -            -            -            -            -            -
Worker Queue Time            -                  -                      -            -            -            -            -            -
Worker Handle Time           -                  -                      -            -            -            -            -            -
Total                        -                  -                      -            -            -            -            -            -
Running experiment for throughput = 150000 req/s:
['/dev/shm/agent_shinjuku', '--firstcpu', '11', '--globalcpu', '11', '--ncpus', '7', '--preemption_time_slice', '65us']
['/dev/shm/rocksdb', '--print_format', 'pretty', '--noprint_distribution', '', '--noprint_ns', '', '--print_get', '', '--print_range', '', '--rocksdb_db_path', '/dev/shm/orch_db', '--throughput', '20000', '--range_query_ratio', '0.09', '--load_generator_cpus', '10', '--cfs_dispatcher_cpus', '11', '--num_workers', '200', '--worker_cpus', '', '--cfs_wait_type', 'spin', '--ghost_wait_type', 'prio_table', '--get_duration', '10us', '--range_duration', '5000us', '--get_exponential_mean', '0us', '--batch', '1', '--experiment_duration', '15s', '--discard_duration', '2s', '--scheduler', 'ghost', '--ghost_qos', '2', '--throughput', '150000']
RocksDB Stats:
Get:
Stage                        Total Requests     Throughput (req/s)     Min (us)     50% (us)     99% (us)     99.5% (us)   99.9% (us)   Max (us)
----------------------------------------------------------------------------------------------------------------------------------------------------
Ingress Queue Time           -                  -                      -            -            -            -            -            -
Repeatable Handle Time       -                  -                      -            -            -            -            -            -
Worker Queue Time            -                  -                      -            -            -            -            -            -
Worker Handle Time           -                  -                      -            -            -            -            -            -
Total                        -                  -                      -            -            -            -            -            -
Range:
Stage                        Total Requests     Throughput (req/s)     Min (us)     50% (us)     99% (us)     99.5% (us)   99.9% (us)   Max (us)
----------------------------------------------------------------------------------------------------------------------------------------------------
Ingress Queue Time           -                  -                      -            -            -            -            -            -
Repeatable Handle Time       -                  -                      -            -            -            -            -            -
Worker Queue Time            -                  -                      -            -            -            -            -            -
Worker Handle Time           -                  -                      -            -            -            -            -            -
Total                        -                  -                      -            -            -            -            -            -
All:
Stage                        Total Requests     Throughput (req/s)     Min (us)     50% (us)     99% (us)     99.5% (us)   99.9% (us)   Max (us)
----------------------------------------------------------------------------------------------------------------------------------------------------
Ingress Queue Time           -                  -                      -            -            -            -            -            -
Repeatable Handle Time       -                  -                      -            -            -            -            -            -
Worker Queue Time            -                  -                      -            -            -            -            -            -
Worker Handle Time           -                  -                      -            -            -            -            -            -
Total                        -                  -                      -            -            -            -            -            -
