Running ghOSt experiments...
Output Directory: /tmp/ghost_data/2023-11-12 22:40:44
{"throughputs": [10000, 20000, 30000, 40000, 50000, 60000, 70000, 80000, 90000, 100000, 110000, 120000, 130000, 140000, 141000, 142000, 143000, 144000, 145000, 146000, 147000, 148000, 149000, 150000], "output_prefix": "/tmp/ghost_data/2023-11-12 22:40:44", "binaries": {"rocksdb": "/dev/shm/rocksdb", "antagonist": "/dev/shm/antagonist", "ghost": "/dev/shm/agent_shinjuku"}, "rocksdb": {"print_format": "pretty", "print_distribution": false, "print_ns": false, "print_get": true, "print_range": true, "rocksdb_db_path": "/dev/shm/orch_db", "throughput": 20000, "range_query_ratio": 0.09, "load_generator_cpus": 10, "cfs_dispatcher_cpus": 11, "num_workers": 200, "worker_cpus": [], "cfs_wait_type": "spin", "ghost_wait_type": "prio_table", "get_duration": "10us", "range_duration": "5000us", "get_exponential_mean": "0us", "batch": 1, "experiment_duration": "15s", "discard_duration": "2s", "scheduler": "ghost", "ghost_qos": 2}, "antagonist": null, "ghost": {"firstcpu": 11, "globalcpu": 11, "ncpus": 7, "preemption_time_slice": "30us"}}
Running experiment for throughput = 10000 req/s:
['/dev/shm/agent_shinjuku', '--firstcpu', '11', '--globalcpu', '11', '--ncpus', '7', '--preemption_time_slice', '30us']
['/dev/shm/rocksdb', '--print_format', 'pretty', '--noprint_distribution', '', '--noprint_ns', '', '--print_get', '', '--print_range', '', '--rocksdb_db_path', '/dev/shm/orch_db', '--throughput', '20000', '--range_query_ratio', '0.09', '--load_generator_cpus', '10', '--cfs_dispatcher_cpus', '11', '--num_workers', '200', '--worker_cpus', '', '--cfs_wait_type', 'spin', '--ghost_wait_type', 'prio_table', '--get_duration', '10us', '--range_duration', '5000us', '--get_exponential_mean', '0us', '--batch', '1', '--experiment_duration', '15s', '--discard_duration', '2s', '--scheduler', 'ghost', '--ghost_qos', '2', '--throughput', '10000']
RocksDB Stats:
Get:
Stage                        Total Requests     Throughput (req/s)     Min (us)     50% (us)     99% (us)     99.5% (us)   99.9% (us)   Max (us)
----------------------------------------------------------------------------------------------------------------------------------------------------
Ingress Queue Time           118910             9111                   0            0            8            14           1891         5499
Repeatable Handle Time       118910             9111                   0            0            2            2            3            17
Worker Queue Time            118910             9111                   0            15           96           254          1801         26094
Worker Handle Time           118910             9111                   11           12           32           47           96           14738
Total                        118910             9111                   11           29           148          538          3967         26106
Range:
Stage                        Total Requests     Throughput (req/s)     Min (us)     50% (us)     99% (us)     99.5% (us)   99.9% (us)   Max (us)
----------------------------------------------------------------------------------------------------------------------------------------------------
Ingress Queue Time           11755              900                    0            0            9            15           1830         4241
Repeatable Handle Time       11755              900                    0            0            2            2            3            17
Worker Queue Time            11755              900                    0            15           101          272          1216         15907
Worker Handle Time           11755              900                    5001         5891         29731        40437        85794        131059
Total                        11755              900                    5002         5912         29758        40451        85796        131081
All:
Stage                        Total Requests     Throughput (req/s)     Min (us)     50% (us)     99% (us)     99.5% (us)   99.9% (us)   Max (us)
----------------------------------------------------------------------------------------------------------------------------------------------------
Ingress Queue Time           130665             10012                  0            0            8            14           1891         5499
Repeatable Handle Time       130665             10012                  0            0            2            2            3            17
Worker Queue Time            130665             10012                  0            15           97           257          1719         26094
Worker Handle Time           130665             10012                  11           12           9187         11424        28091        131059
Total                        130665             10012                  11           29           9294         11661        28105        131081
Running experiment for throughput = 20000 req/s:
['/dev/shm/agent_shinjuku', '--firstcpu', '11', '--globalcpu', '11', '--ncpus', '7', '--preemption_time_slice', '30us']
['/dev/shm/rocksdb', '--print_format', 'pretty', '--noprint_distribution', '', '--noprint_ns', '', '--print_get', '', '--print_range', '', '--rocksdb_db_path', '/dev/shm/orch_db', '--throughput', '20000', '--range_query_ratio', '0.09', '--load_generator_cpus', '10', '--cfs_dispatcher_cpus', '11', '--num_workers', '200', '--worker_cpus', '', '--cfs_wait_type', 'spin', '--ghost_wait_type', 'prio_table', '--get_duration', '10us', '--range_duration', '5000us', '--get_exponential_mean', '0us', '--batch', '1', '--experiment_duration', '15s', '--discard_duration', '2s', '--scheduler', 'ghost', '--ghost_qos', '2', '--throughput', '20000']
RocksDB Stats:
Get:
Stage                        Total Requests     Throughput (req/s)     Min (us)     50% (us)     99% (us)     99.5% (us)   99.9% (us)   Max (us)
----------------------------------------------------------------------------------------------------------------------------------------------------
Ingress Queue Time           110265             8372                   1771814      4433700      7010249      7043144      7060995      7066505
Repeatable Handle Time       110265             8372                   0            0            2            2            3            299
Worker Queue Time            110265             8372                   0            0            211917       216752       1293736      10737490
Worker Handle Time           110265             8372                   11           12           114          456          3043         209118
Total                        110265             8372                   1771839      4437217      7024742      7050671      7099494      12746390
Range:
Stage                        Total Requests     Throughput (req/s)     Min (us)     50% (us)     99% (us)     99.5% (us)   99.9% (us)   Max (us)
----------------------------------------------------------------------------------------------------------------------------------------------------
Ingress Queue Time           10892              827                    1771779      4428726      7010912      7041217      7060132      7066431
Repeatable Handle Time       10892              827                    0            0            2            2            3            23
Worker Queue Time            10892              827                    0            0            211817       219699       1294140      9440047
Worker Handle Time           10892              827                    5831         10269        225651       645488       3610446      10745896
Total                        10892              827                    1781985      4455538      7051974      7072053      9605156      12974694
All:
Stage                        Total Requests     Throughput (req/s)     Min (us)     50% (us)     99% (us)     99.5% (us)   99.9% (us)   Max (us)
----------------------------------------------------------------------------------------------------------------------------------------------------
Ingress Queue Time           121157             9199                   1771779      4432161      7010261      7043124      7060968      7066505
Repeatable Handle Time       121157             9199                   0            0            2            2            3            299
Worker Queue Time            121157             9199                   0            0            211911       216926       1293769      10737490
Worker Handle Time           121157             9199                   11           12           17722        32781        223216       10745896
Total                        121157             9199                   1771839      4437837      7027111      7051276      7586029      12974694
Running experiment for throughput = 30000 req/s:
['/dev/shm/agent_shinjuku', '--firstcpu', '11', '--globalcpu', '11', '--ncpus', '7', '--preemption_time_slice', '30us']
['/dev/shm/rocksdb', '--print_format', 'pretty', '--noprint_distribution', '', '--noprint_ns', '', '--print_get', '', '--print_range', '', '--rocksdb_db_path', '/dev/shm/orch_db', '--throughput', '20000', '--range_query_ratio', '0.09', '--load_generator_cpus', '10', '--cfs_dispatcher_cpus', '11', '--num_workers', '200', '--worker_cpus', '', '--cfs_wait_type', 'spin', '--ghost_wait_type', 'prio_table', '--get_duration', '10us', '--range_duration', '5000us', '--get_exponential_mean', '0us', '--batch', '1', '--experiment_duration', '15s', '--discard_duration', '2s', '--scheduler', 'ghost', '--ghost_qos', '2', '--throughput', '30000']
RocksDB Stats:
Get:
Stage                        Total Requests     Throughput (req/s)     Min (us)     50% (us)     99% (us)     99.5% (us)   99.9% (us)   Max (us)
----------------------------------------------------------------------------------------------------------------------------------------------------
Ingress Queue Time           123876             9378                   2618741      5642617      8566708      8610415      8637160      8648651
Repeatable Handle Time       123876             9378                   0            0            2            2            3            189
Worker Queue Time            123876             9378                   0            0            209836       217522       3691868      6082819
Worker Handle Time           123876             9378                   11           12           97           395          2107         209989
Total                        123876             9378                   2618753      5653212      8587171      8618799      8641912      9510248
Range:
Stage                        Total Requests     Throughput (req/s)     Min (us)     50% (us)     99% (us)     99.5% (us)   99.9% (us)   Max (us)
----------------------------------------------------------------------------------------------------------------------------------------------------
Ingress Queue Time           12288              930                    2618753      5624576      8582513      8615620      8640584      8648220
Repeatable Handle Time       12288              930                    0            0            2            2            3            17
Worker Queue Time            12288              930                    0            0            209937       217232       3692833      5643433
Worker Handle Time           12288              930                    5001         8257         215837       390474       2302311      8771351
Total                        12288              930                    2626287      5651763      8614686      8644579      9294341      12631418
All:
Stage                        Total Requests     Throughput (req/s)     Min (us)     50% (us)     99% (us)     99.5% (us)   99.9% (us)   Max (us)
----------------------------------------------------------------------------------------------------------------------------------------------------
Ingress Queue Time           136164             10308                  2618741      5642144      8569290      8610885      8637264      8648651
Repeatable Handle Time       136164             10308                  0            0            2            2            3            189
Worker Queue Time            136164             10308                  0            0            209840       217595       3691963      6082819
Worker Handle Time           136164             10308                  11           12           13984        22409        213265       8771351
Total                        136164             10308                  2618753      5653208      8591686      8622341      8647874      12631418
Running experiment for throughput = 40000 req/s:
['/dev/shm/agent_shinjuku', '--firstcpu', '11', '--globalcpu', '11', '--ncpus', '7', '--preemption_time_slice', '30us']
['/dev/shm/rocksdb', '--print_format', 'pretty', '--noprint_distribution', '', '--noprint_ns', '', '--print_get', '', '--print_range', '', '--rocksdb_db_path', '/dev/shm/orch_db', '--throughput', '20000', '--range_query_ratio', '0.09', '--load_generator_cpus', '10', '--cfs_dispatcher_cpus', '11', '--num_workers', '200', '--worker_cpus', '', '--cfs_wait_type', 'spin', '--ghost_wait_type', 'prio_table', '--get_duration', '10us', '--range_duration', '5000us', '--get_exponential_mean', '0us', '--batch', '1', '--experiment_duration', '15s', '--discard_duration', '2s', '--scheduler', 'ghost', '--ghost_qos', '2', '--throughput', '40000']
RocksDB Stats:
Get:
Stage                        Total Requests     Throughput (req/s)     Min (us)     50% (us)     99% (us)     99.5% (us)   99.9% (us)   Max (us)
----------------------------------------------------------------------------------------------------------------------------------------------------
Ingress Queue Time           68450              5190                   5890248      8630558      11245427     11271239     11286747     11290868
Repeatable Handle Time       68450              5190                   0            0            2            2            3            8188
Worker Queue Time            68450              5190                   0            0            209848       215841       2691300      6273419
Worker Handle Time           68450              5190                   11           12           103          483          2065         211846
Total                        68450              5190                   5890264      8646000      11245656     11273328     11290616     12491419
Range:
Stage                        Total Requests     Throughput (req/s)     Min (us)     50% (us)     99% (us)     99.5% (us)   99.9% (us)   Max (us)
----------------------------------------------------------------------------------------------------------------------------------------------------
Ingress Queue Time           6679               506                    5890348      8588338      11238174     11265307     11286717     11290570
Repeatable Handle Time       6679               506                    0            0            2            2            3            3
Worker Queue Time            6679               506                    0            0            208155       214892       2690276      2718577
Worker Handle Time           6679               506                    8289         10985        215926       607633       3326393      6446591
Total                        6679               506                    5899411      8620967      11268506     11292917     12331760     13040283
All:
Stage                        Total Requests     Throughput (req/s)     Min (us)     50% (us)     99% (us)     99.5% (us)   99.9% (us)   Max (us)
----------------------------------------------------------------------------------------------------------------------------------------------------
Ingress Queue Time           75129              5697                   5890248      8628313      11245416     11268647     11286743     11290868
Repeatable Handle Time       75129              5697                   0            0            2            2            3            8188
Worker Queue Time            75129              5697                   0            0            209775       215841       2691300      6273419
Worker Handle Time           75129              5697                   11           12           17826        28027        206941       6446591
Total                        75129              5697                   5890264      8645181      11247847     11274089     11363860     13040283
Running experiment for throughput = 50000 req/s:
['/dev/shm/agent_shinjuku', '--firstcpu', '11', '--globalcpu', '11', '--ncpus', '7', '--preemption_time_slice', '30us']
['/dev/shm/rocksdb', '--print_format', 'pretty', '--noprint_distribution', '', '--noprint_ns', '', '--print_get', '', '--print_range', '', '--rocksdb_db_path', '/dev/shm/orch_db', '--throughput', '20000', '--range_query_ratio', '0.09', '--load_generator_cpus', '10', '--cfs_dispatcher_cpus', '11', '--num_workers', '200', '--worker_cpus', '', '--cfs_wait_type', 'spin', '--ghost_wait_type', 'prio_table', '--get_duration', '10us', '--range_duration', '5000us', '--get_exponential_mean', '0us', '--batch', '1', '--experiment_duration', '15s', '--discard_duration', '2s', '--scheduler', 'ghost', '--ghost_qos', '2', '--throughput', '50000']
RocksDB Stats:
Get:
Stage                        Total Requests     Throughput (req/s)     Min (us)     50% (us)     99% (us)     99.5% (us)   99.9% (us)   Max (us)
----------------------------------------------------------------------------------------------------------------------------------------------------
Ingress Queue Time           83889              6446                   5820930      8522242      11104789     11133362     11157477     11164416
Repeatable Handle Time       83889              6446                   0            0            2            2            3            671
Worker Queue Time            83889              6446                   0            0            216059       612735       1273394      2550742
Worker Handle Time           83889              6446                   11           12           108          413          2189         209142
Total                        83889              6446                   5820943      8527993      11111049     11140265     11157518     11164429
Range:
Stage                        Total Requests     Throughput (req/s)     Min (us)     50% (us)     99% (us)     99.5% (us)   99.9% (us)   Max (us)
----------------------------------------------------------------------------------------------------------------------------------------------------
Ingress Queue Time           8331               640                    5820948      8489884      11109500     11135937     11157498     11163527
Repeatable Handle Time       8331               640                    0            0            2            2            3            58
Worker Queue Time            8331               640                    0            0            215969       615985       1065170      2550736
Worker Handle Time           8331               640                    6166         8304         285999       753234       2452101      3620728
Total                        8331               640                    5828751      8522421      11138566     11166651     11601341     12748143
All:
Stage                        Total Requests     Throughput (req/s)     Min (us)     50% (us)     99% (us)     99.5% (us)   99.9% (us)   Max (us)
----------------------------------------------------------------------------------------------------------------------------------------------------
Ingress Queue Time           92220              7087                   5820930      8516761      11104794     11133362     11157477     11164416
Repeatable Handle Time       92220              7087                   0            0            2            2            3            671
Worker Queue Time            92220              7087                   0            0            216027       613241       1067612      2550742
Worker Handle Time           92220              7087                   11           12           14045        27400        224206       3620728
Total                        92220              7087                   5820943      8527349      11116481     11141087     11158709     12748143
Running experiment for throughput = 60000 req/s:
['/dev/shm/agent_shinjuku', '--firstcpu', '11', '--globalcpu', '11', '--ncpus', '7', '--preemption_time_slice', '30us']
['/dev/shm/rocksdb', '--print_format', 'pretty', '--noprint_distribution', '', '--noprint_ns', '', '--print_get', '', '--print_range', '', '--rocksdb_db_path', '/dev/shm/orch_db', '--throughput', '20000', '--range_query_ratio', '0.09', '--load_generator_cpus', '10', '--cfs_dispatcher_cpus', '11', '--num_workers', '200', '--worker_cpus', '', '--cfs_wait_type', 'spin', '--ghost_wait_type', 'prio_table', '--get_duration', '10us', '--range_duration', '5000us', '--get_exponential_mean', '0us', '--batch', '1', '--experiment_duration', '15s', '--discard_duration', '2s', '--scheduler', 'ghost', '--ghost_qos', '2', '--throughput', '60000']
RocksDB Stats:
Get:
Stage                        Total Requests     Throughput (req/s)     Min (us)     50% (us)     99% (us)     99.5% (us)   99.9% (us)   Max (us)
----------------------------------------------------------------------------------------------------------------------------------------------------
Ingress Queue Time           40223              3075                   9150855      10806961     12320563     12330517     12341992     12343122
Repeatable Handle Time       40223              3075                   0            0            2            2            3            15
Worker Queue Time            40223              3075                   0            0            210120       422309       1284542      1508590
Worker Handle Time           40223              3075                   11           12           105          313          2916         203073
Total                        40223              3075                   9150867      10812888     12320595     12330533     12342026     12424706
Range:
Stage                        Total Requests     Throughput (req/s)     Min (us)     50% (us)     99% (us)     99.5% (us)   99.9% (us)   Max (us)
----------------------------------------------------------------------------------------------------------------------------------------------------
Ingress Queue Time           3850               294                    9150850      10754457     12313208     12329271     12340221     12343134
Repeatable Handle Time       3850               294                    0            0            2            2            3            11
Worker Queue Time            3850               294                    0            0            211636       424079       1289218      1508392
Worker Handle Time           3850               294                    6335         10013        219220       436661       1031917      1299178
Total                        3850               294                    9159166      10783107     12335951     12351105     12553816     12809543
All:
Stage                        Total Requests     Throughput (req/s)     Min (us)     50% (us)     99% (us)     99.5% (us)   99.9% (us)   Max (us)
----------------------------------------------------------------------------------------------------------------------------------------------------
Ingress Queue Time           44073              3369                   9150850      10802297     12320540     12330516     12341985     12343134
Repeatable Handle Time       44073              3369                   0            0            2            2            3            15
Worker Queue Time            44073              3369                   0            0            210214       422425       1284623      1508590
Worker Handle Time           44073              3369                   11           12           16609        26839        218474       1299178
Total                        44073              3369                   9150867      10811262     12321286     12330643     12343046     12809543
Running experiment for throughput = 70000 req/s:
['/dev/shm/agent_shinjuku', '--firstcpu', '11', '--globalcpu', '11', '--ncpus', '7', '--preemption_time_slice', '30us']
['/dev/shm/rocksdb', '--print_format', 'pretty', '--noprint_distribution', '', '--noprint_ns', '', '--print_get', '', '--print_range', '', '--rocksdb_db_path', '/dev/shm/orch_db', '--throughput', '20000', '--range_query_ratio', '0.09', '--load_generator_cpus', '10', '--cfs_dispatcher_cpus', '11', '--num_workers', '200', '--worker_cpus', '', '--cfs_wait_type', 'spin', '--ghost_wait_type', 'prio_table', '--get_duration', '10us', '--range_duration', '5000us', '--get_exponential_mean', '0us', '--batch', '1', '--experiment_duration', '15s', '--discard_duration', '2s', '--scheduler', 'ghost', '--ghost_qos', '2', '--throughput', '70000']
RocksDB Stats:
Get:
Stage                        Total Requests     Throughput (req/s)     Min (us)     50% (us)     99% (us)     99.5% (us)   99.9% (us)   Max (us)
----------------------------------------------------------------------------------------------------------------------------------------------------
Ingress Queue Time           48136              3695                   8991612      10664347     12239394     12258817     12266478     12268597
Repeatable Handle Time       48136              3695                   0            0            2            2            3            63
Worker Queue Time            48136              3695                   0            0            210942       215474       429567       1712047
Worker Handle Time           48136              3695                   11           12           111          514          3139         206649
Total                        48136              3695                   8991624      10669951     12239431     12258846     12266490     12268737
Range:
Stage                        Total Requests     Throughput (req/s)     Min (us)     50% (us)     99% (us)     99.5% (us)   99.9% (us)   Max (us)
----------------------------------------------------------------------------------------------------------------------------------------------------
Ingress Queue Time           4665               358                    8991618      10630382     12239188     12252996     12266012     12268578
Repeatable Handle Time       4665               358                    0            0            2            2            3            12
Worker Queue Time            4665               358                    0            0            210989       215604       429978       1713221
Worker Handle Time           4665               358                    5001         8025         217657       431188       1062192      3005546
Total                        4665               358                    8998678      10660037     12259617     12274950     12423729     12431525
All:
Stage                        Total Requests     Throughput (req/s)     Min (us)     50% (us)     99% (us)     99.5% (us)   99.9% (us)   Max (us)
----------------------------------------------------------------------------------------------------------------------------------------------------
Ingress Queue Time           52801              4053                   8991612      10663587     12239394     12258309     12266481     12268597
Repeatable Handle Time       52801              4053                   0            0            2            2            3            63
Worker Queue Time            52801              4053                   0            0            210953       215483       429664       1713221
Worker Handle Time           52801              4053                   11           12           13707        21759        216765       3005546
Total                        52801              4053                   8991624      10669884     12241671     12259038     12268475     12431525
Running experiment for throughput = 80000 req/s:
['/dev/shm/agent_shinjuku', '--firstcpu', '11', '--globalcpu', '11', '--ncpus', '7', '--preemption_time_slice', '30us']
['/dev/shm/rocksdb', '--print_format', 'pretty', '--noprint_distribution', '', '--noprint_ns', '', '--print_get', '', '--print_range', '', '--rocksdb_db_path', '/dev/shm/orch_db', '--throughput', '20000', '--range_query_ratio', '0.09', '--load_generator_cpus', '10', '--cfs_dispatcher_cpus', '11', '--num_workers', '200', '--worker_cpus', '', '--cfs_wait_type', 'spin', '--ghost_wait_type', 'prio_table', '--get_duration', '10us', '--range_duration', '5000us', '--get_exponential_mean', '0us', '--batch', '1', '--experiment_duration', '15s', '--discard_duration', '2s', '--scheduler', 'ghost', '--ghost_qos', '2', '--throughput', '80000']
RocksDB Stats:
Get:
Stage                        Total Requests     Throughput (req/s)     Min (us)     50% (us)     99% (us)     99.5% (us)   99.9% (us)   Max (us)
----------------------------------------------------------------------------------------------------------------------------------------------------
Ingress Queue Time           2934               223                    12801228     12945419     13085069     13085102     13085138     13085184
Repeatable Handle Time       2934               223                    0            0            2            2            3            10
Worker Queue Time            2934               223                    0            0            23           40           61           110766
Worker Handle Time           2934               223                    11           12           95           226          1287         110917
Total                        2934               223                    12801241     12945432     13085100     13085128     13085186     13102265
Range:
Stage                        Total Requests     Throughput (req/s)     Min (us)     50% (us)     99% (us)     99.5% (us)   99.9% (us)   Max (us)
----------------------------------------------------------------------------------------------------------------------------------------------------
Ingress Queue Time           305                23                     12801265     12943425     13084581     13085102     13085197     13085197
Repeatable Handle Time       305                23                     0            0            2            2            3            3
Worker Queue Time            305                23                     0            0            26           35           49           49
Worker Handle Time           305                23                     8420         10646        30592        60933        183365       183365
Total                        305                23                     12811019     12956172     13105411     13110498     13111766     13111766
All:
Stage                        Total Requests     Throughput (req/s)     Min (us)     50% (us)     99% (us)     99.5% (us)   99.9% (us)   Max (us)
----------------------------------------------------------------------------------------------------------------------------------------------------
Ingress Queue Time           3239               246                    12801228     12945388     13085069     13085102     13085162     13085197
Repeatable Handle Time       3239               246                    0            0            2            2            3            10
Worker Queue Time            3239               246                    0            0            23           40           61           110766
Worker Handle Time           3239               246                    11           12           17680        22274        48193        183365
Total                        3239               246                    12801241     12946404     13085128     13086082     13105411     13111766
Running experiment for throughput = 90000 req/s:
['/dev/shm/agent_shinjuku', '--firstcpu', '11', '--globalcpu', '11', '--ncpus', '7', '--preemption_time_slice', '30us']
['/dev/shm/rocksdb', '--print_format', 'pretty', '--noprint_distribution', '', '--noprint_ns', '', '--print_get', '', '--print_range', '', '--rocksdb_db_path', '/dev/shm/orch_db', '--throughput', '20000', '--range_query_ratio', '0.09', '--load_generator_cpus', '10', '--cfs_dispatcher_cpus', '11', '--num_workers', '200', '--worker_cpus', '', '--cfs_wait_type', 'spin', '--ghost_wait_type', 'prio_table', '--get_duration', '10us', '--range_duration', '5000us', '--get_exponential_mean', '0us', '--batch', '1', '--experiment_duration', '15s', '--discard_duration', '2s', '--scheduler', 'ghost', '--ghost_qos', '2', '--throughput', '90000']
RocksDB Stats:
Get:
Stage                        Total Requests     Throughput (req/s)     Min (us)     50% (us)     99% (us)     99.5% (us)   99.9% (us)   Max (us)
----------------------------------------------------------------------------------------------------------------------------------------------------
Ingress Queue Time           14072              1082                   11738779     12307952     12824479     12826410     12831280     12832856
Repeatable Handle Time       14072              1082                   0            0            2            2            3            13
Worker Queue Time            14072              1082                   0            0            209785       212538       638599       640014
Worker Handle Time           14072              1082                   11           12           110          250          1498         112530
Total                        14072              1082                   11738792     12314541     12824509     12826422     12831306     12832895
Range:
Stage                        Total Requests     Throughput (req/s)     Min (us)     50% (us)     99% (us)     99.5% (us)   99.9% (us)   Max (us)
----------------------------------------------------------------------------------------------------------------------------------------------------
Ingress Queue Time           1464               112                    11738808     12283632     12821352     12826390     12831279     12832819
Repeatable Handle Time       1464               112                    0            0            2            2            2            3
Worker Queue Time            1464               112                    0            0            210339       212886       638734       640016
Worker Handle Time           1464               112                    5645         8393         219789       307594       642313       951349
Total                        1464               112                    11749054     12305780     12849044     12916620     12981726     13012307
All:
Stage                        Total Requests     Throughput (req/s)     Min (us)     50% (us)     99% (us)     99.5% (us)   99.9% (us)   Max (us)
----------------------------------------------------------------------------------------------------------------------------------------------------
Ingress Queue Time           15536              1194                   11738779     12307357     12824460     12826419     12831294     12832856
Repeatable Handle Time       15536              1194                   0            0            2            2            3            13
Worker Queue Time            15536              1194                   0            0            209835       212694       638683       640016
Worker Handle Time           15536              1194                   11           12           13398        20161        216769       951349
Total                        15536              1194                   11738792     12314510     12824739     12830004     12848672     13012307
Running experiment for throughput = 100000 req/s:
['/dev/shm/agent_shinjuku', '--firstcpu', '11', '--globalcpu', '11', '--ncpus', '7', '--preemption_time_slice', '30us']
['/dev/shm/rocksdb', '--print_format', 'pretty', '--noprint_distribution', '', '--noprint_ns', '', '--print_get', '', '--print_range', '', '--rocksdb_db_path', '/dev/shm/orch_db', '--throughput', '20000', '--range_query_ratio', '0.09', '--load_generator_cpus', '10', '--cfs_dispatcher_cpus', '11', '--num_workers', '200', '--worker_cpus', '', '--cfs_wait_type', 'spin', '--ghost_wait_type', 'prio_table', '--get_duration', '10us', '--range_duration', '5000us', '--get_exponential_mean', '0us', '--batch', '1', '--experiment_duration', '15s', '--discard_duration', '2s', '--scheduler', 'ghost', '--ghost_qos', '2', '--throughput', '100000']
RocksDB Stats:
Get:
Stage                        Total Requests     Throughput (req/s)     Min (us)     50% (us)     99% (us)     99.5% (us)   99.9% (us)   Max (us)
----------------------------------------------------------------------------------------------------------------------------------------------------
Ingress Queue Time           -                  -                      -            -            -            -            -            -
Repeatable Handle Time       -                  -                      -            -            -            -            -            -
Worker Queue Time            -                  -                      -            -            -            -            -            -
Worker Handle Time           -                  -                      -            -            -            -            -            -
Total                        -                  -                      -            -            -            -            -            -
Range:
Stage                        Total Requests     Throughput (req/s)     Min (us)     50% (us)     99% (us)     99.5% (us)   99.9% (us)   Max (us)
----------------------------------------------------------------------------------------------------------------------------------------------------
Ingress Queue Time           -                  -                      -            -            -            -            -            -
Repeatable Handle Time       -                  -                      -            -            -            -            -            -
Worker Queue Time            -                  -                      -            -            -            -            -            -
Worker Handle Time           -                  -                      -            -            -            -            -            -
Total                        -                  -                      -            -            -            -            -            -
All:
Stage                        Total Requests     Throughput (req/s)     Min (us)     50% (us)     99% (us)     99.5% (us)   99.9% (us)   Max (us)
----------------------------------------------------------------------------------------------------------------------------------------------------
Ingress Queue Time           -                  -                      -            -            -            -            -            -
Repeatable Handle Time       -                  -                      -            -            -            -            -            -
Worker Queue Time            -                  -                      -            -            -            -            -            -
Worker Handle Time           -                  -                      -            -            -            -            -            -
Total                        -                  -                      -            -            -            -            -            -
Running experiment for throughput = 110000 req/s:
['/dev/shm/agent_shinjuku', '--firstcpu', '11', '--globalcpu', '11', '--ncpus', '7', '--preemption_time_slice', '30us']
['/dev/shm/rocksdb', '--print_format', 'pretty', '--noprint_distribution', '', '--noprint_ns', '', '--print_get', '', '--print_range', '', '--rocksdb_db_path', '/dev/shm/orch_db', '--throughput', '20000', '--range_query_ratio', '0.09', '--load_generator_cpus', '10', '--cfs_dispatcher_cpus', '11', '--num_workers', '200', '--worker_cpus', '', '--cfs_wait_type', 'spin', '--ghost_wait_type', 'prio_table', '--get_duration', '10us', '--range_duration', '5000us', '--get_exponential_mean', '0us', '--batch', '1', '--experiment_duration', '15s', '--discard_duration', '2s', '--scheduler', 'ghost', '--ghost_qos', '2', '--throughput', '110000']
RocksDB Stats:
Get:
Stage                        Total Requests     Throughput (req/s)     Min (us)     50% (us)     99% (us)     99.5% (us)   99.9% (us)   Max (us)
----------------------------------------------------------------------------------------------------------------------------------------------------
Ingress Queue Time           -                  -                      -            -            -            -            -            -
Repeatable Handle Time       -                  -                      -            -            -            -            -            -
Worker Queue Time            -                  -                      -            -            -            -            -            -
Worker Handle Time           -                  -                      -            -            -            -            -            -
Total                        -                  -                      -            -            -            -            -            -
Range:
Stage                        Total Requests     Throughput (req/s)     Min (us)     50% (us)     99% (us)     99.5% (us)   99.9% (us)   Max (us)
----------------------------------------------------------------------------------------------------------------------------------------------------
Ingress Queue Time           -                  -                      -            -            -            -            -            -
Repeatable Handle Time       -                  -                      -            -            -            -            -            -
Worker Queue Time            -                  -                      -            -            -            -            -            -
Worker Handle Time           -                  -                      -            -            -            -            -            -
Total                        -                  -                      -            -            -            -            -            -
All:
Stage                        Total Requests     Throughput (req/s)     Min (us)     50% (us)     99% (us)     99.5% (us)   99.9% (us)   Max (us)
----------------------------------------------------------------------------------------------------------------------------------------------------
Ingress Queue Time           -                  -                      -            -            -            -            -            -
Repeatable Handle Time       -                  -                      -            -            -            -            -            -
Worker Queue Time            -                  -                      -            -            -            -            -            -
Worker Handle Time           -                  -                      -            -            -            -            -            -
Total                        -                  -                      -            -            -            -            -            -
Running experiment for throughput = 120000 req/s:
['/dev/shm/agent_shinjuku', '--firstcpu', '11', '--globalcpu', '11', '--ncpus', '7', '--preemption_time_slice', '30us']
['/dev/shm/rocksdb', '--print_format', 'pretty', '--noprint_distribution', '', '--noprint_ns', '', '--print_get', '', '--print_range', '', '--rocksdb_db_path', '/dev/shm/orch_db', '--throughput', '20000', '--range_query_ratio', '0.09', '--load_generator_cpus', '10', '--cfs_dispatcher_cpus', '11', '--num_workers', '200', '--worker_cpus', '', '--cfs_wait_type', 'spin', '--ghost_wait_type', 'prio_table', '--get_duration', '10us', '--range_duration', '5000us', '--get_exponential_mean', '0us', '--batch', '1', '--experiment_duration', '15s', '--discard_duration', '2s', '--scheduler', 'ghost', '--ghost_qos', '2', '--throughput', '120000']
RocksDB Stats:
Get:
Stage                        Total Requests     Throughput (req/s)     Min (us)     50% (us)     99% (us)     99.5% (us)   99.9% (us)   Max (us)
----------------------------------------------------------------------------------------------------------------------------------------------------
Ingress Queue Time           -                  -                      -            -            -            -            -            -
Repeatable Handle Time       -                  -                      -            -            -            -            -            -
Worker Queue Time            -                  -                      -            -            -            -            -            -
Worker Handle Time           -                  -                      -            -            -            -            -            -
Total                        -                  -                      -            -            -            -            -            -
Range:
Stage                        Total Requests     Throughput (req/s)     Min (us)     50% (us)     99% (us)     99.5% (us)   99.9% (us)   Max (us)
----------------------------------------------------------------------------------------------------------------------------------------------------
Ingress Queue Time           -                  -                      -            -            -            -            -            -
Repeatable Handle Time       -                  -                      -            -            -            -            -            -
Worker Queue Time            -                  -                      -            -            -            -            -            -
Worker Handle Time           -                  -                      -            -            -            -            -            -
Total                        -                  -                      -            -            -            -            -            -
All:
Stage                        Total Requests     Throughput (req/s)     Min (us)     50% (us)     99% (us)     99.5% (us)   99.9% (us)   Max (us)
----------------------------------------------------------------------------------------------------------------------------------------------------
Ingress Queue Time           -                  -                      -            -            -            -            -            -
Repeatable Handle Time       -                  -                      -            -            -            -            -            -
Worker Queue Time            -                  -                      -            -            -            -            -            -
Worker Handle Time           -                  -                      -            -            -            -            -            -
Total                        -                  -                      -            -            -            -            -            -
Running experiment for throughput = 130000 req/s:
['/dev/shm/agent_shinjuku', '--firstcpu', '11', '--globalcpu', '11', '--ncpus', '7', '--preemption_time_slice', '30us']
['/dev/shm/rocksdb', '--print_format', 'pretty', '--noprint_distribution', '', '--noprint_ns', '', '--print_get', '', '--print_range', '', '--rocksdb_db_path', '/dev/shm/orch_db', '--throughput', '20000', '--range_query_ratio', '0.09', '--load_generator_cpus', '10', '--cfs_dispatcher_cpus', '11', '--num_workers', '200', '--worker_cpus', '', '--cfs_wait_type', 'spin', '--ghost_wait_type', 'prio_table', '--get_duration', '10us', '--range_duration', '5000us', '--get_exponential_mean', '0us', '--batch', '1', '--experiment_duration', '15s', '--discard_duration', '2s', '--scheduler', 'ghost', '--ghost_qos', '2', '--throughput', '130000']
RocksDB Stats:
Get:
Stage                        Total Requests     Throughput (req/s)     Min (us)     50% (us)     99% (us)     99.5% (us)   99.9% (us)   Max (us)
----------------------------------------------------------------------------------------------------------------------------------------------------
Ingress Queue Time           -                  -                      -            -            -            -            -            -
Repeatable Handle Time       -                  -                      -            -            -            -            -            -
Worker Queue Time            -                  -                      -            -            -            -            -            -
Worker Handle Time           -                  -                      -            -            -            -            -            -
Total                        -                  -                      -            -            -            -            -            -
Range:
Stage                        Total Requests     Throughput (req/s)     Min (us)     50% (us)     99% (us)     99.5% (us)   99.9% (us)   Max (us)
----------------------------------------------------------------------------------------------------------------------------------------------------
Ingress Queue Time           -                  -                      -            -            -            -            -            -
Repeatable Handle Time       -                  -                      -            -            -            -            -            -
Worker Queue Time            -                  -                      -            -            -            -            -            -
Worker Handle Time           -                  -                      -            -            -            -            -            -
Total                        -                  -                      -            -            -            -            -            -
All:
Stage                        Total Requests     Throughput (req/s)     Min (us)     50% (us)     99% (us)     99.5% (us)   99.9% (us)   Max (us)
----------------------------------------------------------------------------------------------------------------------------------------------------
Ingress Queue Time           -                  -                      -            -            -            -            -            -
Repeatable Handle Time       -                  -                      -            -            -            -            -            -
Worker Queue Time            -                  -                      -            -            -            -            -            -
Worker Handle Time           -                  -                      -            -            -            -            -            -
Total                        -                  -                      -            -            -            -            -            -
Running experiment for throughput = 140000 req/s:
['/dev/shm/agent_shinjuku', '--firstcpu', '11', '--globalcpu', '11', '--ncpus', '7', '--preemption_time_slice', '30us']
['/dev/shm/rocksdb', '--print_format', 'pretty', '--noprint_distribution', '', '--noprint_ns', '', '--print_get', '', '--print_range', '', '--rocksdb_db_path', '/dev/shm/orch_db', '--throughput', '20000', '--range_query_ratio', '0.09', '--load_generator_cpus', '10', '--cfs_dispatcher_cpus', '11', '--num_workers', '200', '--worker_cpus', '', '--cfs_wait_type', 'spin', '--ghost_wait_type', 'prio_table', '--get_duration', '10us', '--range_duration', '5000us', '--get_exponential_mean', '0us', '--batch', '1', '--experiment_duration', '15s', '--discard_duration', '2s', '--scheduler', 'ghost', '--ghost_qos', '2', '--throughput', '140000']
RocksDB Stats:
Get:
Stage                        Total Requests     Throughput (req/s)     Min (us)     50% (us)     99% (us)     99.5% (us)   99.9% (us)   Max (us)
----------------------------------------------------------------------------------------------------------------------------------------------------
Ingress Queue Time           -                  -                      -            -            -            -            -            -
Repeatable Handle Time       -                  -                      -            -            -            -            -            -
Worker Queue Time            -                  -                      -            -            -            -            -            -
Worker Handle Time           -                  -                      -            -            -            -            -            -
Total                        -                  -                      -            -            -            -            -            -
Range:
Stage                        Total Requests     Throughput (req/s)     Min (us)     50% (us)     99% (us)     99.5% (us)   99.9% (us)   Max (us)
----------------------------------------------------------------------------------------------------------------------------------------------------
Ingress Queue Time           -                  -                      -            -            -            -            -            -
Repeatable Handle Time       -                  -                      -            -            -            -            -            -
Worker Queue Time            -                  -                      -            -            -            -            -            -
Worker Handle Time           -                  -                      -            -            -            -            -            -
Total                        -                  -                      -            -            -            -            -            -
All:
Stage                        Total Requests     Throughput (req/s)     Min (us)     50% (us)     99% (us)     99.5% (us)   99.9% (us)   Max (us)
----------------------------------------------------------------------------------------------------------------------------------------------------
Ingress Queue Time           -                  -                      -            -            -            -            -            -
Repeatable Handle Time       -                  -                      -            -            -            -            -            -
Worker Queue Time            -                  -                      -            -            -            -            -            -
Worker Handle Time           -                  -                      -            -            -            -            -            -
Total                        -                  -                      -            -            -            -            -            -
Running experiment for throughput = 141000 req/s:
['/dev/shm/agent_shinjuku', '--firstcpu', '11', '--globalcpu', '11', '--ncpus', '7', '--preemption_time_slice', '30us']
['/dev/shm/rocksdb', '--print_format', 'pretty', '--noprint_distribution', '', '--noprint_ns', '', '--print_get', '', '--print_range', '', '--rocksdb_db_path', '/dev/shm/orch_db', '--throughput', '20000', '--range_query_ratio', '0.09', '--load_generator_cpus', '10', '--cfs_dispatcher_cpus', '11', '--num_workers', '200', '--worker_cpus', '', '--cfs_wait_type', 'spin', '--ghost_wait_type', 'prio_table', '--get_duration', '10us', '--range_duration', '5000us', '--get_exponential_mean', '0us', '--batch', '1', '--experiment_duration', '15s', '--discard_duration', '2s', '--scheduler', 'ghost', '--ghost_qos', '2', '--throughput', '141000']
RocksDB Stats:
Get:
Stage                        Total Requests     Throughput (req/s)     Min (us)     50% (us)     99% (us)     99.5% (us)   99.9% (us)   Max (us)
----------------------------------------------------------------------------------------------------------------------------------------------------
Ingress Queue Time           -                  -                      -            -            -            -            -            -
Repeatable Handle Time       -                  -                      -            -            -            -            -            -
Worker Queue Time            -                  -                      -            -            -            -            -            -
Worker Handle Time           -                  -                      -            -            -            -            -            -
Total                        -                  -                      -            -            -            -            -            -
Range:
Stage                        Total Requests     Throughput (req/s)     Min (us)     50% (us)     99% (us)     99.5% (us)   99.9% (us)   Max (us)
----------------------------------------------------------------------------------------------------------------------------------------------------
Ingress Queue Time           -                  -                      -            -            -            -            -            -
Repeatable Handle Time       -                  -                      -            -            -            -            -            -
Worker Queue Time            -                  -                      -            -            -            -            -            -
Worker Handle Time           -                  -                      -            -            -            -            -            -
Total                        -                  -                      -            -            -            -            -            -
All:
Stage                        Total Requests     Throughput (req/s)     Min (us)     50% (us)     99% (us)     99.5% (us)   99.9% (us)   Max (us)
----------------------------------------------------------------------------------------------------------------------------------------------------
Ingress Queue Time           -                  -                      -            -            -            -            -            -
Repeatable Handle Time       -                  -                      -            -            -            -            -            -
Worker Queue Time            -                  -                      -            -            -            -            -            -
Worker Handle Time           -                  -                      -            -            -            -            -            -
Total                        -                  -                      -            -            -            -            -            -
Running experiment for throughput = 142000 req/s:
['/dev/shm/agent_shinjuku', '--firstcpu', '11', '--globalcpu', '11', '--ncpus', '7', '--preemption_time_slice', '30us']
['/dev/shm/rocksdb', '--print_format', 'pretty', '--noprint_distribution', '', '--noprint_ns', '', '--print_get', '', '--print_range', '', '--rocksdb_db_path', '/dev/shm/orch_db', '--throughput', '20000', '--range_query_ratio', '0.09', '--load_generator_cpus', '10', '--cfs_dispatcher_cpus', '11', '--num_workers', '200', '--worker_cpus', '', '--cfs_wait_type', 'spin', '--ghost_wait_type', 'prio_table', '--get_duration', '10us', '--range_duration', '5000us', '--get_exponential_mean', '0us', '--batch', '1', '--experiment_duration', '15s', '--discard_duration', '2s', '--scheduler', 'ghost', '--ghost_qos', '2', '--throughput', '142000']
RocksDB Stats:
Get:
Stage                        Total Requests     Throughput (req/s)     Min (us)     50% (us)     99% (us)     99.5% (us)   99.9% (us)   Max (us)
----------------------------------------------------------------------------------------------------------------------------------------------------
Ingress Queue Time           -                  -                      -            -            -            -            -            -
Repeatable Handle Time       -                  -                      -            -            -            -            -            -
Worker Queue Time            -                  -                      -            -            -            -            -            -
Worker Handle Time           -                  -                      -            -            -            -            -            -
Total                        -                  -                      -            -            -            -            -            -
Range:
Stage                        Total Requests     Throughput (req/s)     Min (us)     50% (us)     99% (us)     99.5% (us)   99.9% (us)   Max (us)
----------------------------------------------------------------------------------------------------------------------------------------------------
Ingress Queue Time           -                  -                      -            -            -            -            -            -
Repeatable Handle Time       -                  -                      -            -            -            -            -            -
Worker Queue Time            -                  -                      -            -            -            -            -            -
Worker Handle Time           -                  -                      -            -            -            -            -            -
Total                        -                  -                      -            -            -            -            -            -
All:
Stage                        Total Requests     Throughput (req/s)     Min (us)     50% (us)     99% (us)     99.5% (us)   99.9% (us)   Max (us)
----------------------------------------------------------------------------------------------------------------------------------------------------
Ingress Queue Time           -                  -                      -            -            -            -            -            -
Repeatable Handle Time       -                  -                      -            -            -            -            -            -
Worker Queue Time            -                  -                      -            -            -            -            -            -
Worker Handle Time           -                  -                      -            -            -            -            -            -
Total                        -                  -                      -            -            -            -            -            -
Running experiment for throughput = 143000 req/s:
['/dev/shm/agent_shinjuku', '--firstcpu', '11', '--globalcpu', '11', '--ncpus', '7', '--preemption_time_slice', '30us']
['/dev/shm/rocksdb', '--print_format', 'pretty', '--noprint_distribution', '', '--noprint_ns', '', '--print_get', '', '--print_range', '', '--rocksdb_db_path', '/dev/shm/orch_db', '--throughput', '20000', '--range_query_ratio', '0.09', '--load_generator_cpus', '10', '--cfs_dispatcher_cpus', '11', '--num_workers', '200', '--worker_cpus', '', '--cfs_wait_type', 'spin', '--ghost_wait_type', 'prio_table', '--get_duration', '10us', '--range_duration', '5000us', '--get_exponential_mean', '0us', '--batch', '1', '--experiment_duration', '15s', '--discard_duration', '2s', '--scheduler', 'ghost', '--ghost_qos', '2', '--throughput', '143000']
RocksDB Stats:
Get:
Stage                        Total Requests     Throughput (req/s)     Min (us)     50% (us)     99% (us)     99.5% (us)   99.9% (us)   Max (us)
----------------------------------------------------------------------------------------------------------------------------------------------------
Ingress Queue Time           -                  -                      -            -            -            -            -            -
Repeatable Handle Time       -                  -                      -            -            -            -            -            -
Worker Queue Time            -                  -                      -            -            -            -            -            -
Worker Handle Time           -                  -                      -            -            -            -            -            -
Total                        -                  -                      -            -            -            -            -            -
Range:
Stage                        Total Requests     Throughput (req/s)     Min (us)     50% (us)     99% (us)     99.5% (us)   99.9% (us)   Max (us)
----------------------------------------------------------------------------------------------------------------------------------------------------
Ingress Queue Time           -                  -                      -            -            -            -            -            -
Repeatable Handle Time       -                  -                      -            -            -            -            -            -
Worker Queue Time            -                  -                      -            -            -            -            -            -
Worker Handle Time           -                  -                      -            -            -            -            -            -
Total                        -                  -                      -            -            -            -            -            -
All:
Stage                        Total Requests     Throughput (req/s)     Min (us)     50% (us)     99% (us)     99.5% (us)   99.9% (us)   Max (us)
----------------------------------------------------------------------------------------------------------------------------------------------------
Ingress Queue Time           -                  -                      -            -            -            -            -            -
Repeatable Handle Time       -                  -                      -            -            -            -            -            -
Worker Queue Time            -                  -                      -            -            -            -            -            -
Worker Handle Time           -                  -                      -            -            -            -            -            -
Total                        -                  -                      -            -            -            -            -            -
Running experiment for throughput = 144000 req/s:
['/dev/shm/agent_shinjuku', '--firstcpu', '11', '--globalcpu', '11', '--ncpus', '7', '--preemption_time_slice', '30us']
['/dev/shm/rocksdb', '--print_format', 'pretty', '--noprint_distribution', '', '--noprint_ns', '', '--print_get', '', '--print_range', '', '--rocksdb_db_path', '/dev/shm/orch_db', '--throughput', '20000', '--range_query_ratio', '0.09', '--load_generator_cpus', '10', '--cfs_dispatcher_cpus', '11', '--num_workers', '200', '--worker_cpus', '', '--cfs_wait_type', 'spin', '--ghost_wait_type', 'prio_table', '--get_duration', '10us', '--range_duration', '5000us', '--get_exponential_mean', '0us', '--batch', '1', '--experiment_duration', '15s', '--discard_duration', '2s', '--scheduler', 'ghost', '--ghost_qos', '2', '--throughput', '144000']
RocksDB Stats:
Get:
Stage                        Total Requests     Throughput (req/s)     Min (us)     50% (us)     99% (us)     99.5% (us)   99.9% (us)   Max (us)
----------------------------------------------------------------------------------------------------------------------------------------------------
Ingress Queue Time           -                  -                      -            -            -            -            -            -
Repeatable Handle Time       -                  -                      -            -            -            -            -            -
Worker Queue Time            -                  -                      -            -            -            -            -            -
Worker Handle Time           -                  -                      -            -            -            -            -            -
Total                        -                  -                      -            -            -            -            -            -
Range:
Stage                        Total Requests     Throughput (req/s)     Min (us)     50% (us)     99% (us)     99.5% (us)   99.9% (us)   Max (us)
----------------------------------------------------------------------------------------------------------------------------------------------------
Ingress Queue Time           -                  -                      -            -            -            -            -            -
Repeatable Handle Time       -                  -                      -            -            -            -            -            -
Worker Queue Time            -                  -                      -            -            -            -            -            -
Worker Handle Time           -                  -                      -            -            -            -            -            -
Total                        -                  -                      -            -            -            -            -            -
All:
Stage                        Total Requests     Throughput (req/s)     Min (us)     50% (us)     99% (us)     99.5% (us)   99.9% (us)   Max (us)
----------------------------------------------------------------------------------------------------------------------------------------------------
Ingress Queue Time           -                  -                      -            -            -            -            -            -
Repeatable Handle Time       -                  -                      -            -            -            -            -            -
Worker Queue Time            -                  -                      -            -            -            -            -            -
Worker Handle Time           -                  -                      -            -            -            -            -            -
Total                        -                  -                      -            -            -            -            -            -
Running experiment for throughput = 145000 req/s:
['/dev/shm/agent_shinjuku', '--firstcpu', '11', '--globalcpu', '11', '--ncpus', '7', '--preemption_time_slice', '30us']
['/dev/shm/rocksdb', '--print_format', 'pretty', '--noprint_distribution', '', '--noprint_ns', '', '--print_get', '', '--print_range', '', '--rocksdb_db_path', '/dev/shm/orch_db', '--throughput', '20000', '--range_query_ratio', '0.09', '--load_generator_cpus', '10', '--cfs_dispatcher_cpus', '11', '--num_workers', '200', '--worker_cpus', '', '--cfs_wait_type', 'spin', '--ghost_wait_type', 'prio_table', '--get_duration', '10us', '--range_duration', '5000us', '--get_exponential_mean', '0us', '--batch', '1', '--experiment_duration', '15s', '--discard_duration', '2s', '--scheduler', 'ghost', '--ghost_qos', '2', '--throughput', '145000']
RocksDB Stats:
Get:
Stage                        Total Requests     Throughput (req/s)     Min (us)     50% (us)     99% (us)     99.5% (us)   99.9% (us)   Max (us)
----------------------------------------------------------------------------------------------------------------------------------------------------
Ingress Queue Time           -                  -                      -            -            -            -            -            -
Repeatable Handle Time       -                  -                      -            -            -            -            -            -
Worker Queue Time            -                  -                      -            -            -            -            -            -
Worker Handle Time           -                  -                      -            -            -            -            -            -
Total                        -                  -                      -            -            -            -            -            -
Range:
Stage                        Total Requests     Throughput (req/s)     Min (us)     50% (us)     99% (us)     99.5% (us)   99.9% (us)   Max (us)
----------------------------------------------------------------------------------------------------------------------------------------------------
Ingress Queue Time           -                  -                      -            -            -            -            -            -
Repeatable Handle Time       -                  -                      -            -            -            -            -            -
Worker Queue Time            -                  -                      -            -            -            -            -            -
Worker Handle Time           -                  -                      -            -            -            -            -            -
Total                        -                  -                      -            -            -            -            -            -
All:
Stage                        Total Requests     Throughput (req/s)     Min (us)     50% (us)     99% (us)     99.5% (us)   99.9% (us)   Max (us)
----------------------------------------------------------------------------------------------------------------------------------------------------
Ingress Queue Time           -                  -                      -            -            -            -            -            -
Repeatable Handle Time       -                  -                      -            -            -            -            -            -
Worker Queue Time            -                  -                      -            -            -            -            -            -
Worker Handle Time           -                  -                      -            -            -            -            -            -
Total                        -                  -                      -            -            -            -            -            -
Running experiment for throughput = 146000 req/s:
['/dev/shm/agent_shinjuku', '--firstcpu', '11', '--globalcpu', '11', '--ncpus', '7', '--preemption_time_slice', '30us']
['/dev/shm/rocksdb', '--print_format', 'pretty', '--noprint_distribution', '', '--noprint_ns', '', '--print_get', '', '--print_range', '', '--rocksdb_db_path', '/dev/shm/orch_db', '--throughput', '20000', '--range_query_ratio', '0.09', '--load_generator_cpus', '10', '--cfs_dispatcher_cpus', '11', '--num_workers', '200', '--worker_cpus', '', '--cfs_wait_type', 'spin', '--ghost_wait_type', 'prio_table', '--get_duration', '10us', '--range_duration', '5000us', '--get_exponential_mean', '0us', '--batch', '1', '--experiment_duration', '15s', '--discard_duration', '2s', '--scheduler', 'ghost', '--ghost_qos', '2', '--throughput', '146000']
RocksDB Stats:
Get:
Stage                        Total Requests     Throughput (req/s)     Min (us)     50% (us)     99% (us)     99.5% (us)   99.9% (us)   Max (us)
----------------------------------------------------------------------------------------------------------------------------------------------------
Ingress Queue Time           -                  -                      -            -            -            -            -            -
Repeatable Handle Time       -                  -                      -            -            -            -            -            -
Worker Queue Time            -                  -                      -            -            -            -            -            -
Worker Handle Time           -                  -                      -            -            -            -            -            -
Total                        -                  -                      -            -            -            -            -            -
Range:
Stage                        Total Requests     Throughput (req/s)     Min (us)     50% (us)     99% (us)     99.5% (us)   99.9% (us)   Max (us)
----------------------------------------------------------------------------------------------------------------------------------------------------
Ingress Queue Time           -                  -                      -            -            -            -            -            -
Repeatable Handle Time       -                  -                      -            -            -            -            -            -
Worker Queue Time            -                  -                      -            -            -            -            -            -
Worker Handle Time           -                  -                      -            -            -            -            -            -
Total                        -                  -                      -            -            -            -            -            -
All:
Stage                        Total Requests     Throughput (req/s)     Min (us)     50% (us)     99% (us)     99.5% (us)   99.9% (us)   Max (us)
----------------------------------------------------------------------------------------------------------------------------------------------------
Ingress Queue Time           -                  -                      -            -            -            -            -            -
Repeatable Handle Time       -                  -                      -            -            -            -            -            -
Worker Queue Time            -                  -                      -            -            -            -            -            -
Worker Handle Time           -                  -                      -            -            -            -            -            -
Total                        -                  -                      -            -            -            -            -            -
Running experiment for throughput = 147000 req/s:
['/dev/shm/agent_shinjuku', '--firstcpu', '11', '--globalcpu', '11', '--ncpus', '7', '--preemption_time_slice', '30us']
['/dev/shm/rocksdb', '--print_format', 'pretty', '--noprint_distribution', '', '--noprint_ns', '', '--print_get', '', '--print_range', '', '--rocksdb_db_path', '/dev/shm/orch_db', '--throughput', '20000', '--range_query_ratio', '0.09', '--load_generator_cpus', '10', '--cfs_dispatcher_cpus', '11', '--num_workers', '200', '--worker_cpus', '', '--cfs_wait_type', 'spin', '--ghost_wait_type', 'prio_table', '--get_duration', '10us', '--range_duration', '5000us', '--get_exponential_mean', '0us', '--batch', '1', '--experiment_duration', '15s', '--discard_duration', '2s', '--scheduler', 'ghost', '--ghost_qos', '2', '--throughput', '147000']
RocksDB Stats:
Get:
Stage                        Total Requests     Throughput (req/s)     Min (us)     50% (us)     99% (us)     99.5% (us)   99.9% (us)   Max (us)
----------------------------------------------------------------------------------------------------------------------------------------------------
Ingress Queue Time           -                  -                      -            -            -            -            -            -
Repeatable Handle Time       -                  -                      -            -            -            -            -            -
Worker Queue Time            -                  -                      -            -            -            -            -            -
Worker Handle Time           -                  -                      -            -            -            -            -            -
Total                        -                  -                      -            -            -            -            -            -
Range:
Stage                        Total Requests     Throughput (req/s)     Min (us)     50% (us)     99% (us)     99.5% (us)   99.9% (us)   Max (us)
----------------------------------------------------------------------------------------------------------------------------------------------------
Ingress Queue Time           -                  -                      -            -            -            -            -            -
Repeatable Handle Time       -                  -                      -            -            -            -            -            -
Worker Queue Time            -                  -                      -            -            -            -            -            -
Worker Handle Time           -                  -                      -            -            -            -            -            -
Total                        -                  -                      -            -            -            -            -            -
All:
Stage                        Total Requests     Throughput (req/s)     Min (us)     50% (us)     99% (us)     99.5% (us)   99.9% (us)   Max (us)
----------------------------------------------------------------------------------------------------------------------------------------------------
Ingress Queue Time           -                  -                      -            -            -            -            -            -
Repeatable Handle Time       -                  -                      -            -            -            -            -            -
Worker Queue Time            -                  -                      -            -            -            -            -            -
Worker Handle Time           -                  -                      -            -            -            -            -            -
Total                        -                  -                      -            -            -            -            -            -
Running experiment for throughput = 148000 req/s:
['/dev/shm/agent_shinjuku', '--firstcpu', '11', '--globalcpu', '11', '--ncpus', '7', '--preemption_time_slice', '30us']
['/dev/shm/rocksdb', '--print_format', 'pretty', '--noprint_distribution', '', '--noprint_ns', '', '--print_get', '', '--print_range', '', '--rocksdb_db_path', '/dev/shm/orch_db', '--throughput', '20000', '--range_query_ratio', '0.09', '--load_generator_cpus', '10', '--cfs_dispatcher_cpus', '11', '--num_workers', '200', '--worker_cpus', '', '--cfs_wait_type', 'spin', '--ghost_wait_type', 'prio_table', '--get_duration', '10us', '--range_duration', '5000us', '--get_exponential_mean', '0us', '--batch', '1', '--experiment_duration', '15s', '--discard_duration', '2s', '--scheduler', 'ghost', '--ghost_qos', '2', '--throughput', '148000']
RocksDB Stats:
Get:
Stage                        Total Requests     Throughput (req/s)     Min (us)     50% (us)     99% (us)     99.5% (us)   99.9% (us)   Max (us)
----------------------------------------------------------------------------------------------------------------------------------------------------
Ingress Queue Time           -                  -                      -            -            -            -            -            -
Repeatable Handle Time       -                  -                      -            -            -            -            -            -
Worker Queue Time            -                  -                      -            -            -            -            -            -
Worker Handle Time           -                  -                      -            -            -            -            -            -
Total                        -                  -                      -            -            -            -            -            -
Range:
Stage                        Total Requests     Throughput (req/s)     Min (us)     50% (us)     99% (us)     99.5% (us)   99.9% (us)   Max (us)
----------------------------------------------------------------------------------------------------------------------------------------------------
Ingress Queue Time           -                  -                      -            -            -            -            -            -
Repeatable Handle Time       -                  -                      -            -            -            -            -            -
Worker Queue Time            -                  -                      -            -            -            -            -            -
Worker Handle Time           -                  -                      -            -            -            -            -            -
Total                        -                  -                      -            -            -            -            -            -
All:
Stage                        Total Requests     Throughput (req/s)     Min (us)     50% (us)     99% (us)     99.5% (us)   99.9% (us)   Max (us)
----------------------------------------------------------------------------------------------------------------------------------------------------
Ingress Queue Time           -                  -                      -            -            -            -            -            -
Repeatable Handle Time       -                  -                      -            -            -            -            -            -
Worker Queue Time            -                  -                      -            -            -            -            -            -
Worker Handle Time           -                  -                      -            -            -            -            -            -
Total                        -                  -                      -            -            -            -            -            -
Running experiment for throughput = 149000 req/s:
['/dev/shm/agent_shinjuku', '--firstcpu', '11', '--globalcpu', '11', '--ncpus', '7', '--preemption_time_slice', '30us']
['/dev/shm/rocksdb', '--print_format', 'pretty', '--noprint_distribution', '', '--noprint_ns', '', '--print_get', '', '--print_range', '', '--rocksdb_db_path', '/dev/shm/orch_db', '--throughput', '20000', '--range_query_ratio', '0.09', '--load_generator_cpus', '10', '--cfs_dispatcher_cpus', '11', '--num_workers', '200', '--worker_cpus', '', '--cfs_wait_type', 'spin', '--ghost_wait_type', 'prio_table', '--get_duration', '10us', '--range_duration', '5000us', '--get_exponential_mean', '0us', '--batch', '1', '--experiment_duration', '15s', '--discard_duration', '2s', '--scheduler', 'ghost', '--ghost_qos', '2', '--throughput', '149000']
RocksDB Stats:
Get:
Stage                        Total Requests     Throughput (req/s)     Min (us)     50% (us)     99% (us)     99.5% (us)   99.9% (us)   Max (us)
----------------------------------------------------------------------------------------------------------------------------------------------------
Ingress Queue Time           -                  -                      -            -            -            -            -            -
Repeatable Handle Time       -                  -                      -            -            -            -            -            -
Worker Queue Time            -                  -                      -            -            -            -            -            -
Worker Handle Time           -                  -                      -            -            -            -            -            -
Total                        -                  -                      -            -            -            -            -            -
Range:
Stage                        Total Requests     Throughput (req/s)     Min (us)     50% (us)     99% (us)     99.5% (us)   99.9% (us)   Max (us)
----------------------------------------------------------------------------------------------------------------------------------------------------
Ingress Queue Time           -                  -                      -            -            -            -            -            -
Repeatable Handle Time       -                  -                      -            -            -            -            -            -
Worker Queue Time            -                  -                      -            -            -            -            -            -
Worker Handle Time           -                  -                      -            -            -            -            -            -
Total                        -                  -                      -            -            -            -            -            -
All:
Stage                        Total Requests     Throughput (req/s)     Min (us)     50% (us)     99% (us)     99.5% (us)   99.9% (us)   Max (us)
----------------------------------------------------------------------------------------------------------------------------------------------------
Ingress Queue Time           -                  -                      -            -            -            -            -            -
Repeatable Handle Time       -                  -                      -            -            -            -            -            -
Worker Queue Time            -                  -                      -            -            -            -            -            -
Worker Handle Time           -                  -                      -            -            -            -            -            -
Total                        -                  -                      -            -            -            -            -            -
Running experiment for throughput = 150000 req/s:
['/dev/shm/agent_shinjuku', '--firstcpu', '11', '--globalcpu', '11', '--ncpus', '7', '--preemption_time_slice', '30us']
['/dev/shm/rocksdb', '--print_format', 'pretty', '--noprint_distribution', '', '--noprint_ns', '', '--print_get', '', '--print_range', '', '--rocksdb_db_path', '/dev/shm/orch_db', '--throughput', '20000', '--range_query_ratio', '0.09', '--load_generator_cpus', '10', '--cfs_dispatcher_cpus', '11', '--num_workers', '200', '--worker_cpus', '', '--cfs_wait_type', 'spin', '--ghost_wait_type', 'prio_table', '--get_duration', '10us', '--range_duration', '5000us', '--get_exponential_mean', '0us', '--batch', '1', '--experiment_duration', '15s', '--discard_duration', '2s', '--scheduler', 'ghost', '--ghost_qos', '2', '--throughput', '150000']
RocksDB Stats:
Get:
Stage                        Total Requests     Throughput (req/s)     Min (us)     50% (us)     99% (us)     99.5% (us)   99.9% (us)   Max (us)
----------------------------------------------------------------------------------------------------------------------------------------------------
Ingress Queue Time           -                  -                      -            -            -            -            -            -
Repeatable Handle Time       -                  -                      -            -            -            -            -            -
Worker Queue Time            -                  -                      -            -            -            -            -            -
Worker Handle Time           -                  -                      -            -            -            -            -            -
Total                        -                  -                      -            -            -            -            -            -
Range:
Stage                        Total Requests     Throughput (req/s)     Min (us)     50% (us)     99% (us)     99.5% (us)   99.9% (us)   Max (us)
----------------------------------------------------------------------------------------------------------------------------------------------------
Ingress Queue Time           -                  -                      -            -            -            -            -            -
Repeatable Handle Time       -                  -                      -            -            -            -            -            -
Worker Queue Time            -                  -                      -            -            -            -            -            -
Worker Handle Time           -                  -                      -            -            -            -            -            -
Total                        -                  -                      -            -            -            -            -            -
All:
Stage                        Total Requests     Throughput (req/s)     Min (us)     50% (us)     99% (us)     99.5% (us)   99.9% (us)   Max (us)
----------------------------------------------------------------------------------------------------------------------------------------------------
Ingress Queue Time           -                  -                      -            -            -            -            -            -
Repeatable Handle Time       -                  -                      -            -            -            -            -            -
Worker Queue Time            -                  -                      -            -            -            -            -            -
Worker Handle Time           -                  -                      -            -            -            -            -            -
Total                        -                  -                      -            -            -            -            -            -
