Running ghOSt experiments...
Output Directory: /tmp/ghost_data/2023-11-14 22:11:51
{"throughputs": [10000, 20000, 30000, 40000, 50000, 60000, 70000, 80000, 90000, 100000, 110000, 120000, 130000, 140000, 141000, 142000, 143000, 144000, 145000, 146000, 147000, 148000, 149000, 150000], "output_prefix": "/tmp/ghost_data/2023-11-14 22:11:51", "binaries": {"rocksdb": "/dev/shm/rocksdb", "antagonist": "/dev/shm/antagonist", "ghost": "/dev/shm/agent_shinjuku"}, "rocksdb": {"print_format": "pretty", "print_distribution": false, "print_ns": false, "print_get": true, "print_range": true, "rocksdb_db_path": "/dev/shm/orch_db", "throughput": 20000, "range_query_ratio": 0.08, "load_generator_cpus": 10, "cfs_dispatcher_cpus": 11, "num_workers": 200, "worker_cpus": [], "cfs_wait_type": "spin", "ghost_wait_type": "prio_table", "get_duration": "10us", "range_duration": "5000us", "get_exponential_mean": "0us", "batch": 1, "experiment_duration": "15s", "discard_duration": "2s", "scheduler": "ghost", "ghost_qos": 2}, "antagonist": null, "ghost": {"firstcpu": 11, "globalcpu": 11, "ncpus": 7, "preemption_time_slice": "65us"}}
Running experiment for throughput = 10000 req/s:
['/dev/shm/agent_shinjuku', '--firstcpu', '11', '--globalcpu', '11', '--ncpus', '7', '--preemption_time_slice', '65us']
['/dev/shm/rocksdb', '--print_format', 'pretty', '--noprint_distribution', '', '--noprint_ns', '', '--print_get', '', '--print_range', '', '--rocksdb_db_path', '/dev/shm/orch_db', '--throughput', '20000', '--range_query_ratio', '0.08', '--load_generator_cpus', '10', '--cfs_dispatcher_cpus', '11', '--num_workers', '200', '--worker_cpus', '', '--cfs_wait_type', 'spin', '--ghost_wait_type', 'prio_table', '--get_duration', '10us', '--range_duration', '5000us', '--get_exponential_mean', '0us', '--batch', '1', '--experiment_duration', '15s', '--discard_duration', '2s', '--scheduler', 'ghost', '--ghost_qos', '2', '--throughput', '10000']
RocksDB Stats:
Get:
Stage                        Total Requests     Throughput (req/s)     Min (us)     50% (us)     99% (us)     99.5% (us)   99.9% (us)   Max (us)
----------------------------------------------------------------------------------------------------------------------------------------------------
Ingress Queue Time           119610             9200                   0            0            7            11           28           4337
Repeatable Handle Time       119610             9200                   0            0            2            2            3            24
Worker Queue Time            119610             9200                   0            16           526          1058         10923        242960
Worker Handle Time           119610             9200                   10           11           31           50           155          51722
Total                        119610             9200                   11           29           574          1234         12038        242972
Range:
Stage                        Total Requests     Throughput (req/s)     Min (us)     50% (us)     99% (us)     99.5% (us)   99.9% (us)   Max (us)
----------------------------------------------------------------------------------------------------------------------------------------------------
Ingress Queue Time           10352              796                    0            0            8            12           25           2772
Repeatable Handle Time       10352              796                    0            0            2            2            3            17
Worker Queue Time            10352              796                    0            16           531          1037         8323         242661
Worker Handle Time           10352              796                    5001         6048         41628        58558        101411       286325
Total                        10352              796                    5002         6086         43169        60427        187478       286362
All:
Stage                        Total Requests     Throughput (req/s)     Min (us)     50% (us)     99% (us)     99.5% (us)   99.9% (us)   Max (us)
----------------------------------------------------------------------------------------------------------------------------------------------------
Ingress Queue Time           129962             9997                   0            0            7            11           28           4337
Repeatable Handle Time       129962             9997                   0            0            2            2            3            24
Worker Queue Time            129962             9997                   0            16           528          1059         10840        242960
Worker Handle Time           129962             9997                   10           12           9931         13716        37932        286325
Total                        129962             9997                   11           30           10457        15497        56723        286362
Running experiment for throughput = 20000 req/s:
['/dev/shm/agent_shinjuku', '--firstcpu', '11', '--globalcpu', '11', '--ncpus', '7', '--preemption_time_slice', '65us']
['/dev/shm/rocksdb', '--print_format', 'pretty', '--noprint_distribution', '', '--noprint_ns', '', '--print_get', '', '--print_range', '', '--rocksdb_db_path', '/dev/shm/orch_db', '--throughput', '20000', '--range_query_ratio', '0.08', '--load_generator_cpus', '10', '--cfs_dispatcher_cpus', '11', '--num_workers', '200', '--worker_cpus', '', '--cfs_wait_type', 'spin', '--ghost_wait_type', 'prio_table', '--get_duration', '10us', '--range_duration', '5000us', '--get_exponential_mean', '0us', '--batch', '1', '--experiment_duration', '15s', '--discard_duration', '2s', '--scheduler', 'ghost', '--ghost_qos', '2', '--throughput', '20000']
RocksDB Stats:
Get:
Stage                        Total Requests     Throughput (req/s)     Min (us)     50% (us)     99% (us)     99.5% (us)   99.9% (us)   Max (us)
----------------------------------------------------------------------------------------------------------------------------------------------------
Ingress Queue Time           161406             12415                  849123       2517628      4212843      4229294      4238884      4257941
Repeatable Handle Time       161406             12415                  0            0            2            2            2            669
Worker Queue Time            161406             12415                  0            0            19           47           4993610      5209154
Worker Handle Time           161406             12415                  10           12           180          725          4289         549166
Total                        161406             12415                  849135       2529153      4220661      4234710      6400831      7972636
Range:
Stage                        Total Requests     Throughput (req/s)     Min (us)     50% (us)     99% (us)     99.5% (us)   99.9% (us)   Max (us)
----------------------------------------------------------------------------------------------------------------------------------------------------
Ingress Queue Time           13841              1064                   849170       2519032      4212075      4228948      4238773      4243475
Repeatable Handle Time       13841              1064                   0            0            2            2            3            3
Worker Queue Time            13841              1064                   0            0            19           50           4993642      5208851
Worker Handle Time           13841              1064                   5001         7072         69224        128362       1235639      5220173
Total                        13841              1064                   855740       2542951      4233080      4245864      7964749      11620509
All:
Stage                        Total Requests     Throughput (req/s)     Min (us)     50% (us)     99% (us)     99.5% (us)   99.9% (us)   Max (us)
----------------------------------------------------------------------------------------------------------------------------------------------------
Ingress Queue Time           175247             13480                  849123       2517651      4212815      4229279      4238884      4257941
Repeatable Handle Time       175247             13480                  0            0            2            2            3            669
Worker Queue Time            175247             13480                  0            0            19           47           4993634      5209154
Worker Handle Time           175247             13480                  10           12           12990        23519        65372        5220173
Total                        175247             13480                  849135       2529878      4221204      4235419      6401519      11620509
Running experiment for throughput = 30000 req/s:
['/dev/shm/agent_shinjuku', '--firstcpu', '11', '--globalcpu', '11', '--ncpus', '7', '--preemption_time_slice', '65us']
['/dev/shm/rocksdb', '--print_format', 'pretty', '--noprint_distribution', '', '--noprint_ns', '', '--print_get', '', '--print_range', '', '--rocksdb_db_path', '/dev/shm/orch_db', '--throughput', '20000', '--range_query_ratio', '0.08', '--load_generator_cpus', '10', '--cfs_dispatcher_cpus', '11', '--num_workers', '200', '--worker_cpus', '', '--cfs_wait_type', 'spin', '--ghost_wait_type', 'prio_table', '--get_duration', '10us', '--range_duration', '5000us', '--get_exponential_mean', '0us', '--batch', '1', '--experiment_duration', '15s', '--discard_duration', '2s', '--scheduler', 'ghost', '--ghost_qos', '2', '--throughput', '30000']
RocksDB Stats:
Get:
Stage                        Total Requests     Throughput (req/s)     Min (us)     50% (us)     99% (us)     99.5% (us)   99.9% (us)   Max (us)
----------------------------------------------------------------------------------------------------------------------------------------------------
Ingress Queue Time           123931             9533                   2544128      5537514      8446351      8476101      8488895      8494143
Repeatable Handle Time       123931             9533                   0            0            2            2            3            36
Worker Queue Time            123931             9533                   0            0            0            21           3781         4863698
Worker Handle Time           123931             9533                   10           12           170          630          4384         2781875
Total                        123931             9533                   2544162      5537707      8446477      8476261      8489326      10569782
Range:
Stage                        Total Requests     Throughput (req/s)     Min (us)     50% (us)     99% (us)     99.5% (us)   99.9% (us)   Max (us)
----------------------------------------------------------------------------------------------------------------------------------------------------
Ingress Queue Time           10734              825                    2544155      5513244      8438805      8470276      8488840      8493984
Repeatable Handle Time       10734              825                    0            0            2            2            3            12
Worker Queue Time            10734              825                    0            0            0            21           388          2179236
Worker Handle Time           10734              825                    5001         8152         208732       4947013      10132642     10150420
Total                        10734              825                    2551319      5574876      8481814      10637573     12858598     12880798
All:
Stage                        Total Requests     Throughput (req/s)     Min (us)     50% (us)     99% (us)     99.5% (us)   99.9% (us)   Max (us)
----------------------------------------------------------------------------------------------------------------------------------------------------
Ingress Queue Time           134665             10358                  2544128      5537010      8445740      8475932      8488895      8494143
Repeatable Handle Time       134665             10358                  0            0            2            2            3            36
Worker Queue Time            134665             10358                  0            0            0            21           2555         4863698
Worker Handle Time           134665             10358                  10           12           17415        31460        188030       10150420
Total                        134665             10358                  2544162      5542385      8449111      8477089      8492992      12880798
Running experiment for throughput = 40000 req/s:
['/dev/shm/agent_shinjuku', '--firstcpu', '11', '--globalcpu', '11', '--ncpus', '7', '--preemption_time_slice', '65us']
['/dev/shm/rocksdb', '--print_format', 'pretty', '--noprint_distribution', '', '--noprint_ns', '', '--print_get', '', '--print_range', '', '--rocksdb_db_path', '/dev/shm/orch_db', '--throughput', '20000', '--range_query_ratio', '0.08', '--load_generator_cpus', '10', '--cfs_dispatcher_cpus', '11', '--num_workers', '200', '--worker_cpus', '', '--cfs_wait_type', 'spin', '--ghost_wait_type', 'prio_table', '--get_duration', '10us', '--range_duration', '5000us', '--get_exponential_mean', '0us', '--batch', '1', '--experiment_duration', '15s', '--discard_duration', '2s', '--scheduler', 'ghost', '--ghost_qos', '2', '--throughput', '40000']
RocksDB Stats:
Get:
Stage                        Total Requests     Throughput (req/s)     Min (us)     50% (us)     99% (us)     99.5% (us)   99.9% (us)   Max (us)
----------------------------------------------------------------------------------------------------------------------------------------------------
Ingress Queue Time           124162             9550                   3645409      6606066      9561330      9600933      9619266      9624735
Repeatable Handle Time       124162             9550                   0            0            2            2            2            324
Worker Queue Time            124162             9550                   0            0            13           27           778          5194955
Worker Handle Time           124162             9550                   10           12           243          956          4861         167005
Total                        124162             9550                   3645421      6606255      9561366      9600979      9619299      9624786
Range:
Stage                        Total Requests     Throughput (req/s)     Min (us)     50% (us)     99% (us)     99.5% (us)   99.9% (us)   Max (us)
----------------------------------------------------------------------------------------------------------------------------------------------------
Ingress Queue Time           10659              819                    3645463      6625480      9561341      9594019      9618751      9624353
Repeatable Handle Time       10659              819                    0            0            2            2            2            79
Worker Queue Time            10659              819                    0            0            1            24           794          1402447
Worker Handle Time           10659              819                    5001         7110         66341        97493        696662       5204363
Total                        10659              819                    3652832      6637212      9576793      9609598      9634571      10711603
All:
Stage                        Total Requests     Throughput (req/s)     Min (us)     50% (us)     99% (us)     99.5% (us)   99.9% (us)   Max (us)
----------------------------------------------------------------------------------------------------------------------------------------------------
Ingress Queue Time           134821             10370                  3645409      6607440      9561341      9600349      9619264      9624735
Repeatable Handle Time       134821             10370                  0            0            2            2            2            324
Worker Queue Time            134821             10370                  0            0            12           27           807          5194955
Worker Handle Time           134821             10370                  10           12           14090        22331        56984        5204363
Total                        134821             10370                  3645421      6608076      9562291      9602133      9619402      10711603
Running experiment for throughput = 50000 req/s:
['/dev/shm/agent_shinjuku', '--firstcpu', '11', '--globalcpu', '11', '--ncpus', '7', '--preemption_time_slice', '65us']
['/dev/shm/rocksdb', '--print_format', 'pretty', '--noprint_distribution', '', '--noprint_ns', '', '--print_get', '', '--print_range', '', '--rocksdb_db_path', '/dev/shm/orch_db', '--throughput', '20000', '--range_query_ratio', '0.08', '--load_generator_cpus', '10', '--cfs_dispatcher_cpus', '11', '--num_workers', '200', '--worker_cpus', '', '--cfs_wait_type', 'spin', '--ghost_wait_type', 'prio_table', '--get_duration', '10us', '--range_duration', '5000us', '--get_exponential_mean', '0us', '--batch', '1', '--experiment_duration', '15s', '--discard_duration', '2s', '--scheduler', 'ghost', '--ghost_qos', '2', '--throughput', '50000']
RocksDB Stats:
Get:
Stage                        Total Requests     Throughput (req/s)     Min (us)     50% (us)     99% (us)     99.5% (us)   99.9% (us)   Max (us)
----------------------------------------------------------------------------------------------------------------------------------------------------
Ingress Queue Time           87162              6704                   5740220      8452109      11072994     11091696     11115467     11122703
Repeatable Handle Time       87162              6704                   0            0            2            2            3            20
Worker Queue Time            87162              6704                   0            0            0            21           64           2546902
Worker Handle Time           87162              6704                   11           12           170          689          5035         84249
Total                        87162              6704                   5740232      8452135      11073032     11091710     11115490     11122770
Range:
Stage                        Total Requests     Throughput (req/s)     Min (us)     50% (us)     99% (us)     99.5% (us)   99.9% (us)   Max (us)
----------------------------------------------------------------------------------------------------------------------------------------------------
Ingress Queue Time           7545               580                    5740225      8428560      11069994     11095549     11115467     11122561
Repeatable Handle Time       7545               580                    0            0            2            2            3            15
Worker Queue Time            7545               580                    0            0            16           23           58           41493
Worker Handle Time           7545               580                    5001         7855         74092        124497       768471       7088659
Total                        7545               580                    5747240      8445697      11082988     11111160     11138439     12957739
All:
Stage                        Total Requests     Throughput (req/s)     Min (us)     50% (us)     99% (us)     99.5% (us)   99.9% (us)   Max (us)
----------------------------------------------------------------------------------------------------------------------------------------------------
Ingress Queue Time           94707              7285                   5740220      8448020      11072954     11091703     11115468     11122703
Repeatable Handle Time       94707              7285                   0            0            2            2            3            20
Worker Queue Time            94707              7285                   0            0            0            21           64           2546902
Worker Handle Time           94707              7285                   11           12           15147        28208        67616        7088659
Total                        94707              7285                   5740232      8451702      11073321     11095218     11115606     12957739
Running experiment for throughput = 60000 req/s:
['/dev/shm/agent_shinjuku', '--firstcpu', '11', '--globalcpu', '11', '--ncpus', '7', '--preemption_time_slice', '65us']
['/dev/shm/rocksdb', '--print_format', 'pretty', '--noprint_distribution', '', '--noprint_ns', '', '--print_get', '', '--print_range', '', '--rocksdb_db_path', '/dev/shm/orch_db', '--throughput', '20000', '--range_query_ratio', '0.08', '--load_generator_cpus', '10', '--cfs_dispatcher_cpus', '11', '--num_workers', '200', '--worker_cpus', '', '--cfs_wait_type', 'spin', '--ghost_wait_type', 'prio_table', '--get_duration', '10us', '--range_duration', '5000us', '--get_exponential_mean', '0us', '--batch', '1', '--experiment_duration', '15s', '--discard_duration', '2s', '--scheduler', 'ghost', '--ghost_qos', '2', '--throughput', '60000']
RocksDB Stats:
Get:
Stage                        Total Requests     Throughput (req/s)     Min (us)     50% (us)     99% (us)     99.5% (us)   99.9% (us)   Max (us)
----------------------------------------------------------------------------------------------------------------------------------------------------
Ingress Queue Time           85113              6547                   6467373      8937296      11412622     11434006     11448262     11453838
Repeatable Handle Time       85113              6547                   0            0            2            2            3            1723
Worker Queue Time            85113              6547                   0            0            21           67           2385212      2391779
Worker Handle Time           85113              6547                   10           12           224          902          4481         2349183
Total                        85113              6547                   6467404      8940241      11412651     11434399     11448291     11453965
Range:
Stage                        Total Requests     Throughput (req/s)     Min (us)     50% (us)     99% (us)     99.5% (us)   99.9% (us)   Max (us)
----------------------------------------------------------------------------------------------------------------------------------------------------
Ingress Queue Time           7388               568                    6467387      8952154      11406070     11430451     11448277     11452756
Repeatable Handle Time       7388               568                    0            0            2            2            3            346
Worker Queue Time            7388               568                    0            0            23           57           86677        2390363
Worker Handle Time           7388               568                    5001         7304         66964        135221       2348888      2376021
Total                        7388               568                    6474519      8976760      11420543     11445018     11471421     11763814
All:
Stage                        Total Requests     Throughput (req/s)     Min (us)     50% (us)     99% (us)     99.5% (us)   99.9% (us)   Max (us)
----------------------------------------------------------------------------------------------------------------------------------------------------
Ingress Queue Time           92501              7115                   6467373      8937766      11412605     11433455     11448269     11453838
Repeatable Handle Time       92501              7115                   0            0            2            2            3            1723
Worker Queue Time            92501              7115                   0            0            21           67           2385204      2391779
Worker Handle Time           92501              7115                   10           12           13775        21631        61280        2376021
Total                        92501              7115                   6467404      8945426      11412697     11434653     11449610     11763814
Running experiment for throughput = 70000 req/s:
['/dev/shm/agent_shinjuku', '--firstcpu', '11', '--globalcpu', '11', '--ncpus', '7', '--preemption_time_slice', '65us']
['/dev/shm/rocksdb', '--print_format', 'pretty', '--noprint_distribution', '', '--noprint_ns', '', '--print_get', '', '--print_range', '', '--rocksdb_db_path', '/dev/shm/orch_db', '--throughput', '20000', '--range_query_ratio', '0.08', '--load_generator_cpus', '10', '--cfs_dispatcher_cpus', '11', '--num_workers', '200', '--worker_cpus', '', '--cfs_wait_type', 'spin', '--ghost_wait_type', 'prio_table', '--get_duration', '10us', '--range_duration', '5000us', '--get_exponential_mean', '0us', '--batch', '1', '--experiment_duration', '15s', '--discard_duration', '2s', '--scheduler', 'ghost', '--ghost_qos', '2', '--throughput', '70000']
RocksDB Stats:
Get:
Stage                        Total Requests     Throughput (req/s)     Min (us)     50% (us)     99% (us)     99.5% (us)   99.9% (us)   Max (us)
----------------------------------------------------------------------------------------------------------------------------------------------------
Ingress Queue Time           51708              3977                   8626180      10439782     12168388     12182656     12192293     12197217
Repeatable Handle Time       51708              3977                   0            0            2            2            3            229
Worker Queue Time            51708              3977                   0            0            1            23           97           2536715
Worker Handle Time           51708              3977                   10           12           165          744          5443         147356
Total                        51708              3977                   8626204      10440393     12168411     12182693     12192308     12206199
Range:
Stage                        Total Requests     Throughput (req/s)     Min (us)     50% (us)     99% (us)     99.5% (us)   99.9% (us)   Max (us)
----------------------------------------------------------------------------------------------------------------------------------------------------
Ingress Queue Time           4567               351                    8626540      10419555     12161314     12180428     12194081     12197249
Repeatable Handle Time       4567               351                    0            0            2            2            2            7
Worker Queue Time            4567               351                    0            0            20           34           153          75765
Worker Handle Time           4567               351                    5001         7816         66793        101493       517418       2547490
Total                        4567               351                    8634082      10432945     12176021     12191348     12213413     12549923
All:
Stage                        Total Requests     Throughput (req/s)     Min (us)     50% (us)     99% (us)     99.5% (us)   99.9% (us)   Max (us)
----------------------------------------------------------------------------------------------------------------------------------------------------
Ingress Queue Time           56275              4328                   8626180      10432797     12168370     12182650     12192296     12197249
Repeatable Handle Time       56275              4328                   0            0            2            2            3            229
Worker Queue Time            56275              4328                   0            0            3            23           101          2536715
Worker Handle Time           56275              4328                   10           12           14951        25625        61743        2547490
Total                        56275              4328                   8626204      10439811     12168497     12182735     12194033     12549923
Running experiment for throughput = 80000 req/s:
['/dev/shm/agent_shinjuku', '--firstcpu', '11', '--globalcpu', '11', '--ncpus', '7', '--preemption_time_slice', '65us']
['/dev/shm/rocksdb', '--print_format', 'pretty', '--noprint_distribution', '', '--noprint_ns', '', '--print_get', '', '--print_range', '', '--rocksdb_db_path', '/dev/shm/orch_db', '--throughput', '20000', '--range_query_ratio', '0.08', '--load_generator_cpus', '10', '--cfs_dispatcher_cpus', '11', '--num_workers', '200', '--worker_cpus', '', '--cfs_wait_type', 'spin', '--ghost_wait_type', 'prio_table', '--get_duration', '10us', '--range_duration', '5000us', '--get_exponential_mean', '0us', '--batch', '1', '--experiment_duration', '15s', '--discard_duration', '2s', '--scheduler', 'ghost', '--ghost_qos', '2', '--throughput', '80000']
RocksDB Stats:
Get:
Stage                        Total Requests     Throughput (req/s)     Min (us)     50% (us)     99% (us)     99.5% (us)   99.9% (us)   Max (us)
----------------------------------------------------------------------------------------------------------------------------------------------------
Ingress Queue Time           49107              3777                   9163350      10716014     12295929     12317303     12325589     12328998
Repeatable Handle Time       49107              3777                   0            0            2            2            3            21
Worker Queue Time            49107              3777                   0            0            0            21           127          3335828
Worker Handle Time           49107              3777                   10           12           233          844          6568         217610
Total                        49107              3777                   9163362      10716199     12297119     12317358     12325615     12755210
Range:
Stage                        Total Requests     Throughput (req/s)     Min (us)     50% (us)     99% (us)     99.5% (us)   99.9% (us)   Max (us)
----------------------------------------------------------------------------------------------------------------------------------------------------
Ingress Queue Time           4338               333                    9163399      10729015     12295896     12313002     12325502     12329007
Repeatable Handle Time       4338               333                    0            0            2            2            2            3
Worker Queue Time            4338               333                    0            0            0            21           74           119504
Worker Handle Time           4338               333                    5001         7292         69256        99960        2193871      3343029
Total                        4338               333                    9170250      10743469     12314265     12328920     12350861     12755786
All:
Stage                        Total Requests     Throughput (req/s)     Min (us)     50% (us)     99% (us)     99.5% (us)   99.9% (us)   Max (us)
----------------------------------------------------------------------------------------------------------------------------------------------------
Ingress Queue Time           53445              4111                   9163350      10716334     12295932     12317254     12325587     12329007
Repeatable Handle Time       53445              4111                   0            0            2            2            3            21
Worker Queue Time            53445              4111                   0            0            0            21           127          3335828
Worker Handle Time           53445              4111                   10           13           14808        22953        64369        3343029
Total                        53445              4111                   9163362      10716398     12297279     12318141     12325714     12755786
Running experiment for throughput = 90000 req/s:
['/dev/shm/agent_shinjuku', '--firstcpu', '11', '--globalcpu', '11', '--ncpus', '7', '--preemption_time_slice', '65us']
['/dev/shm/rocksdb', '--print_format', 'pretty', '--noprint_distribution', '', '--noprint_ns', '', '--print_get', '', '--print_range', '', '--rocksdb_db_path', '/dev/shm/orch_db', '--throughput', '20000', '--range_query_ratio', '0.08', '--load_generator_cpus', '10', '--cfs_dispatcher_cpus', '11', '--num_workers', '200', '--worker_cpus', '', '--cfs_wait_type', 'spin', '--ghost_wait_type', 'prio_table', '--get_duration', '10us', '--range_duration', '5000us', '--get_exponential_mean', '0us', '--batch', '1', '--experiment_duration', '15s', '--discard_duration', '2s', '--scheduler', 'ghost', '--ghost_qos', '2', '--throughput', '90000']
RocksDB Stats:
Get:
Stage                        Total Requests     Throughput (req/s)     Min (us)     50% (us)     99% (us)     99.5% (us)   99.9% (us)   Max (us)
----------------------------------------------------------------------------------------------------------------------------------------------------
Ingress Queue Time           8029               617                    12312934     12622275     12897008     12897581     12899292     12901668
Repeatable Handle Time       8029               617                    0            0            2            2            2            11
Worker Queue Time            8029               617                    0            0            0            0            38           187
Worker Handle Time           8029               617                    11           12           130          342          3547         13124
Total                        8029               617                    12312950     12622302     12897075     12897618     12899306     12901705
Range:
Stage                        Total Requests     Throughput (req/s)     Min (us)     50% (us)     99% (us)     99.5% (us)   99.9% (us)   Max (us)
----------------------------------------------------------------------------------------------------------------------------------------------------
Ingress Queue Time           717                55                     12312966     12607956     12897249     12898166     12901683     12901683
Repeatable Handle Time       717                55                     0            0            2            2            2            2
Worker Queue Time            717                55                     0            0            0            23           63           63
Worker Handle Time           717                55                     6991         7937         73777        85653        137535       137535
Total                        717                55                     12320376     12621683     12907061     12909465     12912897     12912897
All:
Stage                        Total Requests     Throughput (req/s)     Min (us)     50% (us)     99% (us)     99.5% (us)   99.9% (us)   Max (us)
----------------------------------------------------------------------------------------------------------------------------------------------------
Ingress Queue Time           8746               672                    12312934     12622189     12897008     12897613     12899294     12901683
Repeatable Handle Time       8746               672                    0            0            2            2            2            11
Worker Queue Time            8746               672                    0            0            0            0            43           187
Worker Handle Time           8746               672                    11           12           13476        22884        47370        137535
Total                        8746               672                    12312950     12622300     12897183     12898151     12906207     12912897
Running experiment for throughput = 100000 req/s:
['/dev/shm/agent_shinjuku', '--firstcpu', '11', '--globalcpu', '11', '--ncpus', '7', '--preemption_time_slice', '65us']
['/dev/shm/rocksdb', '--print_format', 'pretty', '--noprint_distribution', '', '--noprint_ns', '', '--print_get', '', '--print_range', '', '--rocksdb_db_path', '/dev/shm/orch_db', '--throughput', '20000', '--range_query_ratio', '0.08', '--load_generator_cpus', '10', '--cfs_dispatcher_cpus', '11', '--num_workers', '200', '--worker_cpus', '', '--cfs_wait_type', 'spin', '--ghost_wait_type', 'prio_table', '--get_duration', '10us', '--range_duration', '5000us', '--get_exponential_mean', '0us', '--batch', '1', '--experiment_duration', '15s', '--discard_duration', '2s', '--scheduler', 'ghost', '--ghost_qos', '2', '--throughput', '100000']
RocksDB Stats:
Get:
Stage                        Total Requests     Throughput (req/s)     Min (us)     50% (us)     99% (us)     99.5% (us)   99.9% (us)   Max (us)
----------------------------------------------------------------------------------------------------------------------------------------------------
Ingress Queue Time           9895               761                    12235326     12567254     12889445     12890365     12891468     12891925
Repeatable Handle Time       9895               761                    0            0            2            2            3            3
Worker Queue Time            9895               761                    0            0            1            21           758          34649
Worker Handle Time           9895               761                    11           12           193          693          4088         29933
Total                        9895               761                    12235338     12567290     12889486     12890402     12891506     12891937
Range:
Stage                        Total Requests     Throughput (req/s)     Min (us)     50% (us)     99% (us)     99.5% (us)   99.9% (us)   Max (us)
----------------------------------------------------------------------------------------------------------------------------------------------------
Ingress Queue Time           859                66                     12235386     12563624     12887745     12889941     12891916     12891916
Repeatable Handle Time       859                66                     0            0            2            2            3            3
Worker Queue Time            859                66                     0            0            1            20           1272         1272
Worker Handle Time           859                66                     5001         7075         71865        92985        299963       299963
Total                        859                66                     12243050     12574655     12902915     12949670     12983241     12983241
All:
Stage                        Total Requests     Throughput (req/s)     Min (us)     50% (us)     99% (us)     99.5% (us)   99.9% (us)   Max (us)
----------------------------------------------------------------------------------------------------------------------------------------------------
Ingress Queue Time           10754              827                    12235326     12567245     12889147     12890363     12891467     12891925
Repeatable Handle Time       10754              827                    0            0            2            2            3            3
Worker Queue Time            10754              827                    0            0            1            20           478          34649
Worker Handle Time           10754              827                    11           12           14187        26414        61791        299963
Total                        10754              827                    12235338     12567317     12889994     12890510     12901178     12983241
Running experiment for throughput = 110000 req/s:
['/dev/shm/agent_shinjuku', '--firstcpu', '11', '--globalcpu', '11', '--ncpus', '7', '--preemption_time_slice', '65us']
['/dev/shm/rocksdb', '--print_format', 'pretty', '--noprint_distribution', '', '--noprint_ns', '', '--print_get', '', '--print_range', '', '--rocksdb_db_path', '/dev/shm/orch_db', '--throughput', '20000', '--range_query_ratio', '0.08', '--load_generator_cpus', '10', '--cfs_dispatcher_cpus', '11', '--num_workers', '200', '--worker_cpus', '', '--cfs_wait_type', 'spin', '--ghost_wait_type', 'prio_table', '--get_duration', '10us', '--range_duration', '5000us', '--get_exponential_mean', '0us', '--batch', '1', '--experiment_duration', '15s', '--discard_duration', '2s', '--scheduler', 'ghost', '--ghost_qos', '2', '--throughput', '110000']
RocksDB Stats:
Get:
Stage                        Total Requests     Throughput (req/s)     Min (us)     50% (us)     99% (us)     99.5% (us)   99.9% (us)   Max (us)
----------------------------------------------------------------------------------------------------------------------------------------------------
Ingress Queue Time           -                  -                      -            -            -            -            -            -
Repeatable Handle Time       -                  -                      -            -            -            -            -            -
Worker Queue Time            -                  -                      -            -            -            -            -            -
Worker Handle Time           -                  -                      -            -            -            -            -            -
Total                        -                  -                      -            -            -            -            -            -
Range:
Stage                        Total Requests     Throughput (req/s)     Min (us)     50% (us)     99% (us)     99.5% (us)   99.9% (us)   Max (us)
----------------------------------------------------------------------------------------------------------------------------------------------------
Ingress Queue Time           -                  -                      -            -            -            -            -            -
Repeatable Handle Time       -                  -                      -            -            -            -            -            -
Worker Queue Time            -                  -                      -            -            -            -            -            -
Worker Handle Time           -                  -                      -            -            -            -            -            -
Total                        -                  -                      -            -            -            -            -            -
All:
Stage                        Total Requests     Throughput (req/s)     Min (us)     50% (us)     99% (us)     99.5% (us)   99.9% (us)   Max (us)
----------------------------------------------------------------------------------------------------------------------------------------------------
Ingress Queue Time           -                  -                      -            -            -            -            -            -
Repeatable Handle Time       -                  -                      -            -            -            -            -            -
Worker Queue Time            -                  -                      -            -            -            -            -            -
Worker Handle Time           -                  -                      -            -            -            -            -            -
Total                        -                  -                      -            -            -            -            -            -
Running experiment for throughput = 120000 req/s:
['/dev/shm/agent_shinjuku', '--firstcpu', '11', '--globalcpu', '11', '--ncpus', '7', '--preemption_time_slice', '65us']
['/dev/shm/rocksdb', '--print_format', 'pretty', '--noprint_distribution', '', '--noprint_ns', '', '--print_get', '', '--print_range', '', '--rocksdb_db_path', '/dev/shm/orch_db', '--throughput', '20000', '--range_query_ratio', '0.08', '--load_generator_cpus', '10', '--cfs_dispatcher_cpus', '11', '--num_workers', '200', '--worker_cpus', '', '--cfs_wait_type', 'spin', '--ghost_wait_type', 'prio_table', '--get_duration', '10us', '--range_duration', '5000us', '--get_exponential_mean', '0us', '--batch', '1', '--experiment_duration', '15s', '--discard_duration', '2s', '--scheduler', 'ghost', '--ghost_qos', '2', '--throughput', '120000']
RocksDB Stats:
Get:
Stage                        Total Requests     Throughput (req/s)     Min (us)     50% (us)     99% (us)     99.5% (us)   99.9% (us)   Max (us)
----------------------------------------------------------------------------------------------------------------------------------------------------
Ingress Queue Time           -                  -                      -            -            -            -            -            -
Repeatable Handle Time       -                  -                      -            -            -            -            -            -
Worker Queue Time            -                  -                      -            -            -            -            -            -
Worker Handle Time           -                  -                      -            -            -            -            -            -
Total                        -                  -                      -            -            -            -            -            -
Range:
Stage                        Total Requests     Throughput (req/s)     Min (us)     50% (us)     99% (us)     99.5% (us)   99.9% (us)   Max (us)
----------------------------------------------------------------------------------------------------------------------------------------------------
Ingress Queue Time           -                  -                      -            -            -            -            -            -
Repeatable Handle Time       -                  -                      -            -            -            -            -            -
Worker Queue Time            -                  -                      -            -            -            -            -            -
Worker Handle Time           -                  -                      -            -            -            -            -            -
Total                        -                  -                      -            -            -            -            -            -
All:
Stage                        Total Requests     Throughput (req/s)     Min (us)     50% (us)     99% (us)     99.5% (us)   99.9% (us)   Max (us)
----------------------------------------------------------------------------------------------------------------------------------------------------
Ingress Queue Time           -                  -                      -            -            -            -            -            -
Repeatable Handle Time       -                  -                      -            -            -            -            -            -
Worker Queue Time            -                  -                      -            -            -            -            -            -
Worker Handle Time           -                  -                      -            -            -            -            -            -
Total                        -                  -                      -            -            -            -            -            -
Running experiment for throughput = 130000 req/s:
['/dev/shm/agent_shinjuku', '--firstcpu', '11', '--globalcpu', '11', '--ncpus', '7', '--preemption_time_slice', '65us']
['/dev/shm/rocksdb', '--print_format', 'pretty', '--noprint_distribution', '', '--noprint_ns', '', '--print_get', '', '--print_range', '', '--rocksdb_db_path', '/dev/shm/orch_db', '--throughput', '20000', '--range_query_ratio', '0.08', '--load_generator_cpus', '10', '--cfs_dispatcher_cpus', '11', '--num_workers', '200', '--worker_cpus', '', '--cfs_wait_type', 'spin', '--ghost_wait_type', 'prio_table', '--get_duration', '10us', '--range_duration', '5000us', '--get_exponential_mean', '0us', '--batch', '1', '--experiment_duration', '15s', '--discard_duration', '2s', '--scheduler', 'ghost', '--ghost_qos', '2', '--throughput', '130000']
RocksDB Stats:
Get:
Stage                        Total Requests     Throughput (req/s)     Min (us)     50% (us)     99% (us)     99.5% (us)   99.9% (us)   Max (us)
----------------------------------------------------------------------------------------------------------------------------------------------------
Ingress Queue Time           -                  -                      -            -            -            -            -            -
Repeatable Handle Time       -                  -                      -            -            -            -            -            -
Worker Queue Time            -                  -                      -            -            -            -            -            -
Worker Handle Time           -                  -                      -            -            -            -            -            -
Total                        -                  -                      -            -            -            -            -            -
Range:
Stage                        Total Requests     Throughput (req/s)     Min (us)     50% (us)     99% (us)     99.5% (us)   99.9% (us)   Max (us)
----------------------------------------------------------------------------------------------------------------------------------------------------
Ingress Queue Time           -                  -                      -            -            -            -            -            -
Repeatable Handle Time       -                  -                      -            -            -            -            -            -
Worker Queue Time            -                  -                      -            -            -            -            -            -
Worker Handle Time           -                  -                      -            -            -            -            -            -
Total                        -                  -                      -            -            -            -            -            -
All:
Stage                        Total Requests     Throughput (req/s)     Min (us)     50% (us)     99% (us)     99.5% (us)   99.9% (us)   Max (us)
----------------------------------------------------------------------------------------------------------------------------------------------------
Ingress Queue Time           -                  -                      -            -            -            -            -            -
Repeatable Handle Time       -                  -                      -            -            -            -            -            -
Worker Queue Time            -                  -                      -            -            -            -            -            -
Worker Handle Time           -                  -                      -            -            -            -            -            -
Total                        -                  -                      -            -            -            -            -            -
Running experiment for throughput = 140000 req/s:
['/dev/shm/agent_shinjuku', '--firstcpu', '11', '--globalcpu', '11', '--ncpus', '7', '--preemption_time_slice', '65us']
['/dev/shm/rocksdb', '--print_format', 'pretty', '--noprint_distribution', '', '--noprint_ns', '', '--print_get', '', '--print_range', '', '--rocksdb_db_path', '/dev/shm/orch_db', '--throughput', '20000', '--range_query_ratio', '0.08', '--load_generator_cpus', '10', '--cfs_dispatcher_cpus', '11', '--num_workers', '200', '--worker_cpus', '', '--cfs_wait_type', 'spin', '--ghost_wait_type', 'prio_table', '--get_duration', '10us', '--range_duration', '5000us', '--get_exponential_mean', '0us', '--batch', '1', '--experiment_duration', '15s', '--discard_duration', '2s', '--scheduler', 'ghost', '--ghost_qos', '2', '--throughput', '140000']
RocksDB Stats:
Get:
Stage                        Total Requests     Throughput (req/s)     Min (us)     50% (us)     99% (us)     99.5% (us)   99.9% (us)   Max (us)
----------------------------------------------------------------------------------------------------------------------------------------------------
Ingress Queue Time           -                  -                      -            -            -            -            -            -
Repeatable Handle Time       -                  -                      -            -            -            -            -            -
Worker Queue Time            -                  -                      -            -            -            -            -            -
Worker Handle Time           -                  -                      -            -            -            -            -            -
Total                        -                  -                      -            -            -            -            -            -
Range:
Stage                        Total Requests     Throughput (req/s)     Min (us)     50% (us)     99% (us)     99.5% (us)   99.9% (us)   Max (us)
----------------------------------------------------------------------------------------------------------------------------------------------------
Ingress Queue Time           -                  -                      -            -            -            -            -            -
Repeatable Handle Time       -                  -                      -            -            -            -            -            -
Worker Queue Time            -                  -                      -            -            -            -            -            -
Worker Handle Time           -                  -                      -            -            -            -            -            -
Total                        -                  -                      -            -            -            -            -            -
All:
Stage                        Total Requests     Throughput (req/s)     Min (us)     50% (us)     99% (us)     99.5% (us)   99.9% (us)   Max (us)
----------------------------------------------------------------------------------------------------------------------------------------------------
Ingress Queue Time           -                  -                      -            -            -            -            -            -
Repeatable Handle Time       -                  -                      -            -            -            -            -            -
Worker Queue Time            -                  -                      -            -            -            -            -            -
Worker Handle Time           -                  -                      -            -            -            -            -            -
Total                        -                  -                      -            -            -            -            -            -
Running experiment for throughput = 141000 req/s:
['/dev/shm/agent_shinjuku', '--firstcpu', '11', '--globalcpu', '11', '--ncpus', '7', '--preemption_time_slice', '65us']
['/dev/shm/rocksdb', '--print_format', 'pretty', '--noprint_distribution', '', '--noprint_ns', '', '--print_get', '', '--print_range', '', '--rocksdb_db_path', '/dev/shm/orch_db', '--throughput', '20000', '--range_query_ratio', '0.08', '--load_generator_cpus', '10', '--cfs_dispatcher_cpus', '11', '--num_workers', '200', '--worker_cpus', '', '--cfs_wait_type', 'spin', '--ghost_wait_type', 'prio_table', '--get_duration', '10us', '--range_duration', '5000us', '--get_exponential_mean', '0us', '--batch', '1', '--experiment_duration', '15s', '--discard_duration', '2s', '--scheduler', 'ghost', '--ghost_qos', '2', '--throughput', '141000']
RocksDB Stats:
Get:
Stage                        Total Requests     Throughput (req/s)     Min (us)     50% (us)     99% (us)     99.5% (us)   99.9% (us)   Max (us)
----------------------------------------------------------------------------------------------------------------------------------------------------
Ingress Queue Time           -                  -                      -            -            -            -            -            -
Repeatable Handle Time       -                  -                      -            -            -            -            -            -
Worker Queue Time            -                  -                      -            -            -            -            -            -
Worker Handle Time           -                  -                      -            -            -            -            -            -
Total                        -                  -                      -            -            -            -            -            -
Range:
Stage                        Total Requests     Throughput (req/s)     Min (us)     50% (us)     99% (us)     99.5% (us)   99.9% (us)   Max (us)
----------------------------------------------------------------------------------------------------------------------------------------------------
Ingress Queue Time           -                  -                      -            -            -            -            -            -
Repeatable Handle Time       -                  -                      -            -            -            -            -            -
Worker Queue Time            -                  -                      -            -            -            -            -            -
Worker Handle Time           -                  -                      -            -            -            -            -            -
Total                        -                  -                      -            -            -            -            -            -
All:
Stage                        Total Requests     Throughput (req/s)     Min (us)     50% (us)     99% (us)     99.5% (us)   99.9% (us)   Max (us)
----------------------------------------------------------------------------------------------------------------------------------------------------
Ingress Queue Time           -                  -                      -            -            -            -            -            -
Repeatable Handle Time       -                  -                      -            -            -            -            -            -
Worker Queue Time            -                  -                      -            -            -            -            -            -
Worker Handle Time           -                  -                      -            -            -            -            -            -
Total                        -                  -                      -            -            -            -            -            -
Running experiment for throughput = 142000 req/s:
['/dev/shm/agent_shinjuku', '--firstcpu', '11', '--globalcpu', '11', '--ncpus', '7', '--preemption_time_slice', '65us']
['/dev/shm/rocksdb', '--print_format', 'pretty', '--noprint_distribution', '', '--noprint_ns', '', '--print_get', '', '--print_range', '', '--rocksdb_db_path', '/dev/shm/orch_db', '--throughput', '20000', '--range_query_ratio', '0.08', '--load_generator_cpus', '10', '--cfs_dispatcher_cpus', '11', '--num_workers', '200', '--worker_cpus', '', '--cfs_wait_type', 'spin', '--ghost_wait_type', 'prio_table', '--get_duration', '10us', '--range_duration', '5000us', '--get_exponential_mean', '0us', '--batch', '1', '--experiment_duration', '15s', '--discard_duration', '2s', '--scheduler', 'ghost', '--ghost_qos', '2', '--throughput', '142000']
RocksDB Stats:
Get:
Stage                        Total Requests     Throughput (req/s)     Min (us)     50% (us)     99% (us)     99.5% (us)   99.9% (us)   Max (us)
----------------------------------------------------------------------------------------------------------------------------------------------------
Ingress Queue Time           -                  -                      -            -            -            -            -            -
Repeatable Handle Time       -                  -                      -            -            -            -            -            -
Worker Queue Time            -                  -                      -            -            -            -            -            -
Worker Handle Time           -                  -                      -            -            -            -            -            -
Total                        -                  -                      -            -            -            -            -            -
Range:
Stage                        Total Requests     Throughput (req/s)     Min (us)     50% (us)     99% (us)     99.5% (us)   99.9% (us)   Max (us)
----------------------------------------------------------------------------------------------------------------------------------------------------
Ingress Queue Time           -                  -                      -            -            -            -            -            -
Repeatable Handle Time       -                  -                      -            -            -            -            -            -
Worker Queue Time            -                  -                      -            -            -            -            -            -
Worker Handle Time           -                  -                      -            -            -            -            -            -
Total                        -                  -                      -            -            -            -            -            -
All:
Stage                        Total Requests     Throughput (req/s)     Min (us)     50% (us)     99% (us)     99.5% (us)   99.9% (us)   Max (us)
----------------------------------------------------------------------------------------------------------------------------------------------------
Ingress Queue Time           -                  -                      -            -            -            -            -            -
Repeatable Handle Time       -                  -                      -            -            -            -            -            -
Worker Queue Time            -                  -                      -            -            -            -            -            -
Worker Handle Time           -                  -                      -            -            -            -            -            -
Total                        -                  -                      -            -            -            -            -            -
Running experiment for throughput = 143000 req/s:
['/dev/shm/agent_shinjuku', '--firstcpu', '11', '--globalcpu', '11', '--ncpus', '7', '--preemption_time_slice', '65us']
['/dev/shm/rocksdb', '--print_format', 'pretty', '--noprint_distribution', '', '--noprint_ns', '', '--print_get', '', '--print_range', '', '--rocksdb_db_path', '/dev/shm/orch_db', '--throughput', '20000', '--range_query_ratio', '0.08', '--load_generator_cpus', '10', '--cfs_dispatcher_cpus', '11', '--num_workers', '200', '--worker_cpus', '', '--cfs_wait_type', 'spin', '--ghost_wait_type', 'prio_table', '--get_duration', '10us', '--range_duration', '5000us', '--get_exponential_mean', '0us', '--batch', '1', '--experiment_duration', '15s', '--discard_duration', '2s', '--scheduler', 'ghost', '--ghost_qos', '2', '--throughput', '143000']
RocksDB Stats:
Get:
Stage                        Total Requests     Throughput (req/s)     Min (us)     50% (us)     99% (us)     99.5% (us)   99.9% (us)   Max (us)
----------------------------------------------------------------------------------------------------------------------------------------------------
Ingress Queue Time           -                  -                      -            -            -            -            -            -
Repeatable Handle Time       -                  -                      -            -            -            -            -            -
Worker Queue Time            -                  -                      -            -            -            -            -            -
Worker Handle Time           -                  -                      -            -            -            -            -            -
Total                        -                  -                      -            -            -            -            -            -
Range:
Stage                        Total Requests     Throughput (req/s)     Min (us)     50% (us)     99% (us)     99.5% (us)   99.9% (us)   Max (us)
----------------------------------------------------------------------------------------------------------------------------------------------------
Ingress Queue Time           -                  -                      -            -            -            -            -            -
Repeatable Handle Time       -                  -                      -            -            -            -            -            -
Worker Queue Time            -                  -                      -            -            -            -            -            -
Worker Handle Time           -                  -                      -            -            -            -            -            -
Total                        -                  -                      -            -            -            -            -            -
All:
Stage                        Total Requests     Throughput (req/s)     Min (us)     50% (us)     99% (us)     99.5% (us)   99.9% (us)   Max (us)
----------------------------------------------------------------------------------------------------------------------------------------------------
Ingress Queue Time           -                  -                      -            -            -            -            -            -
Repeatable Handle Time       -                  -                      -            -            -            -            -            -
Worker Queue Time            -                  -                      -            -            -            -            -            -
Worker Handle Time           -                  -                      -            -            -            -            -            -
Total                        -                  -                      -            -            -            -            -            -
Running experiment for throughput = 144000 req/s:
['/dev/shm/agent_shinjuku', '--firstcpu', '11', '--globalcpu', '11', '--ncpus', '7', '--preemption_time_slice', '65us']
['/dev/shm/rocksdb', '--print_format', 'pretty', '--noprint_distribution', '', '--noprint_ns', '', '--print_get', '', '--print_range', '', '--rocksdb_db_path', '/dev/shm/orch_db', '--throughput', '20000', '--range_query_ratio', '0.08', '--load_generator_cpus', '10', '--cfs_dispatcher_cpus', '11', '--num_workers', '200', '--worker_cpus', '', '--cfs_wait_type', 'spin', '--ghost_wait_type', 'prio_table', '--get_duration', '10us', '--range_duration', '5000us', '--get_exponential_mean', '0us', '--batch', '1', '--experiment_duration', '15s', '--discard_duration', '2s', '--scheduler', 'ghost', '--ghost_qos', '2', '--throughput', '144000']
RocksDB Stats:
Get:
Stage                        Total Requests     Throughput (req/s)     Min (us)     50% (us)     99% (us)     99.5% (us)   99.9% (us)   Max (us)
----------------------------------------------------------------------------------------------------------------------------------------------------
Ingress Queue Time           -                  -                      -            -            -            -            -            -
Repeatable Handle Time       -                  -                      -            -            -            -            -            -
Worker Queue Time            -                  -                      -            -            -            -            -            -
Worker Handle Time           -                  -                      -            -            -            -            -            -
Total                        -                  -                      -            -            -            -            -            -
Range:
Stage                        Total Requests     Throughput (req/s)     Min (us)     50% (us)     99% (us)     99.5% (us)   99.9% (us)   Max (us)
----------------------------------------------------------------------------------------------------------------------------------------------------
Ingress Queue Time           -                  -                      -            -            -            -            -            -
Repeatable Handle Time       -                  -                      -            -            -            -            -            -
Worker Queue Time            -                  -                      -            -            -            -            -            -
Worker Handle Time           -                  -                      -            -            -            -            -            -
Total                        -                  -                      -            -            -            -            -            -
All:
Stage                        Total Requests     Throughput (req/s)     Min (us)     50% (us)     99% (us)     99.5% (us)   99.9% (us)   Max (us)
----------------------------------------------------------------------------------------------------------------------------------------------------
Ingress Queue Time           -                  -                      -            -            -            -            -            -
Repeatable Handle Time       -                  -                      -            -            -            -            -            -
Worker Queue Time            -                  -                      -            -            -            -            -            -
Worker Handle Time           -                  -                      -            -            -            -            -            -
Total                        -                  -                      -            -            -            -            -            -
Running experiment for throughput = 145000 req/s:
['/dev/shm/agent_shinjuku', '--firstcpu', '11', '--globalcpu', '11', '--ncpus', '7', '--preemption_time_slice', '65us']
['/dev/shm/rocksdb', '--print_format', 'pretty', '--noprint_distribution', '', '--noprint_ns', '', '--print_get', '', '--print_range', '', '--rocksdb_db_path', '/dev/shm/orch_db', '--throughput', '20000', '--range_query_ratio', '0.08', '--load_generator_cpus', '10', '--cfs_dispatcher_cpus', '11', '--num_workers', '200', '--worker_cpus', '', '--cfs_wait_type', 'spin', '--ghost_wait_type', 'prio_table', '--get_duration', '10us', '--range_duration', '5000us', '--get_exponential_mean', '0us', '--batch', '1', '--experiment_duration', '15s', '--discard_duration', '2s', '--scheduler', 'ghost', '--ghost_qos', '2', '--throughput', '145000']
RocksDB Stats:
Get:
Stage                        Total Requests     Throughput (req/s)     Min (us)     50% (us)     99% (us)     99.5% (us)   99.9% (us)   Max (us)
----------------------------------------------------------------------------------------------------------------------------------------------------
Ingress Queue Time           -                  -                      -            -            -            -            -            -
Repeatable Handle Time       -                  -                      -            -            -            -            -            -
Worker Queue Time            -                  -                      -            -            -            -            -            -
Worker Handle Time           -                  -                      -            -            -            -            -            -
Total                        -                  -                      -            -            -            -            -            -
Range:
Stage                        Total Requests     Throughput (req/s)     Min (us)     50% (us)     99% (us)     99.5% (us)   99.9% (us)   Max (us)
----------------------------------------------------------------------------------------------------------------------------------------------------
Ingress Queue Time           -                  -                      -            -            -            -            -            -
Repeatable Handle Time       -                  -                      -            -            -            -            -            -
Worker Queue Time            -                  -                      -            -            -            -            -            -
Worker Handle Time           -                  -                      -            -            -            -            -            -
Total                        -                  -                      -            -            -            -            -            -
All:
Stage                        Total Requests     Throughput (req/s)     Min (us)     50% (us)     99% (us)     99.5% (us)   99.9% (us)   Max (us)
----------------------------------------------------------------------------------------------------------------------------------------------------
Ingress Queue Time           -                  -                      -            -            -            -            -            -
Repeatable Handle Time       -                  -                      -            -            -            -            -            -
Worker Queue Time            -                  -                      -            -            -            -            -            -
Worker Handle Time           -                  -                      -            -            -            -            -            -
Total                        -                  -                      -            -            -            -            -            -
Running experiment for throughput = 146000 req/s:
['/dev/shm/agent_shinjuku', '--firstcpu', '11', '--globalcpu', '11', '--ncpus', '7', '--preemption_time_slice', '65us']
['/dev/shm/rocksdb', '--print_format', 'pretty', '--noprint_distribution', '', '--noprint_ns', '', '--print_get', '', '--print_range', '', '--rocksdb_db_path', '/dev/shm/orch_db', '--throughput', '20000', '--range_query_ratio', '0.08', '--load_generator_cpus', '10', '--cfs_dispatcher_cpus', '11', '--num_workers', '200', '--worker_cpus', '', '--cfs_wait_type', 'spin', '--ghost_wait_type', 'prio_table', '--get_duration', '10us', '--range_duration', '5000us', '--get_exponential_mean', '0us', '--batch', '1', '--experiment_duration', '15s', '--discard_duration', '2s', '--scheduler', 'ghost', '--ghost_qos', '2', '--throughput', '146000']
RocksDB Stats:
Get:
Stage                        Total Requests     Throughput (req/s)     Min (us)     50% (us)     99% (us)     99.5% (us)   99.9% (us)   Max (us)
----------------------------------------------------------------------------------------------------------------------------------------------------
Ingress Queue Time           -                  -                      -            -            -            -            -            -
Repeatable Handle Time       -                  -                      -            -            -            -            -            -
Worker Queue Time            -                  -                      -            -            -            -            -            -
Worker Handle Time           -                  -                      -            -            -            -            -            -
Total                        -                  -                      -            -            -            -            -            -
Range:
Stage                        Total Requests     Throughput (req/s)     Min (us)     50% (us)     99% (us)     99.5% (us)   99.9% (us)   Max (us)
----------------------------------------------------------------------------------------------------------------------------------------------------
Ingress Queue Time           -                  -                      -            -            -            -            -            -
Repeatable Handle Time       -                  -                      -            -            -            -            -            -
Worker Queue Time            -                  -                      -            -            -            -            -            -
Worker Handle Time           -                  -                      -            -            -            -            -            -
Total                        -                  -                      -            -            -            -            -            -
All:
Stage                        Total Requests     Throughput (req/s)     Min (us)     50% (us)     99% (us)     99.5% (us)   99.9% (us)   Max (us)
----------------------------------------------------------------------------------------------------------------------------------------------------
Ingress Queue Time           -                  -                      -            -            -            -            -            -
Repeatable Handle Time       -                  -                      -            -            -            -            -            -
Worker Queue Time            -                  -                      -            -            -            -            -            -
Worker Handle Time           -                  -                      -            -            -            -            -            -
Total                        -                  -                      -            -            -            -            -            -
Running experiment for throughput = 147000 req/s:
['/dev/shm/agent_shinjuku', '--firstcpu', '11', '--globalcpu', '11', '--ncpus', '7', '--preemption_time_slice', '65us']
['/dev/shm/rocksdb', '--print_format', 'pretty', '--noprint_distribution', '', '--noprint_ns', '', '--print_get', '', '--print_range', '', '--rocksdb_db_path', '/dev/shm/orch_db', '--throughput', '20000', '--range_query_ratio', '0.08', '--load_generator_cpus', '10', '--cfs_dispatcher_cpus', '11', '--num_workers', '200', '--worker_cpus', '', '--cfs_wait_type', 'spin', '--ghost_wait_type', 'prio_table', '--get_duration', '10us', '--range_duration', '5000us', '--get_exponential_mean', '0us', '--batch', '1', '--experiment_duration', '15s', '--discard_duration', '2s', '--scheduler', 'ghost', '--ghost_qos', '2', '--throughput', '147000']
RocksDB Stats:
Get:
Stage                        Total Requests     Throughput (req/s)     Min (us)     50% (us)     99% (us)     99.5% (us)   99.9% (us)   Max (us)
----------------------------------------------------------------------------------------------------------------------------------------------------
Ingress Queue Time           -                  -                      -            -            -            -            -            -
Repeatable Handle Time       -                  -                      -            -            -            -            -            -
Worker Queue Time            -                  -                      -            -            -            -            -            -
Worker Handle Time           -                  -                      -            -            -            -            -            -
Total                        -                  -                      -            -            -            -            -            -
Range:
Stage                        Total Requests     Throughput (req/s)     Min (us)     50% (us)     99% (us)     99.5% (us)   99.9% (us)   Max (us)
----------------------------------------------------------------------------------------------------------------------------------------------------
Ingress Queue Time           -                  -                      -            -            -            -            -            -
Repeatable Handle Time       -                  -                      -            -            -            -            -            -
Worker Queue Time            -                  -                      -            -            -            -            -            -
Worker Handle Time           -                  -                      -            -            -            -            -            -
Total                        -                  -                      -            -            -            -            -            -
All:
Stage                        Total Requests     Throughput (req/s)     Min (us)     50% (us)     99% (us)     99.5% (us)   99.9% (us)   Max (us)
----------------------------------------------------------------------------------------------------------------------------------------------------
Ingress Queue Time           -                  -                      -            -            -            -            -            -
Repeatable Handle Time       -                  -                      -            -            -            -            -            -
Worker Queue Time            -                  -                      -            -            -            -            -            -
Worker Handle Time           -                  -                      -            -            -            -            -            -
Total                        -                  -                      -            -            -            -            -            -
Running experiment for throughput = 148000 req/s:
['/dev/shm/agent_shinjuku', '--firstcpu', '11', '--globalcpu', '11', '--ncpus', '7', '--preemption_time_slice', '65us']
['/dev/shm/rocksdb', '--print_format', 'pretty', '--noprint_distribution', '', '--noprint_ns', '', '--print_get', '', '--print_range', '', '--rocksdb_db_path', '/dev/shm/orch_db', '--throughput', '20000', '--range_query_ratio', '0.08', '--load_generator_cpus', '10', '--cfs_dispatcher_cpus', '11', '--num_workers', '200', '--worker_cpus', '', '--cfs_wait_type', 'spin', '--ghost_wait_type', 'prio_table', '--get_duration', '10us', '--range_duration', '5000us', '--get_exponential_mean', '0us', '--batch', '1', '--experiment_duration', '15s', '--discard_duration', '2s', '--scheduler', 'ghost', '--ghost_qos', '2', '--throughput', '148000']
RocksDB Stats:
Get:
Stage                        Total Requests     Throughput (req/s)     Min (us)     50% (us)     99% (us)     99.5% (us)   99.9% (us)   Max (us)
----------------------------------------------------------------------------------------------------------------------------------------------------
Ingress Queue Time           -                  -                      -            -            -            -            -            -
Repeatable Handle Time       -                  -                      -            -            -            -            -            -
Worker Queue Time            -                  -                      -            -            -            -            -            -
Worker Handle Time           -                  -                      -            -            -            -            -            -
Total                        -                  -                      -            -            -            -            -            -
Range:
Stage                        Total Requests     Throughput (req/s)     Min (us)     50% (us)     99% (us)     99.5% (us)   99.9% (us)   Max (us)
----------------------------------------------------------------------------------------------------------------------------------------------------
Ingress Queue Time           -                  -                      -            -            -            -            -            -
Repeatable Handle Time       -                  -                      -            -            -            -            -            -
Worker Queue Time            -                  -                      -            -            -            -            -            -
Worker Handle Time           -                  -                      -            -            -            -            -            -
Total                        -                  -                      -            -            -            -            -            -
All:
Stage                        Total Requests     Throughput (req/s)     Min (us)     50% (us)     99% (us)     99.5% (us)   99.9% (us)   Max (us)
----------------------------------------------------------------------------------------------------------------------------------------------------
Ingress Queue Time           -                  -                      -            -            -            -            -            -
Repeatable Handle Time       -                  -                      -            -            -            -            -            -
Worker Queue Time            -                  -                      -            -            -            -            -            -
Worker Handle Time           -                  -                      -            -            -            -            -            -
Total                        -                  -                      -            -            -            -            -            -
Running experiment for throughput = 149000 req/s:
['/dev/shm/agent_shinjuku', '--firstcpu', '11', '--globalcpu', '11', '--ncpus', '7', '--preemption_time_slice', '65us']
['/dev/shm/rocksdb', '--print_format', 'pretty', '--noprint_distribution', '', '--noprint_ns', '', '--print_get', '', '--print_range', '', '--rocksdb_db_path', '/dev/shm/orch_db', '--throughput', '20000', '--range_query_ratio', '0.08', '--load_generator_cpus', '10', '--cfs_dispatcher_cpus', '11', '--num_workers', '200', '--worker_cpus', '', '--cfs_wait_type', 'spin', '--ghost_wait_type', 'prio_table', '--get_duration', '10us', '--range_duration', '5000us', '--get_exponential_mean', '0us', '--batch', '1', '--experiment_duration', '15s', '--discard_duration', '2s', '--scheduler', 'ghost', '--ghost_qos', '2', '--throughput', '149000']
RocksDB Stats:
Get:
Stage                        Total Requests     Throughput (req/s)     Min (us)     50% (us)     99% (us)     99.5% (us)   99.9% (us)   Max (us)
----------------------------------------------------------------------------------------------------------------------------------------------------
Ingress Queue Time           -                  -                      -            -            -            -            -            -
Repeatable Handle Time       -                  -                      -            -            -            -            -            -
Worker Queue Time            -                  -                      -            -            -            -            -            -
Worker Handle Time           -                  -                      -            -            -            -            -            -
Total                        -                  -                      -            -            -            -            -            -
Range:
Stage                        Total Requests     Throughput (req/s)     Min (us)     50% (us)     99% (us)     99.5% (us)   99.9% (us)   Max (us)
----------------------------------------------------------------------------------------------------------------------------------------------------
Ingress Queue Time           -                  -                      -            -            -            -            -            -
Repeatable Handle Time       -                  -                      -            -            -            -            -            -
Worker Queue Time            -                  -                      -            -            -            -            -            -
Worker Handle Time           -                  -                      -            -            -            -            -            -
Total                        -                  -                      -            -            -            -            -            -
All:
Stage                        Total Requests     Throughput (req/s)     Min (us)     50% (us)     99% (us)     99.5% (us)   99.9% (us)   Max (us)
----------------------------------------------------------------------------------------------------------------------------------------------------
Ingress Queue Time           -                  -                      -            -            -            -            -            -
Repeatable Handle Time       -                  -                      -            -            -            -            -            -
Worker Queue Time            -                  -                      -            -            -            -            -            -
Worker Handle Time           -                  -                      -            -            -            -            -            -
Total                        -                  -                      -            -            -            -            -            -
Running experiment for throughput = 150000 req/s:
['/dev/shm/agent_shinjuku', '--firstcpu', '11', '--globalcpu', '11', '--ncpus', '7', '--preemption_time_slice', '65us']
['/dev/shm/rocksdb', '--print_format', 'pretty', '--noprint_distribution', '', '--noprint_ns', '', '--print_get', '', '--print_range', '', '--rocksdb_db_path', '/dev/shm/orch_db', '--throughput', '20000', '--range_query_ratio', '0.08', '--load_generator_cpus', '10', '--cfs_dispatcher_cpus', '11', '--num_workers', '200', '--worker_cpus', '', '--cfs_wait_type', 'spin', '--ghost_wait_type', 'prio_table', '--get_duration', '10us', '--range_duration', '5000us', '--get_exponential_mean', '0us', '--batch', '1', '--experiment_duration', '15s', '--discard_duration', '2s', '--scheduler', 'ghost', '--ghost_qos', '2', '--throughput', '150000']
RocksDB Stats:
Get:
Stage                        Total Requests     Throughput (req/s)     Min (us)     50% (us)     99% (us)     99.5% (us)   99.9% (us)   Max (us)
----------------------------------------------------------------------------------------------------------------------------------------------------
Ingress Queue Time           -                  -                      -            -            -            -            -            -
Repeatable Handle Time       -                  -                      -            -            -            -            -            -
Worker Queue Time            -                  -                      -            -            -            -            -            -
Worker Handle Time           -                  -                      -            -            -            -            -            -
Total                        -                  -                      -            -            -            -            -            -
Range:
Stage                        Total Requests     Throughput (req/s)     Min (us)     50% (us)     99% (us)     99.5% (us)   99.9% (us)   Max (us)
----------------------------------------------------------------------------------------------------------------------------------------------------
Ingress Queue Time           -                  -                      -            -            -            -            -            -
Repeatable Handle Time       -                  -                      -            -            -            -            -            -
Worker Queue Time            -                  -                      -            -            -            -            -            -
Worker Handle Time           -                  -                      -            -            -            -            -            -
Total                        -                  -                      -            -            -            -            -            -
All:
Stage                        Total Requests     Throughput (req/s)     Min (us)     50% (us)     99% (us)     99.5% (us)   99.9% (us)   Max (us)
----------------------------------------------------------------------------------------------------------------------------------------------------
Ingress Queue Time           -                  -                      -            -            -            -            -            -
Repeatable Handle Time       -                  -                      -            -            -            -            -            -
Worker Queue Time            -                  -                      -            -            -            -            -            -
Worker Handle Time           -                  -                      -            -            -            -            -            -
Total                        -                  -                      -            -            -            -            -            -
